#
# There is insufficient memory for the Java Runtime Environment to continue.
# Native memory allocation (malloc) failed to allocate 32744 bytes for ChunkPool::allocate
# Possible reasons:
#   The system is out of physical RAM or swap space
#   The process is running with CompressedOops enabled, and the Java Heap may be blocking the growth of the native heap
# Possible solutions:
#   Reduce memory load on the system
#   Increase physical memory or swap space
#   Check if swap backing store is full
#   Decrease Java heap size (-Xmx/-Xms)
#   Decrease number of Java threads
#   Decrease Java thread stack sizes (-Xss)
#   Set larger code cache with -XX:ReservedCodeCacheSize=
#   JVM is running with Zero Based Compressed Oops mode in which the Java heap is
#     placed in the first 32GB address space. The Java Heap base address is the
#     maximum limit for the native heap growth. Please use -XX:HeapBaseMinAddress
#     to set the Java Heap base and to place the Java Heap above 32GB virtual address.
# This output file may be truncated or incomplete.
#
#  Out of Memory Error (arena.cpp:79), pid=37856, tid=36640
#
# JRE version: OpenJDK Runtime Environment Corretto-17.0.10.7.1 (17.0.10+7) (build 17.0.10+7-LTS)
# Java VM: OpenJDK 64-Bit Server VM Corretto-17.0.10.7.1 (17.0.10+7-LTS, mixed mode, sharing, tiered, compressed oops, compressed class ptrs, g1 gc, windows-amd64)
# No core dump will be written. Minidumps are not enabled by default on client versions of Windows
#

---------------  S U M M A R Y ------------

Command Line: -javaagent:C:\Program Files\JetBrains\IntelliJ IDEA Community Edition 2024.1.1\lib\idea_rt.jar=58046:C:\Program Files\JetBrains\IntelliJ IDEA Community Edition 2024.1.1\bin -Dfile.encoding=UTF-8 com.productInformation.productInformation.ProductInformationApplication

Host: 11th Gen Intel(R) Core(TM) i5-1135G7 @ 2.40GHz, 8 cores, 11G,  Windows 11 , 64 bit Build 22621 (10.0.22621.3374)
Time: Fri May 24 12:48:35 2024 India Standard Time elapsed time: 95.907907 seconds (0d 0h 1m 35s)

---------------  T H R E A D  ---------------

Current thread (0x000002237d9976c0):  JavaThread "C2 CompilerThread0" daemon [_thread_in_native, id=36640, stack(0x0000005b9f000000,0x0000005b9f100000)]


Current CompileTask:
C2:  95908 7202       4       org.springframework.core.ResolvableType::equals (143 bytes)

Stack: [0x0000005b9f000000,0x0000005b9f100000]
Native frames: (J=compiled Java code, j=interpreted, Vv=VM code, C=native code)
V  [jvm.dll+0x67d2c9]
V  [jvm.dll+0x834b1a]
V  [jvm.dll+0x8365de]
V  [jvm.dll+0x836c43]
V  [jvm.dll+0x2477ff]
V  [jvm.dll+0xac711]
V  [jvm.dll+0xacb5c]
V  [jvm.dll+0x36c3d0]
V  [jvm.dll+0x36b921]
V  [jvm.dll+0x36b964]
V  [jvm.dll+0x5661a1]
V  [jvm.dll+0x566973]
V  [jvm.dll+0x330c29]
V  [jvm.dll+0x33009a]
V  [jvm.dll+0x219ef1]
V  [jvm.dll+0x219311]
V  [jvm.dll+0x1a502d]
V  [jvm.dll+0x2290de]
V  [jvm.dll+0x2272ac]
V  [jvm.dll+0x7e9bd7]
V  [jvm.dll+0x7e3fda]
V  [jvm.dll+0x67c1b5]
C  [ucrtbase.dll+0x29333]
C  [KERNEL32.DLL+0x1257d]
C  [ntdll.dll+0x5aa48]


---------------  P R O C E S S  ---------------

Threads class SMR info:
_java_thread_list=0x00000223462ff090, length=34, elements={
0x000002237d979db0, 0x000002237d97b110, 0x000002237d98dc80, 0x000002237d98e640,
0x000002237d9917b0, 0x000002237d996180, 0x000002237d9976c0, 0x000002237d9a6530,
0x000002237dab8810, 0x000002237db9add0, 0x000002237db9d140, 0x000002237db99ea0,
0x0000022346938530, 0x0000022346934870, 0x000002237f4859d0, 0x000002237f774b60,
0x0000022346938020, 0x0000022346935290, 0x0000022346935cb0, 0x00000223469366d0,
0x0000022346938f50, 0x0000022346939970, 0x0000022346937b10, 0x0000022346939e80,
0x0000022346934360, 0x000002234693a390, 0x0000022346936be0, 0x00000223469370f0,
0x000002234693a8a0, 0x000002234693adb0, 0x000002234693bce0, 0x000002237db9b7f0,
0x000002237db9a3b0, 0x000002237db9bd00
}

Java Threads: ( => current thread )
  0x000002237d979db0 JavaThread "Reference Handler" daemon [_thread_blocked, id=15732, stack(0x0000005b9ea00000,0x0000005b9eb00000)]
  0x000002237d97b110 JavaThread "Finalizer" daemon [_thread_blocked, id=7480, stack(0x0000005b9eb00000,0x0000005b9ec00000)]
  0x000002237d98dc80 JavaThread "Signal Dispatcher" daemon [_thread_blocked, id=23388, stack(0x0000005b9ec00000,0x0000005b9ed00000)]
  0x000002237d98e640 JavaThread "Attach Listener" daemon [_thread_blocked, id=7268, stack(0x0000005b9ed00000,0x0000005b9ee00000)]
  0x000002237d9917b0 JavaThread "Service Thread" daemon [_thread_blocked, id=19900, stack(0x0000005b9ee00000,0x0000005b9ef00000)]
  0x000002237d996180 JavaThread "Monitor Deflation Thread" daemon [_thread_blocked, id=12352, stack(0x0000005b9ef00000,0x0000005b9f000000)]
=>0x000002237d9976c0 JavaThread "C2 CompilerThread0" daemon [_thread_in_native, id=36640, stack(0x0000005b9f000000,0x0000005b9f100000)]
  0x000002237d9a6530 JavaThread "C1 CompilerThread0" daemon [_thread_blocked, id=19724, stack(0x0000005b9f100000,0x0000005b9f200000)]
  0x000002237dab8810 JavaThread "Sweeper thread" daemon [_thread_blocked, id=22028, stack(0x0000005b9f200000,0x0000005b9f300000)]
  0x000002237db9add0 JavaThread "Common-Cleaner" daemon [_thread_blocked, id=35868, stack(0x0000005b9f300000,0x0000005b9f400000)]
  0x000002237db9d140 JavaThread "Monitor Ctrl-Break" daemon [_thread_in_native, id=19840, stack(0x0000005b9f500000,0x0000005b9f600000)]
  0x000002237db99ea0 JavaThread "Notification Thread" daemon [_thread_blocked, id=18144, stack(0x0000005b9f600000,0x0000005b9f700000)]
  0x0000022346938530 JavaThread "mysql-cj-abandoned-connection-cleanup" daemon [_thread_blocked, id=29872, stack(0x0000005ba1000000,0x0000005ba1100000)]
  0x0000022346934870 JavaThread "DestroyJavaVM" [_thread_blocked, id=30404, stack(0x0000005b9e300000,0x0000005b9e400000)]
  0x000002237f4859d0 JavaThread "C2 CompilerThread1" daemon [_thread_in_native, id=31924, stack(0x0000005b9e100000,0x0000005b9e200000)]
  0x000002237f774b60 JavaThread "C2 CompilerThread2" daemon [_thread_in_native, id=30896, stack(0x0000005b9f900000,0x0000005b9fa00000)]
  0x0000022346938020 JavaThread "Catalina-utility-1" [_thread_blocked, id=9640, stack(0x0000005b9fa00000,0x0000005b9fb00000)]
  0x0000022346935290 JavaThread "http-nio-9099-exec-1" daemon [_thread_blocked, id=31816, stack(0x0000005ba0300000,0x0000005ba0400000)]
  0x0000022346935cb0 JavaThread "http-nio-9099-exec-2" daemon [_thread_blocked, id=34240, stack(0x0000005ba0400000,0x0000005ba0500000)]
  0x00000223469366d0 JavaThread "http-nio-9099-exec-3" daemon [_thread_blocked, id=17380, stack(0x0000005ba0500000,0x0000005ba0600000)]
  0x0000022346938f50 JavaThread "http-nio-9099-exec-4" daemon [_thread_blocked, id=31208, stack(0x0000005ba0600000,0x0000005ba0700000)]
  0x0000022346939970 JavaThread "http-nio-9099-exec-5" daemon [_thread_blocked, id=35880, stack(0x0000005ba0700000,0x0000005ba0800000)]
  0x0000022346937b10 JavaThread "http-nio-9099-exec-6" daemon [_thread_blocked, id=31256, stack(0x0000005ba0800000,0x0000005ba0900000)]
  0x0000022346939e80 JavaThread "http-nio-9099-exec-7" daemon [_thread_blocked, id=13704, stack(0x0000005ba0900000,0x0000005ba0a00000)]
  0x0000022346934360 JavaThread "http-nio-9099-exec-8" daemon [_thread_blocked, id=32212, stack(0x0000005ba0a00000,0x0000005ba0b00000)]
  0x000002234693a390 JavaThread "http-nio-9099-exec-9" daemon [_thread_blocked, id=11460, stack(0x0000005ba0b00000,0x0000005ba0c00000)]
  0x0000022346936be0 JavaThread "http-nio-9099-exec-10" daemon [_thread_blocked, id=2216, stack(0x0000005ba0c00000,0x0000005ba0d00000)]
  0x00000223469370f0 JavaThread "Catalina-utility-2" [_thread_blocked, id=37352, stack(0x0000005ba0d00000,0x0000005ba0e00000)]
  0x000002234693a8a0 JavaThread "container-0" [_thread_blocked, id=27768, stack(0x0000005ba0e00000,0x0000005ba0f00000)]
  0x000002234693adb0 JavaThread "HikariPool-4 housekeeper" daemon [_thread_blocked, id=33156, stack(0x0000005ba0f00000,0x0000005ba1000000)]
  0x000002234693bce0 JavaThread "HikariPool-4 connection adder" daemon [_thread_in_vm, id=28296, stack(0x0000005ba1200000,0x0000005ba1300000)]
  0x000002237db9b7f0 JavaThread "File Watcher" daemon [_thread_blocked, id=28220, stack(0x0000005ba1300000,0x0000005ba1400000)]
  0x000002237db9a3b0 JavaThread "http-nio-9099-Poller" daemon [_thread_in_native, id=30312, stack(0x0000005ba1400000,0x0000005ba1500000)]
  0x000002237db9bd00 JavaThread "http-nio-9099-Acceptor" daemon [_thread_in_native, id=27168, stack(0x0000005ba1500000,0x0000005ba1600000)]

Other Threads:
  0x000002237d975b60 VMThread "VM Thread" [stack: 0x0000005b9e900000,0x0000005b9ea00000] [id=7240]
  0x000002237dfa00d0 WatcherThread [stack: 0x0000005b9f700000,0x0000005b9f800000] [id=36816]
  0x000002235d11f6e0 GCTaskThread "GC Thread#0" [stack: 0x0000005b9e400000,0x0000005b9e500000] [id=25500]
  0x000002237ef12af0 GCTaskThread "GC Thread#1" [stack: 0x0000005b9fb00000,0x0000005b9fc00000] [id=12124]
  0x000002237ef12db0 GCTaskThread "GC Thread#2" [stack: 0x0000005b9fc00000,0x0000005b9fd00000] [id=15040]
  0x000002237ef13070 GCTaskThread "GC Thread#3" [stack: 0x0000005b9fd00000,0x0000005b9fe00000] [id=30036]
  0x000002237e1124b0 GCTaskThread "GC Thread#4" [stack: 0x0000005b9fe00000,0x0000005b9ff00000] [id=26132]
  0x000002237e9e0020 GCTaskThread "GC Thread#5" [stack: 0x0000005b9ff00000,0x0000005ba0000000] [id=9292]
  0x000002237f077c60 GCTaskThread "GC Thread#6" [stack: 0x0000005ba0100000,0x0000005ba0200000] [id=34884]
  0x000002237ed11c10 GCTaskThread "GC Thread#7" [stack: 0x0000005ba0200000,0x0000005ba0300000] [id=24584]
  0x000002235d12c2c0 ConcurrentGCThread "G1 Main Marker" [stack: 0x0000005b9e500000,0x0000005b9e600000] [id=27944]
  0x000002235d12dcf0 ConcurrentGCThread "G1 Conc#0" [stack: 0x0000005b9e600000,0x0000005b9e700000] [id=9936]
  0x000002237f17d5a0 ConcurrentGCThread "G1 Conc#1" [stack: 0x0000005ba0000000,0x0000005ba0100000] [id=32080]
  0x000002235d15eaf0 ConcurrentGCThread "G1 Refine#0" [stack: 0x0000005b9e700000,0x0000005b9e800000] [id=35764]
  0x000002237d82e6a0 ConcurrentGCThread "G1 Service" [stack: 0x0000005b9e800000,0x0000005b9e900000] [id=11672]

Threads with active compile tasks:
C2 CompilerThread0    95927 7202       4       org.springframework.core.ResolvableType::equals (143 bytes)
C2 CompilerThread1    95927 7200       4       org.springframework.core.type.AnnotatedTypeMetadata::getAnnotationAttributes (40 bytes)
C2 CompilerThread2    95927 7269       4       org.springframework.boot.context.properties.source.SoftReferenceConfigurationPropertyCache::get (67 bytes)

VM state: not at safepoint (normal execution)

VM Mutex/Monitor currently owned by a thread: None

Heap address: 0x0000000743600000, size: 3018 MB, Compressed Oops mode: Zero based, Oop shift amount: 3

CDS archive(s) mapped at: [0x0000022300000000-0x0000022300bb0000-0x0000022300bb0000), size 12255232, SharedBaseAddress: 0x0000022300000000, ArchiveRelocationMode: 1.
Compressed class space mapped at: 0x0000022301000000-0x0000022341000000, reserved size: 1073741824
Narrow klass base: 0x0000022300000000, Narrow klass shift: 0, Narrow klass range: 0x100000000

GC Precious Log:
 CPUs: 8 total, 8 available
 Memory: 12067M
 Large Page Support: Disabled
 NUMA Support: Disabled
 Compressed Oops: Enabled (Zero based)
 Heap Region Size: 2M
 Heap Min Capacity: 8M
 Heap Initial Capacity: 190M
 Heap Max Capacity: 3018M
 Pre-touch: Disabled
 Parallel Workers: 8
 Concurrent Workers: 2
 Concurrent Refinement Workers: 8
 Periodic GC: Disabled

Heap:
 garbage-first heap   total 90112K, used 45199K [0x0000000743600000, 0x0000000800000000)
  region size 2048K, 12 young (24576K), 2 survivors (4096K)
 Metaspace       used 64619K, committed 65280K, reserved 1114112K
  class space    used 8598K, committed 8896K, reserved 1048576K

Heap Regions: E=young(eden), S=young(survivor), O=old, HS=humongous(starts), HC=humongous(continues), CS=collection set, F=free, OA=open archive, CA=closed archive, TAMS=top-at-mark-start (previous, next)
|   0|0x0000000743600000, 0x0000000743800000, 0x0000000743800000|100%| O|  |TAMS 0x0000000743800000, 0x0000000743600000| Untracked 
|   1|0x0000000743800000, 0x0000000743a00000, 0x0000000743a00000|100%| O|  |TAMS 0x0000000743a00000, 0x0000000743800000| Untracked 
|   2|0x0000000743a00000, 0x0000000743c00000, 0x0000000743c00000|100%| O|  |TAMS 0x0000000743c00000, 0x0000000743a00000| Untracked 
|   3|0x0000000743c00000, 0x0000000743dfff98, 0x0000000743e00000| 99%| O|  |TAMS 0x0000000743dfff98, 0x0000000743c00000| Untracked 
|   4|0x0000000743e00000, 0x0000000744000000, 0x0000000744000000|100%| O|  |TAMS 0x0000000744000000, 0x0000000743e00000| Untracked 
|   5|0x0000000744000000, 0x00000007441fffe8, 0x0000000744200000| 99%| O|  |TAMS 0x0000000744000000, 0x0000000744000000| Untracked 
|   6|0x0000000744200000, 0x00000007443fe260, 0x0000000744400000| 99%| O|  |TAMS 0x00000007443fe260, 0x0000000744200000| Untracked 
|   7|0x0000000744400000, 0x00000007445ff7f0, 0x0000000744600000| 99%| O|  |TAMS 0x00000007445ff7f0, 0x0000000744400000| Untracked 
|   8|0x0000000744600000, 0x0000000744800000, 0x0000000744800000|100%| O|  |TAMS 0x0000000744600000, 0x0000000744600000| Untracked 
|   9|0x0000000744800000, 0x00000007449ffff8, 0x0000000744a00000| 99%| O|  |TAMS 0x0000000744800000, 0x0000000744800000| Untracked 
|  10|0x0000000744a00000, 0x0000000744bd5738, 0x0000000744c00000| 91%| O|  |TAMS 0x0000000744a00000, 0x0000000744a00000| Untracked 
|  11|0x0000000744c00000, 0x0000000744c093f8, 0x0000000744e00000|  1%| O|  |TAMS 0x0000000744c00000, 0x0000000744c00000| Untracked 
|  12|0x0000000744e00000, 0x0000000744e00000, 0x0000000745000000|  0%| F|  |TAMS 0x0000000744e00000, 0x0000000744e00000| Untracked 
|  13|0x0000000745000000, 0x0000000745000000, 0x0000000745200000|  0%| F|  |TAMS 0x0000000745000000, 0x0000000745000000| Untracked 
|  14|0x0000000745200000, 0x0000000745200000, 0x0000000745400000|  0%| F|  |TAMS 0x0000000745200000, 0x0000000745200000| Untracked 
|  15|0x0000000745400000, 0x0000000745400000, 0x0000000745600000|  0%| F|  |TAMS 0x0000000745400000, 0x0000000745400000| Untracked 
|  16|0x0000000745600000, 0x0000000745600000, 0x0000000745800000|  0%| F|  |TAMS 0x0000000745600000, 0x0000000745600000| Untracked 
|  17|0x0000000745800000, 0x0000000745800000, 0x0000000745a00000|  0%| F|  |TAMS 0x0000000745800000, 0x0000000745800000| Untracked 
|  18|0x0000000745a00000, 0x0000000745a00000, 0x0000000745c00000|  0%| F|  |TAMS 0x0000000745a00000, 0x0000000745a00000| Untracked 
|  19|0x0000000745c00000, 0x0000000745c00000, 0x0000000745e00000|  0%| F|  |TAMS 0x0000000745c00000, 0x0000000745c00000| Untracked 
|  20|0x0000000745e00000, 0x0000000745f2f748, 0x0000000746000000| 59%| S|CS|TAMS 0x0000000745e00000, 0x0000000745e00000| Complete 
|  21|0x0000000746000000, 0x0000000746200000, 0x0000000746200000|100%| S|CS|TAMS 0x0000000746000000, 0x0000000746000000| Complete 
|  22|0x0000000746200000, 0x0000000746200000, 0x0000000746400000|  0%| F|  |TAMS 0x0000000746200000, 0x0000000746200000| Untracked 
|  23|0x0000000746400000, 0x00000007464eeed0, 0x0000000746600000| 46%| O|  |TAMS 0x0000000746400000, 0x0000000746400000| Untracked 
|  24|0x0000000746600000, 0x0000000746629238, 0x0000000746800000|  8%| O|  |TAMS 0x0000000746600000, 0x0000000746600000| Untracked 
|  25|0x0000000746800000, 0x0000000746800000, 0x0000000746a00000|  0%| F|  |TAMS 0x0000000746800000, 0x0000000746800000| Untracked 
|  26|0x0000000746a00000, 0x0000000746a00000, 0x0000000746c00000|  0%| F|  |TAMS 0x0000000746a00000, 0x0000000746a00000| Untracked 
|  27|0x0000000746c00000, 0x0000000746c00000, 0x0000000746e00000|  0%| F|  |TAMS 0x0000000746c00000, 0x0000000746c00000| Untracked 
|  28|0x0000000746e00000, 0x0000000746e00000, 0x0000000747000000|  0%| F|  |TAMS 0x0000000746e00000, 0x0000000746e00000| Untracked 
|  29|0x0000000747000000, 0x0000000747000000, 0x0000000747200000|  0%| F|  |TAMS 0x0000000747000000, 0x0000000747000000| Untracked 
|  30|0x0000000747200000, 0x0000000747200000, 0x0000000747400000|  0%| F|  |TAMS 0x0000000747200000, 0x0000000747200000| Untracked 
|  31|0x0000000747400000, 0x0000000747400000, 0x0000000747600000|  0%| F|  |TAMS 0x0000000747400000, 0x0000000747400000| Untracked 
|  32|0x0000000747600000, 0x0000000747600000, 0x0000000747800000|  0%| F|  |TAMS 0x0000000747600000, 0x0000000747600000| Untracked 
|  33|0x0000000747800000, 0x0000000747800000, 0x0000000747a00000|  0%| F|  |TAMS 0x0000000747800000, 0x0000000747800000| Untracked 
|  34|0x0000000747a00000, 0x0000000747b1ab48, 0x0000000747c00000| 55%| E|  |TAMS 0x0000000747a00000, 0x0000000747a00000| Complete 
|  35|0x0000000747c00000, 0x0000000747e00000, 0x0000000747e00000|100%| E|CS|TAMS 0x0000000747c00000, 0x0000000747c00000| Complete 
|  36|0x0000000747e00000, 0x0000000748000000, 0x0000000748000000|100%| E|CS|TAMS 0x0000000747e00000, 0x0000000747e00000| Complete 
|  37|0x0000000748000000, 0x0000000748200000, 0x0000000748200000|100%| E|CS|TAMS 0x0000000748000000, 0x0000000748000000| Complete 
|  38|0x0000000748200000, 0x0000000748400000, 0x0000000748400000|100%| E|CS|TAMS 0x0000000748200000, 0x0000000748200000| Complete 
|  39|0x0000000748400000, 0x0000000748600000, 0x0000000748600000|100%| E|CS|TAMS 0x0000000748400000, 0x0000000748400000| Complete 
|  40|0x0000000748600000, 0x0000000748800000, 0x0000000748800000|100%| E|CS|TAMS 0x0000000748600000, 0x0000000748600000| Complete 
|  41|0x0000000748800000, 0x0000000748a00000, 0x0000000748a00000|100%| E|CS|TAMS 0x0000000748800000, 0x0000000748800000| Complete 
|  42|0x0000000748a00000, 0x0000000748c00000, 0x0000000748c00000|100%| E|CS|TAMS 0x0000000748a00000, 0x0000000748a00000| Complete 
|  43|0x0000000748c00000, 0x0000000748e00000, 0x0000000748e00000|100%| E|CS|TAMS 0x0000000748c00000, 0x0000000748c00000| Complete 

Card table byte_map: [0x00000223744e0000,0x0000022374ad0000] _byte_map_base: 0x0000022370ac5000

Marking Bits (Prev, Next): (CMBitMap*) 0x000002235d11fd00, (CMBitMap*) 0x000002235d11fd40
 Prev Bits: [0x00000223750c0000, 0x0000022377fe8000)
 Next Bits: [0x0000022377ff0000, 0x000002237af18000)

Polling page: 0x000002235afd0000

Metaspace:

Usage:
  Non-class:     54.71 MB used.
      Class:      8.40 MB used.
       Both:     63.10 MB used.

Virtual space:
  Non-class space:       64.00 MB reserved,      55.06 MB ( 86%) committed,  1 nodes.
      Class space:        1.00 GB reserved,       8.69 MB ( <1%) committed,  1 nodes.
             Both:        1.06 GB reserved,      63.75 MB (  6%) committed. 

Chunk freelists:
   Non-Class:  8.78 MB
       Class:  7.25 MB
        Both:  16.03 MB

MaxMetaspaceSize: unlimited
CompressedClassSpaceSize: 1.00 GB
Initial GC threshold: 21.00 MB
Current GC threshold: 105.56 MB
CDS: on
MetaspaceReclaimPolicy: balanced
 - commit_granule_bytes: 65536.
 - commit_granule_words: 8192.
 - virtual_space_node_default_size: 8388608.
 - enlarge_chunks_in_place: 1.
 - new_chunks_are_fully_committed: 0.
 - uncommit_free_chunks: 1.
 - use_allocation_guard: 0.
 - handle_deallocations: 1.


Internal statistics:

num_allocs_failed_limit: 12.
num_arena_births: 794.
num_arena_deaths: 4.
num_vsnodes_births: 2.
num_vsnodes_deaths: 0.
num_space_committed: 1020.
num_space_uncommitted: 0.
num_chunks_returned_to_freelist: 16.
num_chunks_taken_from_freelist: 3123.
num_chunk_merges: 12.
num_chunk_splits: 2217.
num_chunks_enlarged: 1664.
num_inconsistent_stats: 0.

CodeHeap 'non-profiled nmethods': size=120000Kb used=5603Kb max_used=5603Kb free=114397Kb
 bounds [0x000002236c690000, 0x000002236cc10000, 0x0000022373bc0000]
CodeHeap 'profiled nmethods': size=120000Kb used=13788Kb max_used=13788Kb free=106211Kb
 bounds [0x0000022364bc0000, 0x0000022365940000, 0x000002236c0f0000]
CodeHeap 'non-nmethods': size=5760Kb used=1359Kb max_used=1432Kb free=4400Kb
 bounds [0x000002236c0f0000, 0x000002236c360000, 0x000002236c690000]
 total_blobs=7284 nmethods=6610 adapters=586
 compilation: enabled
              stopped_count=0, restarted_count=0
 full_count=0

Compilation events (20 events):
Event: 95.775 Thread 0x000002237d9a6530 7452       3       java.nio.HeapByteBuffer::put (12 bytes)
Event: 95.775 Thread 0x000002237d9a6530 nmethod 7452 0x0000022365934990 code [0x0000022365934b60, 0x0000022365934f88]
Event: 95.776 Thread 0x000002237d9a6530 7453       3       com.mysql.cj.protocol.a.NativePacketPayload::writeBytes (10 bytes)
Event: 95.776 Thread 0x000002237d9a6530 nmethod 7453 0x0000022365935110 code [0x00000223659352c0, 0x0000022365935428]
Event: 95.784 Thread 0x000002237d9976c0 nmethod 7407 0x000002236cc02f90 code [0x000002236cc032a0, 0x000002236cc05188]
Event: 95.784 Thread 0x000002237d9976c0 7447       4       com.sun.crypto.provider.HmacCore::engineInit (152 bytes)
Event: 95.796 Thread 0x000002237d9976c0 nmethod 7447 0x000002236cc06390 code [0x000002236cc06520, 0x000002236cc06b78]
Event: 95.797 Thread 0x000002237d9976c0 7448       4       java.util.concurrent.locks.ReentrantLock::unlock (10 bytes)
Event: 95.800 Thread 0x000002237d9976c0 nmethod 7448 0x000002236cc06e90 code [0x000002236cc07020, 0x000002236cc07228]
Event: 95.800 Thread 0x000002237d9976c0 7400       4       java.util.stream.ReduceOps$3ReducingSink::begin (14 bytes)
Event: 95.802 Thread 0x000002237d9976c0 nmethod 7400 0x000002236cc07410 code [0x000002236cc07580, 0x000002236cc076f8]
Event: 95.802 Thread 0x000002237d9976c0 7391       4       sun.security.ssl.TransportContext::isInboundClosed (8 bytes)
Event: 95.802 Thread 0x000002237d9976c0 nmethod 7391 0x000002236cc07790 code [0x000002236cc07900, 0x000002236cc07998]
Event: 95.802 Thread 0x000002237d9976c0 7404   !   4       jdk.proxy2.$Proxy28::annotationType (29 bytes)
Event: 95.804 Thread 0x000002237d9976c0 nmethod 7404 0x000002236cc07a90 code [0x000002236cc07c20, 0x000002236cc07d88]
Event: 95.804 Thread 0x000002237d9976c0 7202       4       org.springframework.core.ResolvableType::equals (143 bytes)
Event: 95.858 Thread 0x000002237d9a6530 7456       1       com.mysql.cj.protocol.a.result.OkPacket::getWarningCount (5 bytes)
Event: 95.858 Thread 0x000002237d9a6530 nmethod 7456 0x000002236cc08310 code [0x000002236cc084a0, 0x000002236cc08578]
Event: 95.889 Thread 0x000002237d9a6530 7457       1       java.nio.charset.Charset::name (5 bytes)
Event: 95.889 Thread 0x000002237d9a6530 nmethod 7457 0x000002236cc08610 code [0x000002236cc087a0, 0x000002236cc08878]

GC Heap History (20 events):
Event: 5.563 GC heap before
{Heap before GC invocations=12 (full 0):
 garbage-first heap   total 61440K, used 39827K [0x0000000743600000, 0x0000000800000000)
  region size 2048K, 11 young (22528K), 2 survivors (4096K)
 Metaspace       used 59941K, committed 60416K, reserved 1114112K
  class space    used 8110K, committed 8320K, reserved 1048576K
}
Event: 5.566 GC heap after
{Heap after GC invocations=13 (full 0):
 garbage-first heap   total 61440K, used 25518K [0x0000000743600000, 0x0000000800000000)
  region size 2048K, 2 young (4096K), 2 survivors (4096K)
 Metaspace       used 59941K, committed 60416K, reserved 1114112K
  class space    used 8110K, committed 8320K, reserved 1048576K
}
Event: 59.012 GC heap before
{Heap before GC invocations=14 (full 0):
 garbage-first heap   total 61440K, used 45998K [0x0000000743600000, 0x0000000800000000)
  region size 2048K, 12 young (24576K), 2 survivors (4096K)
 Metaspace       used 62795K, committed 63360K, reserved 1114112K
  class space    used 8521K, committed 8768K, reserved 1048576K
}
Event: 59.016 GC heap after
{Heap after GC invocations=15 (full 0):
 garbage-first heap   total 61440K, used 27075K [0x0000000743600000, 0x0000000800000000)
  region size 2048K, 2 young (4096K), 2 survivors (4096K)
 Metaspace       used 62795K, committed 63360K, reserved 1114112K
  class space    used 8521K, committed 8768K, reserved 1048576K
}
Event: 59.093 GC heap before
{Heap before GC invocations=15 (full 0):
 garbage-first heap   total 61440K, used 27075K [0x0000000743600000, 0x0000000800000000)
  region size 2048K, 3 young (6144K), 2 survivors (4096K)
 Metaspace       used 62937K, committed 63552K, reserved 1114112K
  class space    used 8548K, committed 8832K, reserved 1048576K
}
Event: 59.141 GC heap after
{Heap after GC invocations=16 (full 1):
 garbage-first heap   total 61440K, used 22969K [0x0000000743600000, 0x0000000800000000)
  region size 2048K, 0 young (0K), 0 survivors (0K)
 Metaspace       used 62937K, committed 63552K, reserved 1114112K
  class space    used 8548K, committed 8832K, reserved 1048576K
}
Event: 59.417 GC heap before
{Heap before GC invocations=16 (full 1):
 garbage-first heap   total 61440K, used 43449K [0x0000000743600000, 0x0000000800000000)
  region size 2048K, 10 young (20480K), 0 survivors (0K)
 Metaspace       used 63068K, committed 63616K, reserved 1114112K
  class space    used 8550K, committed 8832K, reserved 1048576K
}
Event: 59.419 GC heap after
{Heap after GC invocations=17 (full 1):
 garbage-first heap   total 61440K, used 24975K [0x0000000743600000, 0x0000000800000000)
  region size 2048K, 1 young (2048K), 1 survivors (2048K)
 Metaspace       used 63068K, committed 63616K, reserved 1114112K
  class space    used 8550K, committed 8832K, reserved 1048576K
}
Event: 59.665 GC heap before
{Heap before GC invocations=17 (full 1):
 garbage-first heap   total 61440K, used 43407K [0x0000000743600000, 0x0000000800000000)
  region size 2048K, 11 young (22528K), 1 survivors (2048K)
 Metaspace       used 63334K, committed 63872K, reserved 1114112K
  class space    used 8566K, committed 8832K, reserved 1048576K
}
Event: 59.679 GC heap after
{Heap after GC invocations=18 (full 1):
 garbage-first heap   total 61440K, used 26143K [0x0000000743600000, 0x0000000800000000)
  region size 2048K, 2 young (4096K), 2 survivors (4096K)
 Metaspace       used 63334K, committed 63872K, reserved 1114112K
  class space    used 8566K, committed 8832K, reserved 1048576K
}
Event: 60.085 GC heap before
{Heap before GC invocations=18 (full 1):
 garbage-first heap   total 61440K, used 44575K [0x0000000743600000, 0x0000000800000000)
  region size 2048K, 11 young (22528K), 2 survivors (4096K)
 Metaspace       used 63672K, committed 64256K, reserved 1114112K
  class space    used 8576K, committed 8832K, reserved 1048576K
}
Event: 60.088 GC heap after
{Heap after GC invocations=19 (full 1):
 garbage-first heap   total 129024K, used 26893K [0x0000000743600000, 0x0000000800000000)
  region size 2048K, 2 young (4096K), 2 survivors (4096K)
 Metaspace       used 63672K, committed 64256K, reserved 1114112K
  class space    used 8576K, committed 8832K, reserved 1048576K
}
Event: 91.856 GC heap before
{Heap before GC invocations=19 (full 1):
 garbage-first heap   total 129024K, used 30989K [0x0000000743600000, 0x0000000800000000)
  region size 2048K, 5 young (10240K), 2 survivors (4096K)
 Metaspace       used 63756K, committed 64320K, reserved 1114112K
  class space    used 8576K, committed 8832K, reserved 1048576K
}
Event: 91.892 GC heap after
{Heap after GC invocations=20 (full 2):
 garbage-first heap   total 90112K, used 23323K [0x0000000743600000, 0x0000000800000000)
  region size 2048K, 0 young (0K), 0 survivors (0K)
 Metaspace       used 63753K, committed 64320K, reserved 1114112K
  class space    used 8576K, committed 8832K, reserved 1048576K
}
Event: 92.686 GC heap before
{Heap before GC invocations=20 (full 2):
 garbage-first heap   total 90112K, used 62235K [0x0000000743600000, 0x0000000800000000)
  region size 2048K, 20 young (40960K), 0 survivors (0K)
 Metaspace       used 64024K, committed 64640K, reserved 1114112K
  class space    used 8579K, committed 8832K, reserved 1048576K
}
Event: 92.690 GC heap after
{Heap after GC invocations=21 (full 2):
 garbage-first heap   total 90112K, used 26570K [0x0000000743600000, 0x0000000800000000)
  region size 2048K, 2 young (4096K), 2 survivors (4096K)
 Metaspace       used 64024K, committed 64640K, reserved 1114112K
  class space    used 8579K, committed 8832K, reserved 1048576K
}
Event: 94.307 GC heap before
{Heap before GC invocations=21 (full 2):
 garbage-first heap   total 90112K, used 47050K [0x0000000743600000, 0x0000000800000000)
  region size 2048K, 13 young (26624K), 2 survivors (4096K)
 Metaspace       used 64259K, committed 64832K, reserved 1114112K
  class space    used 8585K, committed 8832K, reserved 1048576K
}
Event: 94.340 GC heap after
{Heap after GC invocations=22 (full 3):
 garbage-first heap   total 90112K, used 23505K [0x0000000743600000, 0x0000000800000000)
  region size 2048K, 0 young (0K), 0 survivors (0K)
 Metaspace       used 64256K, committed 64832K, reserved 1114112K
  class space    used 8585K, committed 8832K, reserved 1048576K
}
Event: 95.269 GC heap before
{Heap before GC invocations=22 (full 3):
 garbage-first heap   total 90112K, used 64465K [0x0000000743600000, 0x0000000800000000)
  region size 2048K, 20 young (40960K), 0 survivors (0K)
 Metaspace       used 64430K, committed 65024K, reserved 1114112K
  class space    used 8590K, committed 8832K, reserved 1048576K
}
Event: 95.271 GC heap after
{Heap after GC invocations=23 (full 3):
 garbage-first heap   total 90112K, used 26767K [0x0000000743600000, 0x0000000800000000)
  region size 2048K, 2 young (4096K), 2 survivors (4096K)
 Metaspace       used 64430K, committed 65024K, reserved 1114112K
  class space    used 8590K, committed 8832K, reserved 1048576K
}

Dll operation events (14 events):
Event: 0.010 Loaded shared library C:\Users\HALESH\.jdks\corretto-17.0.10\bin\java.dll
Event: 0.031 Loaded shared library C:\Users\HALESH\.jdks\corretto-17.0.10\bin\jsvml.dll
Event: 0.128 Loaded shared library C:\Users\HALESH\.jdks\corretto-17.0.10\bin\zip.dll
Event: 0.132 Loaded shared library C:\Users\HALESH\.jdks\corretto-17.0.10\bin\instrument.dll
Event: 0.138 Loaded shared library C:\Users\HALESH\.jdks\corretto-17.0.10\bin\net.dll
Event: 0.139 Loaded shared library C:\Users\HALESH\.jdks\corretto-17.0.10\bin\nio.dll
Event: 0.142 Loaded shared library C:\Users\HALESH\.jdks\corretto-17.0.10\bin\zip.dll
Event: 0.213 Loaded shared library C:\Program Files\JetBrains\IntelliJ IDEA Community Edition 2024.1.1\bin\breakgen64.dll
Event: 0.223 Loaded shared library C:\Users\HALESH\.jdks\corretto-17.0.10\bin\extnet.dll
Event: 0.252 Loaded shared library C:\Users\HALESH\.jdks\corretto-17.0.10\bin\jimage.dll
Event: 0.533 Loaded shared library C:\Users\HALESH\.jdks\corretto-17.0.10\bin\management.dll
Event: 0.535 Loaded shared library C:\Users\HALESH\.jdks\corretto-17.0.10\bin\management_ext.dll
Event: 1.606 Loaded shared library C:\Users\HALESH\.jdks\corretto-17.0.10\bin\sunmscapi.dll
Event: 3.455 Loaded shared library C:\Users\HALESH\.jdks\corretto-17.0.10\bin\verify.dll

Deoptimization events (20 events):
Event: 95.626 Thread 0x000002234693bce0 DEOPT PACKING pc=0x00000223655a85b8 sp=0x0000005ba12fddc0
Event: 95.626 Thread 0x000002234693bce0 DEOPT UNPACKING pc=0x000002236c14ace3 sp=0x0000005ba12fd240 mode 0
Event: 95.690 Thread 0x000002234693bce0 DEOPT PACKING pc=0x000002236556a037 sp=0x0000005ba12fe0d0
Event: 95.690 Thread 0x000002234693bce0 DEOPT UNPACKING pc=0x000002236c14ace3 sp=0x0000005ba12fd5f8 mode 0
Event: 95.769 Thread 0x000002234693bce0 Uncommon trap: trap_request=0xffffffbe fr.pc=0x000002236cc0236c relative=0x000000000000054c
Event: 95.769 Thread 0x000002234693bce0 Uncommon trap: reason=profile_predicate action=maybe_recompile pc=0x000002236cc0236c method=com.sun.crypto.provider.HmacCore.engineInit(Ljava/security/Key;Ljava/security/spec/AlgorithmParameterSpec;)V @ 88 c2
Event: 95.769 Thread 0x000002234693bce0 DEOPT PACKING pc=0x000002236cc0236c sp=0x0000005ba12fe050
Event: 95.769 Thread 0x000002234693bce0 DEOPT UNPACKING pc=0x000002236c14a1a3 sp=0x0000005ba12fdfe8 mode 2
Event: 95.769 Thread 0x000002234693bce0 Uncommon trap: trap_request=0xffffffbe fr.pc=0x000002236cc0236c relative=0x000000000000054c
Event: 95.769 Thread 0x000002234693bce0 Uncommon trap: reason=profile_predicate action=maybe_recompile pc=0x000002236cc0236c method=com.sun.crypto.provider.HmacCore.engineInit(Ljava/security/Key;Ljava/security/spec/AlgorithmParameterSpec;)V @ 88 c2
Event: 95.769 Thread 0x000002234693bce0 DEOPT PACKING pc=0x000002236cc0236c sp=0x0000005ba12fdfb0
Event: 95.769 Thread 0x000002234693bce0 DEOPT UNPACKING pc=0x000002236c14a1a3 sp=0x0000005ba12fdf48 mode 2
Event: 95.769 Thread 0x000002234693bce0 Uncommon trap: trap_request=0xffffffbe fr.pc=0x000002236cc0236c relative=0x000000000000054c
Event: 95.769 Thread 0x000002234693bce0 Uncommon trap: reason=profile_predicate action=maybe_recompile pc=0x000002236cc0236c method=com.sun.crypto.provider.HmacCore.engineInit(Ljava/security/Key;Ljava/security/spec/AlgorithmParameterSpec;)V @ 88 c2
Event: 95.769 Thread 0x000002234693bce0 DEOPT PACKING pc=0x000002236cc0236c sp=0x0000005ba12fe0d0
Event: 95.769 Thread 0x000002234693bce0 DEOPT UNPACKING pc=0x000002236c14a1a3 sp=0x0000005ba12fe068 mode 2
Event: 95.769 Thread 0x000002234693bce0 Uncommon trap: trap_request=0xffffffbe fr.pc=0x000002236cc0236c relative=0x000000000000054c
Event: 95.769 Thread 0x000002234693bce0 Uncommon trap: reason=profile_predicate action=maybe_recompile pc=0x000002236cc0236c method=com.sun.crypto.provider.HmacCore.engineInit(Ljava/security/Key;Ljava/security/spec/AlgorithmParameterSpec;)V @ 88 c2
Event: 95.769 Thread 0x000002234693bce0 DEOPT PACKING pc=0x000002236cc0236c sp=0x0000005ba12fe0d0
Event: 95.769 Thread 0x000002234693bce0 DEOPT UNPACKING pc=0x000002236c14a1a3 sp=0x0000005ba12fe068 mode 2

Classes unloaded (2 events):
Event: 91.865 Thread 0x000002237d975b60 Unloading class 0x00000223018b0000 'org/apache/catalina/loader/JdbcLeakPrevention'
Event: 94.319 Thread 0x000002237d975b60 Unloading class 0x00000223018b8800 'org/apache/catalina/loader/JdbcLeakPrevention'

Classes redefined (0 events):
No events

Internal exceptions (20 events):
Event: 94.303 Thread 0x00000223469370f0 Exception <a 'java/io/IOException'{0x0000000747844c58}> (0x0000000747844c58) 
thrown [s\src\hotspot\share\prims\jni.cpp, line 516]
Event: 94.306 Thread 0x0000022346935cb0 Exception <a 'java/lang/InterruptedException'{0x00000007478a2c58}: sleep interrupted> (0x00000007478a2c58) 
thrown [s\src\hotspot\share\prims\jvm.cpp, line 3064]
Event: 94.352 Thread 0x000002234693b2c0 Exception <a 'sun/nio/fs/WindowsException'{0x0000000748c9b4f0}> (0x0000000748c9b4f0) 
thrown [s\src\hotspot\share\prims\jni.cpp, line 516]
Event: 94.377 Thread 0x000002234693b2c0 Exception <a 'sun/nio/fs/WindowsException'{0x0000000748b04768}> (0x0000000748b04768) 
thrown [s\src\hotspot\share\prims\jni.cpp, line 516]
Event: 94.617 Thread 0x000002234693b2c0 Exception <a 'sun/nio/fs/WindowsException'{0x0000000747bbf280}> (0x0000000747bbf280) 
thrown [s\src\hotspot\share\prims\jni.cpp, line 516]
Event: 94.693 Thread 0x000002234693b2c0 Exception <a 'java/lang/NoClassDefFoundError'{0x000000074763e540}: org/flywaydb/core/Flyway> (0x000000074763e540) 
thrown [s\src\hotspot\share\oops\constantPool.cpp, line 835]
Event: 94.694 Thread 0x000002234693b2c0 Exception <a 'java/lang/NoClassDefFoundError'{0x000000074763eb90}: liquibase/integration/spring/SpringLiquibase> (0x000000074763eb90) 
thrown [s\src\hotspot\share\oops\constantPool.cpp, line 835]
Event: 94.697 Thread 0x000002234693b2c0 Exception <a 'java/lang/NoClassDefFoundError'{0x00000007476844d8}: org/jooq/DSLContext> (0x00000007476844d8) 
thrown [s\src\hotspot\share\oops\constantPool.cpp, line 835]
Event: 94.698 Thread 0x000002234693b2c0 Exception <a 'java/lang/NoClassDefFoundError'{0x000000074768ac30}: org/springframework/batch/core/repository/JobRepository> (0x000000074768ac30) 
thrown [s\src\hotspot\share\oops\constantPool.cpp, line 835]
Event: 94.698 Thread 0x000002234693b2c0 Exception <a 'java/lang/NoClassDefFoundError'{0x000000074768b278}: org/quartz/Scheduler> (0x000000074768b278) 
thrown [s\src\hotspot\share\oops\constantPool.cpp, line 835]
Event: 94.698 Thread 0x000002234693b2c0 Exception <a 'java/lang/NoClassDefFoundError'{0x000000074768b8e8}: org/springframework/session/jdbc/JdbcIndexedSessionRepository> (0x000000074768b8e8) 
thrown [s\src\hotspot\share\oops\constantPool.cpp, line 835]
Event: 94.907 Thread 0x000002234693b2c0 Exception <a 'sun/nio/fs/WindowsException'{0x0000000747079550}> (0x0000000747079550) 
thrown [s\src\hotspot\share\prims\jni.cpp, line 516]
Event: 94.908 Thread 0x000002234693b2c0 Exception <a 'sun/nio/fs/WindowsException'{0x0000000747079c50}> (0x0000000747079c50) 
thrown [s\src\hotspot\share\prims\jni.cpp, line 516]
Event: 94.908 Thread 0x000002234693b2c0 Exception <a 'sun/nio/fs/WindowsException'{0x000000074707a330}> (0x000000074707a330) 
thrown [s\src\hotspot\share\prims\jni.cpp, line 516]
Event: 95.041 Thread 0x000002234693b2c0 Exception <a 'java/io/FileNotFoundException'{0x00000007470b0d68}> (0x00000007470b0d68) 
thrown [s\src\hotspot\share\prims\jni.cpp, line 516]
Event: 95.109 Thread 0x000002234693b2c0 Exception <a 'java/io/FileNotFoundException'{0x0000000746e50510}> (0x0000000746e50510) 
thrown [s\src\hotspot\share\prims\jni.cpp, line 516]
Event: 95.159 Thread 0x000002234693b2c0 Exception <a 'sun/nio/fs/WindowsException'{0x0000000746ad9d10}> (0x0000000746ad9d10) 
thrown [s\src\hotspot\share\prims\jni.cpp, line 516]
Event: 95.366 Thread 0x000002234693b2c0 Exception <a 'sun/nio/fs/WindowsException'{0x0000000748924808}> (0x0000000748924808) 
thrown [s\src\hotspot\share\prims\jni.cpp, line 516]
Event: 95.468 Thread 0x000002234693b2c0 Exception <a 'java/net/BindException'{0x0000000747f4eb00}: Address already in use: bind> (0x0000000747f4eb00) 
thrown [s\src\hotspot\share\prims\jni.cpp, line 535]
Event: 95.468 Thread 0x000002234693b2c0 Exception <a 'java/net/SocketException'{0x0000000747f4f0e0}: Socket is not connected: shutdown> (0x0000000747f4f0e0) 
thrown [s\src\hotspot\share\prims\jni.cpp, line 535]

VM Operations (20 events):
Event: 71.182 Executing VM operation: Cleanup
Event: 71.182 Executing VM operation: Cleanup done
Event: 72.188 Executing VM operation: Cleanup
Event: 72.188 Executing VM operation: Cleanup done
Event: 80.250 Executing VM operation: Cleanup
Event: 80.250 Executing VM operation: Cleanup done
Event: 91.855 Executing VM operation: G1CollectFull
Event: 91.895 Executing VM operation: G1CollectFull done
Event: 92.438 Executing VM operation: ICBufferFull
Event: 92.438 Executing VM operation: ICBufferFull done
Event: 92.686 Executing VM operation: G1CollectForAllocation
Event: 92.691 Executing VM operation: G1CollectForAllocation done
Event: 92.804 Executing VM operation: HandshakeAllThreads
Event: 92.804 Executing VM operation: HandshakeAllThreads done
Event: 93.810 Executing VM operation: Cleanup
Event: 93.810 Executing VM operation: Cleanup done
Event: 94.306 Executing VM operation: G1CollectFull
Event: 94.340 Executing VM operation: G1CollectFull done
Event: 95.255 Executing VM operation: G1CollectForAllocation
Event: 95.272 Executing VM operation: G1CollectForAllocation done

Events (20 events):
Event: 95.117 Thread 0x0000022346938020 Thread added: 0x0000022346938020
Event: 95.118 Thread 0x0000022346935290 Thread added: 0x0000022346935290
Event: 95.118 Thread 0x0000022346935cb0 Thread added: 0x0000022346935cb0
Event: 95.118 Thread 0x00000223469366d0 Thread added: 0x00000223469366d0
Event: 95.119 Thread 0x0000022346938f50 Thread added: 0x0000022346938f50
Event: 95.120 Thread 0x0000022346939970 Thread added: 0x0000022346939970
Event: 95.120 Thread 0x0000022346937b10 Thread added: 0x0000022346937b10
Event: 95.120 Thread 0x0000022346939e80 Thread added: 0x0000022346939e80
Event: 95.120 Thread 0x0000022346934360 Thread added: 0x0000022346934360
Event: 95.120 Thread 0x000002234693a390 Thread added: 0x000002234693a390
Event: 95.120 Thread 0x0000022346936be0 Thread added: 0x0000022346936be0
Event: 95.121 Thread 0x00000223469370f0 Thread added: 0x00000223469370f0
Event: 95.121 Thread 0x000002234693a8a0 Thread added: 0x000002234693a8a0
Event: 95.225 Thread 0x000002234693adb0 Thread added: 0x000002234693adb0
Event: 95.356 Thread 0x000002234693bce0 Thread added: 0x000002234693bce0
Event: 95.467 Thread 0x000002237db9b7f0 Thread added: 0x000002237db9b7f0
Event: 95.477 Thread 0x000002237db9a3b0 Thread added: 0x000002237db9a3b0
Event: 95.477 Thread 0x000002237db9bd00 Thread added: 0x000002237db9bd00
Event: 95.502 Thread 0x0000022346937600 Thread exited: 0x0000022346937600
Event: 95.507 Thread 0x000002234693b2c0 Thread exited: 0x000002234693b2c0


Dynamic libraries:
0x00007ff618180000 - 0x00007ff61818e000 	C:\Users\HALESH\.jdks\corretto-17.0.10\bin\java.exe
0x00007ffa9acd0000 - 0x00007ffa9aee6000 	C:\WINDOWS\SYSTEM32\ntdll.dll
0x00007ffa99b90000 - 0x00007ffa99c54000 	C:\WINDOWS\System32\KERNEL32.DLL
0x00007ffa98110000 - 0x00007ffa984b7000 	C:\WINDOWS\System32\KERNELBASE.dll
0x00007ffa94db0000 - 0x00007ffa94e47000 	C:\WINDOWS\SYSTEM32\apphelp.dll
0x00007ffa97ff0000 - 0x00007ffa98101000 	C:\WINDOWS\System32\ucrtbase.dll
0x00007ffa7ea10000 - 0x00007ffa7ea2b000 	C:\Users\HALESH\.jdks\corretto-17.0.10\bin\VCRUNTIME140.dll
0x00007ffa83020000 - 0x00007ffa83037000 	C:\Users\HALESH\.jdks\corretto-17.0.10\bin\jli.dll
0x00007ffa9aae0000 - 0x00007ffa9ac8e000 	C:\WINDOWS\System32\USER32.dll
0x00007ffa82d60000 - 0x00007ffa82ff3000 	C:\WINDOWS\WinSxS\amd64_microsoft.windows.common-controls_6595b64144ccf1df_6.0.22621.3235_none_270f74e173860f98\COMCTL32.dll
0x00007ffa98610000 - 0x00007ffa98636000 	C:\WINDOWS\System32\win32u.dll
0x00007ffa9a760000 - 0x00007ffa9a807000 	C:\WINDOWS\System32\msvcrt.dll
0x00007ffa994b0000 - 0x00007ffa994d9000 	C:\WINDOWS\System32\GDI32.dll
0x00007ffa984c0000 - 0x00007ffa985d9000 	C:\WINDOWS\System32\gdi32full.dll
0x00007ffa987f0000 - 0x00007ffa9888a000 	C:\WINDOWS\System32\msvcp_win.dll
0x00007ffa98a00000 - 0x00007ffa98a31000 	C:\WINDOWS\System32\IMM32.DLL
0x00007ffa87190000 - 0x00007ffa8719c000 	C:\Users\HALESH\.jdks\corretto-17.0.10\bin\vcruntime140_1.dll
0x00007ffa574d0000 - 0x00007ffa5755d000 	C:\Users\HALESH\.jdks\corretto-17.0.10\bin\msvcp140.dll
0x00007ff9e1bb0000 - 0x00007ff9e2812000 	C:\Users\HALESH\.jdks\corretto-17.0.10\bin\server\jvm.dll
0x00007ffa994e0000 - 0x00007ffa99592000 	C:\WINDOWS\System32\ADVAPI32.dll
0x00007ffa9a810000 - 0x00007ffa9a8b8000 	C:\WINDOWS\System32\sechost.dll
0x00007ffa985e0000 - 0x00007ffa98608000 	C:\WINDOWS\System32\bcrypt.dll
0x00007ffa9a8c0000 - 0x00007ffa9a9d5000 	C:\WINDOWS\System32\RPCRT4.dll
0x00007ffa88b20000 - 0x00007ffa88b29000 	C:\WINDOWS\SYSTEM32\WSOCK32.dll
0x00007ffa97070000 - 0x00007ffa970bd000 	C:\WINDOWS\SYSTEM32\POWRPROF.dll
0x00007ffa98a40000 - 0x00007ffa98ab1000 	C:\WINDOWS\System32\WS2_32.dll
0x00007ffa8a8e0000 - 0x00007ffa8a914000 	C:\WINDOWS\SYSTEM32\WINMM.dll
0x00007ffa89750000 - 0x00007ffa8975a000 	C:\WINDOWS\SYSTEM32\VERSION.dll
0x00007ffa97010000 - 0x00007ffa97023000 	C:\WINDOWS\SYSTEM32\UMPDC.dll
0x00007ffa97120000 - 0x00007ffa97138000 	C:\WINDOWS\SYSTEM32\kernel.appcore.dll
0x00007ffa83490000 - 0x00007ffa8349a000 	C:\Users\HALESH\.jdks\corretto-17.0.10\bin\jimage.dll
0x00007ffa95920000 - 0x00007ffa95b53000 	C:\WINDOWS\SYSTEM32\DBGHELP.DLL
0x00007ffa997e0000 - 0x00007ffa99b68000 	C:\WINDOWS\System32\combase.dll
0x00007ffa9a680000 - 0x00007ffa9a757000 	C:\WINDOWS\System32\OLEAUT32.dll
0x00007ffa7acb0000 - 0x00007ffa7ace2000 	C:\WINDOWS\SYSTEM32\dbgcore.DLL
0x00007ffa98770000 - 0x00007ffa987e9000 	C:\WINDOWS\System32\bcryptPrimitives.dll
0x00007ffa89b00000 - 0x00007ffa89b0e000 	C:\Users\HALESH\.jdks\corretto-17.0.10\bin\instrument.dll
0x00007ffa6d3c0000 - 0x00007ffa6d3e5000 	C:\Users\HALESH\.jdks\corretto-17.0.10\bin\java.dll
0x00007ffa32d50000 - 0x00007ffa32e27000 	C:\Users\HALESH\.jdks\corretto-17.0.10\bin\jsvml.dll
0x00007ffa99e00000 - 0x00007ffa9a65c000 	C:\WINDOWS\System32\SHELL32.dll
0x00007ffa95f50000 - 0x00007ffa96849000 	C:\WINDOWS\SYSTEM32\windows.storage.dll
0x00007ffa95e10000 - 0x00007ffa95f4e000 	C:\WINDOWS\SYSTEM32\wintypes.dll
0x00007ffa9a9e0000 - 0x00007ffa9aad3000 	C:\WINDOWS\System32\SHCORE.dll
0x00007ffa995b0000 - 0x00007ffa9960e000 	C:\WINDOWS\System32\shlwapi.dll
0x00007ffa97f20000 - 0x00007ffa97f41000 	C:\WINDOWS\SYSTEM32\profapi.dll
0x00007ffa6d450000 - 0x00007ffa6d468000 	C:\Users\HALESH\.jdks\corretto-17.0.10\bin\zip.dll
0x00007ffa73750000 - 0x00007ffa73769000 	C:\Users\HALESH\.jdks\corretto-17.0.10\bin\net.dll
0x00007ffa8e2e0000 - 0x00007ffa8e416000 	C:\WINDOWS\SYSTEM32\WINHTTP.dll
0x00007ffa97590000 - 0x00007ffa975f9000 	C:\WINDOWS\system32\mswsock.dll
0x00007ffa6d760000 - 0x00007ffa6d776000 	C:\Users\HALESH\.jdks\corretto-17.0.10\bin\nio.dll
0x00007ffa802e0000 - 0x00007ffa802fa000 	C:\Program Files\JetBrains\IntelliJ IDEA Community Edition 2024.1.1\bin\breakgen64.dll
0x00007ffa76b50000 - 0x00007ffa76b59000 	C:\Users\HALESH\.jdks\corretto-17.0.10\bin\extnet.dll
0x00007ffa800b0000 - 0x00007ffa800b9000 	C:\Users\HALESH\.jdks\corretto-17.0.10\bin\management.dll
0x00007ffa7f450000 - 0x00007ffa7f45b000 	C:\Users\HALESH\.jdks\corretto-17.0.10\bin\management_ext.dll
0x00007ffa99df0000 - 0x00007ffa99df8000 	C:\WINDOWS\System32\PSAPI.DLL
0x00007ffa7e8b0000 - 0x00007ffa7e8be000 	C:\Users\HALESH\.jdks\corretto-17.0.10\bin\sunmscapi.dll
0x00007ffa98890000 - 0x00007ffa989f7000 	C:\WINDOWS\System32\CRYPT32.dll
0x00007ffa97990000 - 0x00007ffa979be000 	C:\WINDOWS\SYSTEM32\ncrypt.dll
0x00007ffa97950000 - 0x00007ffa97987000 	C:\WINDOWS\SYSTEM32\NTASN1.dll
0x00007ffa977f0000 - 0x00007ffa9780b000 	C:\WINDOWS\SYSTEM32\CRYPTSP.dll
0x00007ffa97030000 - 0x00007ffa97065000 	C:\WINDOWS\system32\rsaenh.dll
0x00007ffa97690000 - 0x00007ffa976b8000 	C:\WINDOWS\SYSTEM32\USERENV.dll
0x00007ffa97810000 - 0x00007ffa9781c000 	C:\WINDOWS\SYSTEM32\CRYPTBASE.dll
0x00007ffa96ab0000 - 0x00007ffa96add000 	C:\WINDOWS\SYSTEM32\IPHLPAPI.DLL
0x00007ffa99610000 - 0x00007ffa99619000 	C:\WINDOWS\System32\NSI.dll
0x00007ffa8e560000 - 0x00007ffa8e579000 	C:\WINDOWS\SYSTEM32\dhcpcsvc6.DLL
0x00007ffa8e2c0000 - 0x00007ffa8e2df000 	C:\WINDOWS\SYSTEM32\dhcpcsvc.DLL
0x00007ffa96b20000 - 0x00007ffa96c19000 	C:\WINDOWS\SYSTEM32\DNSAPI.dll
0x00007ffa70ad0000 - 0x00007ffa70ae0000 	C:\Users\HALESH\.jdks\corretto-17.0.10\bin\verify.dll
0x00007ffa8a950000 - 0x00007ffa8a95a000 	C:\Windows\System32\rasadhlp.dll
0x00007ffa8c280000 - 0x00007ffa8c303000 	C:\WINDOWS\System32\fwpuclnt.dll
0x00007ffa87360000 - 0x00007ffa87368000 	C:\WINDOWS\system32\wshunix.dll

dbghelp: loaded successfully - version: 4.0.5 - missing functions: none
symbol engine: initialized successfully - sym options: 0x614 - pdb path: .;C:\Users\HALESH\.jdks\corretto-17.0.10\bin;C:\WINDOWS\SYSTEM32;C:\WINDOWS\WinSxS\amd64_microsoft.windows.common-controls_6595b64144ccf1df_6.0.22621.3235_none_270f74e173860f98;C:\Users\HALESH\.jdks\corretto-17.0.10\bin\server;C:\Program Files\JetBrains\IntelliJ IDEA Community Edition 2024.1.1\bin

VM Arguments:
jvm_args: -javaagent:C:\Program Files\JetBrains\IntelliJ IDEA Community Edition 2024.1.1\lib\idea_rt.jar=58046:C:\Program Files\JetBrains\IntelliJ IDEA Community Edition 2024.1.1\bin -Dfile.encoding=UTF-8 
java_command: com.productInformation.productInformation.ProductInformationApplication
java_class_path (initial): D:\SpringBootProjects\productInformation\productInformation\target\classes;C:\Users\HALESH\.m2\repository\org\springframework\boot\spring-boot-starter-data-jpa\3.3.0\spring-boot-starter-data-jpa-3.3.0.jar;C:\Users\HALESH\.m2\repository\org\springframework\boot\spring-boot-starter-aop\3.3.0\spring-boot-starter-aop-3.3.0.jar;C:\Users\HALESH\.m2\repository\org\springframework\spring-aop\6.1.8\spring-aop-6.1.8.jar;C:\Users\HALESH\.m2\repository\org\aspectj\aspectjweaver\1.9.22\aspectjweaver-1.9.22.jar;C:\Users\HALESH\.m2\repository\org\springframework\boot\spring-boot-starter-jdbc\3.3.0\spring-boot-starter-jdbc-3.3.0.jar;C:\Users\HALESH\.m2\repository\com\zaxxer\HikariCP\5.1.0\HikariCP-5.1.0.jar;C:\Users\HALESH\.m2\repository\org\springframework\spring-jdbc\6.1.8\spring-jdbc-6.1.8.jar;C:\Users\HALESH\.m2\repository\org\hibernate\orm\hibernate-core\6.5.2.Final\hibernate-core-6.5.2.Final.jar;C:\Users\HALESH\.m2\repository\jakarta\persistence\jakarta.persistence-api\3.1.0\jakarta.persistence-api-3.1.0.jar;C:\Users\HALESH\.m2\repository\jakarta\transaction\jakarta.transaction-api\2.0.1\jakarta.transaction-api-2.0.1.jar;C:\Users\HALESH\.m2\repository\org\jboss\logging\jboss-logging\3.5.3.Final\jboss-logging-3.5.3.Final.jar;C:\Users\HALESH\.m2\repository\org\hibernate\common\hibernate-commons-annotations\6.0.6.Final\hibernate-commons-annotations-6.0.6.Final.jar;C:\Users\HALESH\.m2\repository\io\smallrye\jandex\3.1.2\jandex-3.1.2.jar;C:\Users\HALESH\.m2\repository\com\fasterxml\classmate\1.7.0\classmate-1.7.0.jar;C:\Users\HALESH\.m2\repository\net\bytebuddy\byte-buddy\1.14.16\byte-buddy-1.14.16.jar;C:\Users\HALESH\.m2\repository\org\glassfish\jaxb\jaxb-runtime\4.0.5\jaxb-runtime-4.0.5.jar;C:\Users\HALESH\.m2\repository\org\glassfish\jaxb\jaxb-core\4.0.5\jaxb-core-4.0.5.jar;C:\Users\HALESH\.m2\repository\org\eclipse\angus\angus-activation\2.0.2\angus-activation-2.0.2.jar;C:\Users\HALESH\.m2\repository\org\glassfish\jaxb\txw2\4.0.5\txw2-4.0.5.jar;C:\
Launcher Type: SUN_STANDARD

[Global flags]
     intx CICompilerCount                          = 4                                         {product} {ergonomic}
     uint ConcGCThreads                            = 2                                         {product} {ergonomic}
     uint G1ConcRefinementThreads                  = 8                                         {product} {ergonomic}
   size_t G1HeapRegionSize                         = 2097152                                   {product} {ergonomic}
    uintx GCDrainStackTargetSize                   = 64                                        {product} {ergonomic}
   size_t InitialHeapSize                          = 199229440                                 {product} {ergonomic}
   size_t MarkStackSize                            = 4194304                                   {product} {ergonomic}
   size_t MaxHeapSize                              = 3164602368                                {product} {ergonomic}
   size_t MaxNewSize                               = 1897922560                                {product} {ergonomic}
   size_t MinHeapDeltaBytes                        = 2097152                                   {product} {ergonomic}
   size_t MinHeapSize                              = 8388608                                   {product} {ergonomic}
    uintx NonNMethodCodeHeapSize                   = 5839372                                {pd product} {ergonomic}
    uintx NonProfiledCodeHeapSize                  = 122909434                              {pd product} {ergonomic}
    uintx ProfiledCodeHeapSize                     = 122909434                              {pd product} {ergonomic}
    uintx ReservedCodeCacheSize                    = 251658240                              {pd product} {ergonomic}
     bool SegmentedCodeCache                       = true                                      {product} {ergonomic}
   size_t SoftMaxHeapSize                          = 3164602368                             {manageable} {ergonomic}
     bool UseCompressedClassPointers               = true                           {product lp64_product} {ergonomic}
     bool UseCompressedOops                        = true                           {product lp64_product} {ergonomic}
     bool UseG1GC                                  = true                                      {product} {ergonomic}
     bool UseLargePagesIndividualAllocation        = false                                  {pd product} {ergonomic}

Logging:
Log output configuration:
 #0: stdout all=warning uptime,level,tags
 #1: stderr all=off uptime,level,tags

Environment Variables:
PATH=C:\Program Files\Google\Chrome\Application;C:\Program Files\Common Files\Oracle\Java\javapath;C:\MinGW\bin;C:\Program Files\nodejs\;D:\MAVEN\apache-maven-3.9.6-bin\apache-maven-3.9.6\bin;C:\Program Files\Git\cmd;C:\Program Files\MongoDB\Server\7.0\bin;C:\Program Files\MongoDB\mongosh-2.2.4-win32-x64\bin;C:\Users\HALESH\AppData\Local\Programs\Python\Python312\Scripts\;C:\Users\HALESH\AppData\Local\Programs\Python\Python312\;C:\Program Files\MySQL\MySQL Shell 8.0\bin\;C:\Users\HALESH\AppData\Local\Microsoft\WindowsApps;C:\Users\HALESH\Desktop\vs code programs\Microsoft VS Code\bin;;C:\Program Files\JetBrains\IntelliJ IDEA Educational Edition 2022.2.2\bin;;C:\Users\HALESH\.dotnet\tools;C:\Users\HALESH\AppData\Roaming\npm;C:\Program Files\JetBrains\IntelliJ IDEA 2023.3.6\bin;
USERNAME=HALESH
OS=Windows_NT
PROCESSOR_IDENTIFIER=Intel64 Family 6 Model 140 Stepping 1, GenuineIntel
TMP=C:\Users\HALESH\AppData\Local\Temp
TEMP=C:\Users\HALESH\AppData\Local\Temp



Periodic native trim disabled


---------------  S Y S T E M  ---------------

OS:
 Windows 11 , 64 bit Build 22621 (10.0.22621.3374)
OS uptime: 15 days 18:33 hours

CPU: total 8 (initial active 8) (4 cores per cpu, 2 threads per core) family 6 model 140 stepping 1 microcode 0x8a, cx8, cmov, fxsr, ht, mmx, 3dnowpref, sse, sse2, sse3, ssse3, sse4.1, sse4.2, popcnt, lzcnt, tsc, tscinvbit, avx, avx2, aes, erms, clmul, bmi1, bmi2, adx, avx512f, avx512dq, avx512cd, avx512bw, avx512vl, sha, fma, vzeroupper, avx512_vpopcntdq, avx512_vpclmulqdq, avx512_vaes, avx512_vnni, clflush, clflushopt, clwb, avx512_vbmi2, avx512_vbmi
Processor Information for processor 0
  Max Mhz: 2419, Current Mhz: 2419, Mhz Limit: 2419
Processor Information for processor 1
  Max Mhz: 2419, Current Mhz: 1209, Mhz Limit: 2419
Processor Information for processor 2
  Max Mhz: 2419, Current Mhz: 1209, Mhz Limit: 2419
Processor Information for processor 3
  Max Mhz: 2419, Current Mhz: 1209, Mhz Limit: 2419
Processor Information for processor 4
  Max Mhz: 2419, Current Mhz: 2419, Mhz Limit: 2419
Processor Information for processor 5
  Max Mhz: 2419, Current Mhz: 2419, Mhz Limit: 2419
Processor Information for processor 6
  Max Mhz: 2419, Current Mhz: 2419, Mhz Limit: 2419
Processor Information for processor 7
  Max Mhz: 2419, Current Mhz: 2419, Mhz Limit: 2419

Memory: 4k page, system-wide physical 12067M (1309M free)
TotalPageFile size 25919M (AvailPageFile size 3M)
current process WorkingSet (physical memory assigned to process): 337M, peak: 337M
current process commit charge ("private bytes"): 373M, peak: 373M

vm_info: OpenJDK 64-Bit Server VM (17.0.10+7-LTS) for windows-amd64 JRE (17.0.10+7-LTS), built on Jan 10 2024 22:11:07 by "Administrator" with MS VC++ 16.10 / 16.11 (VS2019)

END.
