#
# There is insufficient memory for the Java Runtime Environment to continue.
# Native memory allocation (mmap) failed to map 199229440 bytes for G1 virtual space
# Possible reasons:
#   The system is out of physical RAM or swap space
#   The process is running with CompressedOops enabled, and the Java Heap may be blocking the growth of the native heap
# Possible solutions:
#   Reduce memory load on the system
#   Increase physical memory or swap space
#   Check if swap backing store is full
#   Decrease Java heap size (-Xmx/-Xms)
#   Decrease number of Java threads
#   Decrease Java thread stack sizes (-Xss)
#   Set larger code cache with -XX:ReservedCodeCacheSize=
#   JVM is running with Zero Based Compressed Oops mode in which the Java heap is
#     placed in the first 32GB address space. The Java Heap base address is the
#     maximum limit for the native heap growth. Please use -XX:HeapBaseMinAddress
#     to set the Java Heap base and to place the Java Heap above 32GB virtual address.
# This output file may be truncated or incomplete.
#
#  Out of Memory Error (os_windows.cpp:3613), pid=4652, tid=8492
#
# JRE version:  (17.0.10+7) (build )
# Java VM: OpenJDK 64-Bit Server VM (17.0.10+7-LTS, mixed mode, sharing, tiered, compressed oops, compressed class ptrs, g1 gc, windows-amd64)
# No core dump will be written. Minidumps are not enabled by default on client versions of Windows
#

---------------  S U M M A R Y ------------

Command Line: C:\Users\HALESH\AppData\Local\Temp\surefire6042248537034851247\surefirebooter-20240524123527403_3.jar C:\Users\HALESH\AppData\Local\Temp\surefire6042248537034851247 2024-05-24T12-35-27_215-jvmRun1 surefire-20240524123527403_1tmp surefire_0-20240524123527403_2tmp

Host: 11th Gen Intel(R) Core(TM) i5-1135G7 @ 2.40GHz, 8 cores, 11G,  Windows 11 , 64 bit Build 22621 (10.0.22621.3374)
Time: Fri May 24 12:35:27 2024 India Standard Time elapsed time: 0.013416 seconds (0d 0h 0m 0s)

---------------  T H R E A D  ---------------

Current thread (0x0000027bc54e9950):  JavaThread "Unknown thread" [_thread_in_vm, id=8492, stack(0x000000e43a700000,0x000000e43a800000)]

Stack: [0x000000e43a700000,0x000000e43a800000]
Native frames: (J=compiled Java code, j=interpreted, Vv=VM code, C=native code)
V  [jvm.dll+0x67d2c9]
V  [jvm.dll+0x834b1a]
V  [jvm.dll+0x8365de]
V  [jvm.dll+0x836c43]
V  [jvm.dll+0x2477ff]
V  [jvm.dll+0x67a109]
V  [jvm.dll+0x66eb7a]
V  [jvm.dll+0x30764b]
V  [jvm.dll+0x30eaf6]
V  [jvm.dll+0x35e83e]
V  [jvm.dll+0x35ea6f]
V  [jvm.dll+0x2de248]
V  [jvm.dll+0x2df1b4]
V  [jvm.dll+0x806381]
V  [jvm.dll+0x36c6f1]
V  [jvm.dll+0x7e4e26]
V  [jvm.dll+0x3eff3f]
V  [jvm.dll+0x3f1b71]
C  [jli.dll+0x528f]
C  [ucrtbase.dll+0x29333]
C  [KERNEL32.DLL+0x1257d]
C  [ntdll.dll+0x5aa48]


---------------  P R O C E S S  ---------------

Threads class SMR info:
_java_thread_list=0x00007ff9e26dee98, length=0, elements={
}

Java Threads: ( => current thread )

Other Threads:
  0x0000027bc55403f0 GCTaskThread "GC Thread#0" [stack: 0x000000e43a800000,0x000000e43a900000] [id=15320]
  0x0000027bc554dfe0 ConcurrentGCThread "G1 Main Marker" [stack: 0x000000e43a900000,0x000000e43aa00000] [id=25532]
  0x0000027bc55501b0 ConcurrentGCThread "G1 Conc#0" [stack: 0x000000e43aa00000,0x000000e43ab00000] [id=34740]

[error occurred during error reporting (printing all threads), id 0xc0000005, EXCEPTION_ACCESS_VIOLATION (0xc0000005) at pc=0x00007ff9e1e9ec87]

VM state: not at safepoint (not fully initialized)

VM Mutex/Monitor currently owned by a thread:  ([mutex/lock_event])
[0x0000027bc54e6590] Heap_lock - owner thread: 0x0000027bc54e9950

Heap address: 0x0000000743600000, size: 3018 MB, Compressed Oops mode: Zero based, Oop shift amount: 3

CDS archive(s) mapped at: [0x0000000000000000-0x0000000000000000-0x0000000000000000), size 0, SharedBaseAddress: 0x0000000800000000, ArchiveRelocationMode: 1.
Narrow klass base: 0x0000000000000000, Narrow klass shift: 0, Narrow klass range: 0x0

GC Precious Log:
<Empty>

Heap:
 garbage-first heap   total 0K, used 0K [0x0000000743600000, 0x0000000800000000)
  region size 2048K, 0 young (0K), 0 survivors (0K)

[error occurred during error reporting (printing heap information), id 0xc0000005, EXCEPTION_ACCESS_VIOLATION (0xc0000005) at pc=0x00007ff9e2286fb9]

GC Heap History (0 events):
No events

Dll operation events (1 events):
Event: 0.010 Loaded shared library C:\Users\HALESH\.jdks\corretto-17.0.10\bin\java.dll

Deoptimization events (0 events):
No events

Classes unloaded (0 events):
No events

Classes redefined (0 events):
No events

Internal exceptions (0 events):
No events

VM Operations (0 events):
No events

Events (0 events):
No events


Dynamic libraries:
0x00007ff618180000 - 0x00007ff61818e000 	C:\Users\HALESH\.jdks\corretto-17.0.10\bin\java.exe
0x00007ffa9acd0000 - 0x00007ffa9aee6000 	C:\WINDOWS\SYSTEM32\ntdll.dll
0x00007ffa99b90000 - 0x00007ffa99c54000 	C:\WINDOWS\System32\KERNEL32.DLL
0x00007ffa98110000 - 0x00007ffa984b7000 	C:\WINDOWS\System32\KERNELBASE.dll
0x00007ffa94db0000 - 0x00007ffa94e47000 	C:\WINDOWS\SYSTEM32\apphelp.dll
0x00007ffa97ff0000 - 0x00007ffa98101000 	C:\WINDOWS\System32\ucrtbase.dll
0x00007ffa83020000 - 0x00007ffa83037000 	C:\Users\HALESH\.jdks\corretto-17.0.10\bin\jli.dll
0x00007ffa7ea10000 - 0x00007ffa7ea2b000 	C:\Users\HALESH\.jdks\corretto-17.0.10\bin\VCRUNTIME140.dll
0x00007ffa9aae0000 - 0x00007ffa9ac8e000 	C:\WINDOWS\System32\USER32.dll
0x00007ffa98610000 - 0x00007ffa98636000 	C:\WINDOWS\System32\win32u.dll
0x00007ffa82d60000 - 0x00007ffa82ff3000 	C:\WINDOWS\WinSxS\amd64_microsoft.windows.common-controls_6595b64144ccf1df_6.0.22621.3235_none_270f74e173860f98\COMCTL32.dll
0x00007ffa994b0000 - 0x00007ffa994d9000 	C:\WINDOWS\System32\GDI32.dll
0x00007ffa9a760000 - 0x00007ffa9a807000 	C:\WINDOWS\System32\msvcrt.dll
0x00007ffa984c0000 - 0x00007ffa985d9000 	C:\WINDOWS\System32\gdi32full.dll
0x00007ffa987f0000 - 0x00007ffa9888a000 	C:\WINDOWS\System32\msvcp_win.dll
0x00007ffa98a00000 - 0x00007ffa98a31000 	C:\WINDOWS\System32\IMM32.DLL
0x00007ffa87190000 - 0x00007ffa8719c000 	C:\Users\HALESH\.jdks\corretto-17.0.10\bin\vcruntime140_1.dll
0x00007ffa574d0000 - 0x00007ffa5755d000 	C:\Users\HALESH\.jdks\corretto-17.0.10\bin\msvcp140.dll
0x00007ff9e1bb0000 - 0x00007ff9e2812000 	C:\Users\HALESH\.jdks\corretto-17.0.10\bin\server\jvm.dll
0x00007ffa994e0000 - 0x00007ffa99592000 	C:\WINDOWS\System32\ADVAPI32.dll
0x00007ffa9a810000 - 0x00007ffa9a8b8000 	C:\WINDOWS\System32\sechost.dll
0x00007ffa985e0000 - 0x00007ffa98608000 	C:\WINDOWS\System32\bcrypt.dll
0x00007ffa9a8c0000 - 0x00007ffa9a9d5000 	C:\WINDOWS\System32\RPCRT4.dll
0x00007ffa97070000 - 0x00007ffa970bd000 	C:\WINDOWS\SYSTEM32\POWRPROF.dll
0x00007ffa88b20000 - 0x00007ffa88b29000 	C:\WINDOWS\SYSTEM32\WSOCK32.dll
0x00007ffa8a8e0000 - 0x00007ffa8a914000 	C:\WINDOWS\SYSTEM32\WINMM.dll
0x00007ffa89750000 - 0x00007ffa8975a000 	C:\WINDOWS\SYSTEM32\VERSION.dll
0x00007ffa98a40000 - 0x00007ffa98ab1000 	C:\WINDOWS\System32\WS2_32.dll
0x00007ffa97010000 - 0x00007ffa97023000 	C:\WINDOWS\SYSTEM32\UMPDC.dll
0x00007ffa97120000 - 0x00007ffa97138000 	C:\WINDOWS\SYSTEM32\kernel.appcore.dll
0x00007ffa83490000 - 0x00007ffa8349a000 	C:\Users\HALESH\.jdks\corretto-17.0.10\bin\jimage.dll
0x00007ffa95920000 - 0x00007ffa95b53000 	C:\WINDOWS\SYSTEM32\DBGHELP.DLL
0x00007ffa997e0000 - 0x00007ffa99b68000 	C:\WINDOWS\System32\combase.dll
0x00007ffa9a680000 - 0x00007ffa9a757000 	C:\WINDOWS\System32\OLEAUT32.dll
0x00007ffa7acb0000 - 0x00007ffa7ace2000 	C:\WINDOWS\SYSTEM32\dbgcore.DLL
0x00007ffa98770000 - 0x00007ffa987e9000 	C:\WINDOWS\System32\bcryptPrimitives.dll
0x00007ffa6d3c0000 - 0x00007ffa6d3e5000 	C:\Users\HALESH\.jdks\corretto-17.0.10\bin\java.dll

dbghelp: loaded successfully - version: 4.0.5 - missing functions: none
symbol engine: initialized successfully - sym options: 0x614 - pdb path: .;C:\Users\HALESH\.jdks\corretto-17.0.10\bin;C:\WINDOWS\SYSTEM32;C:\WINDOWS\WinSxS\amd64_microsoft.windows.common-controls_6595b64144ccf1df_6.0.22621.3235_none_270f74e173860f98;C:\Users\HALESH\.jdks\corretto-17.0.10\bin\server

VM Arguments:
java_command: C:\Users\HALESH\AppData\Local\Temp\surefire6042248537034851247\surefirebooter-20240524123527403_3.jar C:\Users\HALESH\AppData\Local\Temp\surefire6042248537034851247 2024-05-24T12-35-27_215-jvmRun1 surefire-20240524123527403_1tmp surefire_0-20240524123527403_2tmp
java_class_path (initial): C:\Users\HALESH\AppData\Local\Temp\surefire6042248537034851247\surefirebooter-20240524123527403_3.jar
Launcher Type: SUN_STANDARD

[Global flags]
     intx CICompilerCount                          = 4                                         {product} {ergonomic}
     uint ConcGCThreads                            = 2                                         {product} {ergonomic}
     uint G1ConcRefinementThreads                  = 8                                         {product} {ergonomic}
   size_t G1HeapRegionSize                         = 2097152                                   {product} {ergonomic}
    uintx GCDrainStackTargetSize                   = 64                                        {product} {ergonomic}
   size_t InitialHeapSize                          = 199229440                                 {product} {ergonomic}
   size_t MarkStackSize                            = 4194304                                   {product} {ergonomic}
   size_t MaxHeapSize                              = 3164602368                                {product} {ergonomic}
   size_t MinHeapDeltaBytes                        = 2097152                                   {product} {ergonomic}
   size_t MinHeapSize                              = 8388608                                   {product} {ergonomic}
    uintx NonNMethodCodeHeapSize                   = 5839372                                {pd product} {ergonomic}
    uintx NonProfiledCodeHeapSize                  = 122909434                              {pd product} {ergonomic}
    uintx ProfiledCodeHeapSize                     = 122909434                              {pd product} {ergonomic}
    uintx ReservedCodeCacheSize                    = 251658240                              {pd product} {ergonomic}
     bool SegmentedCodeCache                       = true                                      {product} {ergonomic}
   size_t SoftMaxHeapSize                          = 3164602368                             {manageable} {ergonomic}
     bool UseCompressedClassPointers               = true                           {product lp64_product} {ergonomic}
     bool UseCompressedOops                        = true                           {product lp64_product} {ergonomic}
     bool UseG1GC                                  = true                                      {product} {ergonomic}
     bool UseLargePagesIndividualAllocation        = false                                  {pd product} {ergonomic}

Logging:
Log output configuration:
 #0: stdout all=warning uptime,level,tags
 #1: stderr all=off uptime,level,tags

Environment Variables:
PATH=C:\Program Files\Google\Chrome\Application;C:\Program Files\Common Files\Oracle\Java\javapath;C:\MinGW\bin;C:\Program Files\nodejs\;D:\MAVEN\apache-maven-3.9.6-bin\apache-maven-3.9.6\bin;C:\Program Files\Git\cmd;C:\Program Files\MongoDB\Server\7.0\bin;C:\Program Files\MongoDB\mongosh-2.2.4-win32-x64\bin;C:\Users\HALESH\AppData\Local\Programs\Python\Python312\Scripts\;C:\Users\HALESH\AppData\Local\Programs\Python\Python312\;C:\Program Files\MySQL\MySQL Shell 8.0\bin\;C:\Users\HALESH\AppData\Local\Microsoft\WindowsApps;C:\Users\HALESH\Desktop\vs code programs\Microsoft VS Code\bin;;C:\Program Files\JetBrains\IntelliJ IDEA Educational Edition 2022.2.2\bin;;C:\Users\HALESH\.dotnet\tools;C:\Users\HALESH\AppData\Roaming\npm;C:\Program Files\JetBrains\IntelliJ IDEA 2023.3.6\bin;
USERNAME=HALESH
OS=Windows_NT
PROCESSOR_IDENTIFIER=Intel64 Family 6 Model 140 Stepping 1, GenuineIntel
TMP=C:\Users\HALESH\AppData\Local\Temp
TEMP=C:\Users\HALESH\AppData\Local\Temp



Periodic native trim disabled


---------------  S Y S T E M  ---------------

OS:
 Windows 11 , 64 bit Build 22621 (10.0.22621.3374)
OS uptime: 15 days 18:19 hours

CPU: total 8 (initial active 8) (4 cores per cpu, 2 threads per core) family 6 model 140 stepping 1 microcode 0x8a, cx8, cmov, fxsr, ht, mmx, 3dnowpref, sse, sse2, sse3, ssse3, sse4.1, sse4.2, popcnt, lzcnt, tsc, tscinvbit, avx, avx2, aes, erms, clmul, bmi1, bmi2, adx, avx512f, avx512dq, avx512cd, avx512bw, avx512vl, sha, fma, vzeroupper, avx512_vpopcntdq, avx512_vpclmulqdq, avx512_vaes, avx512_vnni, clflush, clflushopt, clwb, avx512_vbmi2, avx512_vbmi
Processor Information for processor 0
  Max Mhz: 2419, Current Mhz: 2419, Mhz Limit: 2419
Processor Information for processor 1
  Max Mhz: 2419, Current Mhz: 2419, Mhz Limit: 2419
Processor Information for processor 2
  Max Mhz: 2419, Current Mhz: 1007, Mhz Limit: 2419
Processor Information for processor 3
  Max Mhz: 2419, Current Mhz: 1007, Mhz Limit: 2419
Processor Information for processor 4
  Max Mhz: 2419, Current Mhz: 1007, Mhz Limit: 2419
Processor Information for processor 5
  Max Mhz: 2419, Current Mhz: 1007, Mhz Limit: 2419
Processor Information for processor 6
  Max Mhz: 2419, Current Mhz: 2419, Mhz Limit: 2419
Processor Information for processor 7
  Max Mhz: 2419, Current Mhz: 2419, Mhz Limit: 2419

Memory: 4k page, system-wide physical 12067M (1354M free)
TotalPageFile size 25919M (AvailPageFile size 57M)
current process WorkingSet (physical memory assigned to process): 12M, peak: 12M
current process commit charge ("private bytes"): 60M, peak: 250M

vm_info: OpenJDK 64-Bit Server VM (17.0.10+7-LTS) for windows-amd64 JRE (17.0.10+7-LTS), built on Jan 10 2024 22:11:07 by "Administrator" with MS VC++ 16.10 / 16.11 (VS2019)

END.
