#
# There is insufficient memory for the Java Runtime Environment to continue.
# Native memory allocation (malloc) failed to allocate 970832 bytes for Chunk::new
# Possible reasons:
#   The system is out of physical RAM or swap space
#   The process is running with CompressedOops enabled, and the Java Heap may be blocking the growth of the native heap
# Possible solutions:
#   Reduce memory load on the system
#   Increase physical memory or swap space
#   Check if swap backing store is full
#   Decrease Java heap size (-Xmx/-Xms)
#   Decrease number of Java threads
#   Decrease Java thread stack sizes (-Xss)
#   Set larger code cache with -XX:ReservedCodeCacheSize=
#   JVM is running with Zero Based Compressed Oops mode in which the Java heap is
#     placed in the first 32GB address space. The Java Heap base address is the
#     maximum limit for the native heap growth. Please use -XX:HeapBaseMinAddress
#     to set the Java Heap base and to place the Java Heap above 32GB virtual address.
# This output file may be truncated or incomplete.
#
#  Out of Memory Error (arena.cpp:191), pid=10900, tid=31920
#
# JRE version: OpenJDK Runtime Environment Corretto-17.0.10.7.1 (17.0.10+7) (build 17.0.10+7-LTS)
# Java VM: OpenJDK 64-Bit Server VM Corretto-17.0.10.7.1 (17.0.10+7-LTS, mixed mode, sharing, tiered, compressed oops, compressed class ptrs, g1 gc, windows-amd64)
# No core dump will be written. Minidumps are not enabled by default on client versions of Windows
#

---------------  S U M M A R Y ------------

Command Line: -Dmaven.multiModuleProjectDirectory=D:\SpringBootProjects\productInformation\productInformation -Djansi.passthrough=true -Dmaven.home=C:\Users\HALESH\.m2\wrapper\dists\apache-maven-3.9.6-bin\439sdfsg2nbdob9ciift5h5nse\apache-maven-3.9.6 -Dclassworlds.conf=C:\Users\HALESH\.m2\wrapper\dists\apache-maven-3.9.6-bin\439sdfsg2nbdob9ciift5h5nse\apache-maven-3.9.6\bin\m2.conf -Dmaven.ext.class.path=C:\Program Files\JetBrains\IntelliJ IDEA Community Edition 2024.1.1\plugins\maven\lib\maven-event-listener.jar -javaagent:C:\Program Files\JetBrains\IntelliJ IDEA Community Edition 2024.1.1\lib\idea_rt.jar=58086:C:\Program Files\JetBrains\IntelliJ IDEA Community Edition 2024.1.1\bin -Dfile.encoding=UTF-8 org.codehaus.classworlds.Launcher -Didea.version=2024.1.1 clean install

Host: 11th Gen Intel(R) Core(TM) i5-1135G7 @ 2.40GHz, 8 cores, 11G,  Windows 11 , 64 bit Build 22621 (10.0.22621.3374)
Time: Fri May 24 12:48:35 2024 India Standard Time elapsed time: 8.167681 seconds (0d 0h 0m 8s)

---------------  T H R E A D  ---------------

Current thread (0x0000025b5548f440):  JavaThread "C2 CompilerThread0" daemon [_thread_in_native, id=31920, stack(0x000000d09ce00000,0x000000d09cf00000)]


Current CompileTask:
C2:   8167 6712   !   4       java.lang.ClassLoader::loadClass (121 bytes)

Stack: [0x000000d09ce00000,0x000000d09cf00000]
Native frames: (J=compiled Java code, j=interpreted, Vv=VM code, C=native code)
V  [jvm.dll+0x67d2c9]
V  [jvm.dll+0x834b1a]
V  [jvm.dll+0x8365de]
V  [jvm.dll+0x836c43]
V  [jvm.dll+0x2477ff]
V  [jvm.dll+0xac514]
V  [jvm.dll+0xacb5c]
V  [jvm.dll+0x11f057]
V  [jvm.dll+0x60f325]
V  [jvm.dll+0x60d9e4]
V  [jvm.dll+0x219d68]
V  [jvm.dll+0x219311]
V  [jvm.dll+0x1a502d]
V  [jvm.dll+0x2290de]
V  [jvm.dll+0x2272ac]
V  [jvm.dll+0x7e9bd7]
V  [jvm.dll+0x7e3fda]
V  [jvm.dll+0x67c1b5]
C  [ucrtbase.dll+0x29333]
C  [KERNEL32.DLL+0x1257d]
C  [ntdll.dll+0x5aa48]


---------------  P R O C E S S  ---------------

Threads class SMR info:
_java_thread_list=0x0000025b9d92f7a0, length=20, elements={
0x0000025b32c4d700, 0x0000025b554775b0, 0x0000025b55478170, 0x0000025b55483920,
0x0000025b554842e0, 0x0000025b5548ccd0, 0x0000025b5548d690, 0x0000025b5548f440,
0x0000025b554a39d0, 0x0000025b555f8070, 0x0000025b556e0510, 0x0000025b5580f640,
0x0000025b557d5d30, 0x0000025b5596d4f0, 0x0000025b9b904630, 0x0000025b9b902ce0,
0x0000025b9b903700, 0x0000025b9b903c10, 0x0000025b9b904b40, 0x0000025b9b901390
}

Java Threads: ( => current thread )
  0x0000025b32c4d700 JavaThread "main" [_thread_in_native, id=7564, stack(0x000000d09c100000,0x000000d09c200000)]
  0x0000025b554775b0 JavaThread "Reference Handler" daemon [_thread_blocked, id=27804, stack(0x000000d09c800000,0x000000d09c900000)]
  0x0000025b55478170 JavaThread "Finalizer" daemon [_thread_blocked, id=19408, stack(0x000000d09c900000,0x000000d09ca00000)]
  0x0000025b55483920 JavaThread "Signal Dispatcher" daemon [_thread_blocked, id=11952, stack(0x000000d09ca00000,0x000000d09cb00000)]
  0x0000025b554842e0 JavaThread "Attach Listener" daemon [_thread_blocked, id=37712, stack(0x000000d09cb00000,0x000000d09cc00000)]
  0x0000025b5548ccd0 JavaThread "Service Thread" daemon [_thread_blocked, id=10272, stack(0x000000d09cc00000,0x000000d09cd00000)]
  0x0000025b5548d690 JavaThread "Monitor Deflation Thread" daemon [_thread_blocked, id=29184, stack(0x000000d09cd00000,0x000000d09ce00000)]
=>0x0000025b5548f440 JavaThread "C2 CompilerThread0" daemon [_thread_in_native, id=31920, stack(0x000000d09ce00000,0x000000d09cf00000)]
  0x0000025b554a39d0 JavaThread "C1 CompilerThread0" daemon [_thread_blocked, id=21564, stack(0x000000d09cf00000,0x000000d09d000000)]
  0x0000025b555f8070 JavaThread "Sweeper thread" daemon [_thread_blocked, id=35172, stack(0x000000d09d000000,0x000000d09d100000)]
  0x0000025b556e0510 JavaThread "Common-Cleaner" daemon [_thread_blocked, id=33524, stack(0x000000d09d100000,0x000000d09d200000)]
  0x0000025b5580f640 JavaThread "Monitor Ctrl-Break" daemon [_thread_in_native, id=22880, stack(0x000000d09d200000,0x000000d09d300000)]
  0x0000025b557d5d30 JavaThread "Notification Thread" daemon [_thread_blocked, id=16900, stack(0x000000d09d300000,0x000000d09d400000)]
  0x0000025b5596d4f0 JavaThread "C2 CompilerThread1" daemon [_thread_in_native, id=34320, stack(0x000000d09d500000,0x000000d09d600000)]
  0x0000025b9b904630 JavaThread "timeout-check-timer" daemon [_thread_blocked, id=2692, stack(0x000000d09e000000,0x000000d09e100000)]
  0x0000025b9b902ce0 JavaThread "ping-timer-10s" daemon [_thread_blocked, id=29016, stack(0x000000d09e100000,0x000000d09e200000)]
  0x0000025b9b903700 JavaThread "ThreadedStreamConsumer" daemon [_thread_blocked, id=37504, stack(0x000000d09e200000,0x000000d09e300000)]
  0x0000025b9b903c10 JavaThread "fork-1-err-thread" daemon [_thread_in_native, id=27404, stack(0x000000d09e300000,0x000000d09e400000)]
  0x0000025b9b904b40 JavaThread "commands-fork-1" daemon [_thread_blocked, id=27272, stack(0x000000d09e400000,0x000000d09e500000)]
  0x0000025b9b901390 JavaThread "fork-1-event-thread" daemon [_thread_in_native, id=26868, stack(0x000000d09e500000,0x000000d09e600000)]

Other Threads:
  0x0000025b55470ae0 VMThread "VM Thread" [stack: 0x000000d09c700000,0x000000d09c800000] [id=22320]
  0x0000025b5580fb20 WatcherThread [stack: 0x000000d09d400000,0x000000d09d500000] [id=20112]
  0x0000025b32ca8070 GCTaskThread "GC Thread#0" [stack: 0x000000d09c200000,0x000000d09c300000] [id=10208]
  0x0000025b9b1ae420 GCTaskThread "GC Thread#1" [stack: 0x000000d09d700000,0x000000d09d800000] [id=27076]
  0x0000025b9ba20ec0 GCTaskThread "GC Thread#2" [stack: 0x000000d09d800000,0x000000d09d900000] [id=22992]
  0x0000025b9ba39310 GCTaskThread "GC Thread#3" [stack: 0x000000d09d900000,0x000000d09da00000] [id=1408]
  0x0000025b9b82b140 GCTaskThread "GC Thread#4" [stack: 0x000000d09da00000,0x000000d09db00000] [id=17184]
  0x0000025b9b6fdd00 GCTaskThread "GC Thread#5" [stack: 0x000000d09db00000,0x000000d09dc00000] [id=37096]
  0x0000025b9b73a420 GCTaskThread "GC Thread#6" [stack: 0x000000d09dc00000,0x000000d09dd00000] [id=18840]
  0x0000025b9b15f7e0 GCTaskThread "GC Thread#7" [stack: 0x000000d09dd00000,0x000000d09de00000] [id=10892]
  0x0000025b32cb4c50 ConcurrentGCThread "G1 Main Marker" [stack: 0x000000d09c300000,0x000000d09c400000] [id=24688]
  0x0000025b32cb5670 ConcurrentGCThread "G1 Conc#0" [stack: 0x000000d09c400000,0x000000d09c500000] [id=31416]
  0x0000025b9ce28db0 ConcurrentGCThread "G1 Conc#1" [stack: 0x000000d09de00000,0x000000d09df00000] [id=17764]
  0x0000025b32ceeab0 ConcurrentGCThread "G1 Refine#0" [stack: 0x000000d09c500000,0x000000d09c600000] [id=11664]
  0x0000025b9d462ab0 ConcurrentGCThread "G1 Refine#1" [stack: 0x000000d09df00000,0x000000d09e000000] [id=36104]
  0x0000025b5532c680 ConcurrentGCThread "G1 Service" [stack: 0x000000d09c600000,0x000000d09c700000] [id=27496]

Threads with active compile tasks:
C2 CompilerThread0     8186 6712   !   4       java.lang.ClassLoader::loadClass (121 bytes)
C2 CompilerThread1     8186 6700       4       org.codehaus.plexus.classworlds.realm.ClassRealm::loadClass (7 bytes)

VM state: not at safepoint (normal execution)

VM Mutex/Monitor currently owned by a thread: None

Heap address: 0x0000000743600000, size: 3018 MB, Compressed Oops mode: Zero based, Oop shift amount: 3

CDS archive(s) mapped at: [0x0000025b56000000-0x0000025b56bb0000-0x0000025b56bb0000), size 12255232, SharedBaseAddress: 0x0000025b56000000, ArchiveRelocationMode: 1.
Compressed class space mapped at: 0x0000025b57000000-0x0000025b97000000, reserved size: 1073741824
Narrow klass base: 0x0000025b56000000, Narrow klass shift: 0, Narrow klass range: 0x100000000

GC Precious Log:
 CPUs: 8 total, 8 available
 Memory: 12067M
 Large Page Support: Disabled
 NUMA Support: Disabled
 Compressed Oops: Enabled (Zero based)
 Heap Region Size: 2M
 Heap Min Capacity: 8M
 Heap Initial Capacity: 190M
 Heap Max Capacity: 3018M
 Pre-touch: Disabled
 Parallel Workers: 8
 Concurrent Workers: 2
 Concurrent Refinement Workers: 8
 Periodic GC: Disabled

Heap:
 garbage-first heap   total 221184K, used 121646K [0x0000000743600000, 0x0000000800000000)
  region size 2048K, 35 young (71680K), 1 survivors (2048K)
 Metaspace       used 33403K, committed 33792K, reserved 1114112K
  class space    used 3826K, committed 4032K, reserved 1048576K

Heap Regions: E=young(eden), S=young(survivor), O=old, HS=humongous(starts), HC=humongous(continues), CS=collection set, F=free, OA=open archive, CA=closed archive, TAMS=top-at-mark-start (previous, next)
|   0|0x0000000743600000, 0x0000000743800000, 0x0000000743800000|100%| O|  |TAMS 0x0000000743800000, 0x0000000743600000| Untracked 
|   1|0x0000000743800000, 0x0000000743a00000, 0x0000000743a00000|100%| O|  |TAMS 0x0000000743a00000, 0x0000000743800000| Untracked 
|   2|0x0000000743a00000, 0x0000000743a00000, 0x0000000743c00000|  0%| F|  |TAMS 0x0000000743a00000, 0x0000000743a00000| Untracked 
|   3|0x0000000743c00000, 0x0000000743e00000, 0x0000000743e00000|100%|HS|  |TAMS 0x0000000743e00000, 0x0000000743c00000| Complete 
|   4|0x0000000743e00000, 0x0000000744000000, 0x0000000744000000|100%| O|  |TAMS 0x0000000744000000, 0x0000000743e00000| Untracked 
|   5|0x0000000744000000, 0x0000000744200000, 0x0000000744200000|100%| O|  |TAMS 0x0000000744200000, 0x0000000744000000| Untracked 
|   6|0x0000000744200000, 0x0000000744400000, 0x0000000744400000|100%| O|  |TAMS 0x0000000744400000, 0x0000000744200000| Untracked 
|   7|0x0000000744400000, 0x0000000744600000, 0x0000000744600000|100%| O|  |TAMS 0x0000000744600000, 0x0000000744400000| Untracked 
|   8|0x0000000744600000, 0x0000000744800000, 0x0000000744800000|100%| O|  |TAMS 0x0000000744800000, 0x0000000744600000| Untracked 
|   9|0x0000000744800000, 0x0000000744a00000, 0x0000000744a00000|100%|HS|  |TAMS 0x0000000744a00000, 0x0000000744800000| Complete 
|  10|0x0000000744a00000, 0x0000000744c00000, 0x0000000744c00000|100%| O|  |TAMS 0x0000000744c00000, 0x0000000744a00000| Untracked 
|  11|0x0000000744c00000, 0x0000000744c00000, 0x0000000744e00000|  0%| F|  |TAMS 0x0000000744c00000, 0x0000000744c00000| Untracked 
|  12|0x0000000744e00000, 0x0000000744e00000, 0x0000000745000000|  0%| F|  |TAMS 0x0000000744e00000, 0x0000000744e00000| Untracked 
|  13|0x0000000745000000, 0x0000000745200000, 0x0000000745200000|100%| O|  |TAMS 0x0000000745200000, 0x0000000745000000| Untracked 
|  14|0x0000000745200000, 0x0000000745400000, 0x0000000745400000|100%| O|  |TAMS 0x0000000745400000, 0x0000000745200000| Untracked 
|  15|0x0000000745400000, 0x0000000745600000, 0x0000000745600000|100%| O|  |TAMS 0x0000000745600000, 0x0000000745400000| Untracked 
|  16|0x0000000745600000, 0x0000000745800000, 0x0000000745800000|100%| O|  |TAMS 0x0000000745800000, 0x0000000745600000| Untracked 
|  17|0x0000000745800000, 0x0000000745a00000, 0x0000000745a00000|100%| O|  |TAMS 0x0000000745a00000, 0x0000000745800000| Untracked 
|  18|0x0000000745a00000, 0x0000000745c00000, 0x0000000745c00000|100%| O|  |TAMS 0x0000000745c00000, 0x0000000745a00000| Untracked 
|  19|0x0000000745c00000, 0x0000000745c00000, 0x0000000745e00000|  0%| F|  |TAMS 0x0000000745c00000, 0x0000000745c00000| Untracked 
|  20|0x0000000745e00000, 0x0000000746000000, 0x0000000746000000|100%| O|  |TAMS 0x0000000746000000, 0x0000000745e00000| Untracked 
|  21|0x0000000746000000, 0x0000000746200000, 0x0000000746200000|100%| O|  |TAMS 0x0000000746200000, 0x0000000746000000| Untracked 
|  22|0x0000000746200000, 0x0000000746400000, 0x0000000746400000|100%| O|  |TAMS 0x0000000746400000, 0x0000000746200000| Untracked 
|  23|0x0000000746400000, 0x0000000746600000, 0x0000000746600000|100%| O|  |TAMS 0x000000074647d600, 0x0000000746400000| Untracked 
|  24|0x0000000746600000, 0x0000000746800000, 0x0000000746800000|100%| O|  |TAMS 0x0000000746600000, 0x0000000746600000| Untracked 
|  25|0x0000000746800000, 0x0000000746a00000, 0x0000000746a00000|100%| O|  |TAMS 0x0000000746800000, 0x0000000746800000| Untracked 
|  26|0x0000000746a00000, 0x0000000746c00000, 0x0000000746c00000|100%| O|  |TAMS 0x0000000746a00000, 0x0000000746a00000| Untracked 
|  27|0x0000000746c00000, 0x0000000746e00000, 0x0000000746e00000|100%| O|  |TAMS 0x0000000746c00000, 0x0000000746c00000| Untracked 
|  28|0x0000000746e00000, 0x0000000747000000, 0x0000000747000000|100%| O|  |TAMS 0x0000000746e00000, 0x0000000746e00000| Untracked 
|  29|0x0000000747000000, 0x00000007471eb200, 0x0000000747200000| 95%| O|  |TAMS 0x0000000747000000, 0x0000000747000000| Untracked 
|  30|0x0000000747200000, 0x0000000747200000, 0x0000000747400000|  0%| F|  |TAMS 0x0000000747200000, 0x0000000747200000| Untracked 
|  31|0x0000000747400000, 0x0000000747400000, 0x0000000747600000|  0%| F|  |TAMS 0x0000000747400000, 0x0000000747400000| Untracked 
|  32|0x0000000747600000, 0x0000000747600000, 0x0000000747800000|  0%| F|  |TAMS 0x0000000747600000, 0x0000000747600000| Untracked 
|  33|0x0000000747800000, 0x0000000747800000, 0x0000000747a00000|  0%| F|  |TAMS 0x0000000747800000, 0x0000000747800000| Untracked 
|  34|0x0000000747a00000, 0x0000000747a00000, 0x0000000747c00000|  0%| F|  |TAMS 0x0000000747a00000, 0x0000000747a00000| Untracked 
|  35|0x0000000747c00000, 0x0000000747c00000, 0x0000000747e00000|  0%| F|  |TAMS 0x0000000747c00000, 0x0000000747c00000| Untracked 
|  36|0x0000000747e00000, 0x0000000747e00000, 0x0000000748000000|  0%| F|  |TAMS 0x0000000747e00000, 0x0000000747e00000| Untracked 
|  37|0x0000000748000000, 0x0000000748000000, 0x0000000748200000|  0%| F|  |TAMS 0x0000000748000000, 0x0000000748000000| Untracked 
|  38|0x0000000748200000, 0x0000000748200000, 0x0000000748400000|  0%| F|  |TAMS 0x0000000748200000, 0x0000000748200000| Untracked 
|  39|0x0000000748400000, 0x0000000748400000, 0x0000000748600000|  0%| F|  |TAMS 0x0000000748400000, 0x0000000748400000| Untracked 
|  40|0x0000000748600000, 0x0000000748600000, 0x0000000748800000|  0%| F|  |TAMS 0x0000000748600000, 0x0000000748600000| Untracked 
|  41|0x0000000748800000, 0x0000000748800000, 0x0000000748a00000|  0%| F|  |TAMS 0x0000000748800000, 0x0000000748800000| Untracked 
|  42|0x0000000748a00000, 0x0000000748a00000, 0x0000000748c00000|  0%| F|  |TAMS 0x0000000748a00000, 0x0000000748a00000| Untracked 
|  43|0x0000000748c00000, 0x0000000748c00000, 0x0000000748e00000|  0%| F|  |TAMS 0x0000000748c00000, 0x0000000748c00000| Untracked 
|  44|0x0000000748e00000, 0x0000000748e00000, 0x0000000749000000|  0%| F|  |TAMS 0x0000000748e00000, 0x0000000748e00000| Untracked 
|  45|0x0000000749000000, 0x0000000749000000, 0x0000000749200000|  0%| F|  |TAMS 0x0000000749000000, 0x0000000749000000| Untracked 
|  46|0x0000000749200000, 0x0000000749200000, 0x0000000749400000|  0%| F|  |TAMS 0x0000000749200000, 0x0000000749200000| Untracked 
|  47|0x0000000749400000, 0x0000000749400000, 0x0000000749600000|  0%| F|  |TAMS 0x0000000749400000, 0x0000000749400000| Untracked 
|  48|0x0000000749600000, 0x0000000749600000, 0x0000000749800000|  0%| F|  |TAMS 0x0000000749600000, 0x0000000749600000| Untracked 
|  49|0x0000000749800000, 0x0000000749800000, 0x0000000749a00000|  0%| F|  |TAMS 0x0000000749800000, 0x0000000749800000| Untracked 
|  50|0x0000000749a00000, 0x0000000749a00000, 0x0000000749c00000|  0%| F|  |TAMS 0x0000000749a00000, 0x0000000749a00000| Untracked 
|  51|0x0000000749c00000, 0x0000000749c00000, 0x0000000749e00000|  0%| F|  |TAMS 0x0000000749c00000, 0x0000000749c00000| Untracked 
|  52|0x0000000749e00000, 0x0000000749e00000, 0x000000074a000000|  0%| F|  |TAMS 0x0000000749e00000, 0x0000000749e00000| Untracked 
|  53|0x000000074a000000, 0x000000074a000000, 0x000000074a200000|  0%| F|  |TAMS 0x000000074a000000, 0x000000074a000000| Untracked 
|  54|0x000000074a200000, 0x000000074a200000, 0x000000074a400000|  0%| F|  |TAMS 0x000000074a200000, 0x000000074a200000| Untracked 
|  55|0x000000074a400000, 0x000000074a400000, 0x000000074a600000|  0%| F|  |TAMS 0x000000074a400000, 0x000000074a400000| Untracked 
|  56|0x000000074a600000, 0x000000074a600000, 0x000000074a800000|  0%| F|  |TAMS 0x000000074a600000, 0x000000074a600000| Untracked 
|  57|0x000000074a800000, 0x000000074a800000, 0x000000074aa00000|  0%| F|  |TAMS 0x000000074a800000, 0x000000074a800000| Untracked 
|  58|0x000000074aa00000, 0x000000074aa00000, 0x000000074ac00000|  0%| F|  |TAMS 0x000000074aa00000, 0x000000074aa00000| Untracked 
|  59|0x000000074ac00000, 0x000000074ac00000, 0x000000074ae00000|  0%| F|  |TAMS 0x000000074ac00000, 0x000000074ac00000| Untracked 
|  60|0x000000074ae00000, 0x000000074ae00000, 0x000000074b000000|  0%| F|  |TAMS 0x000000074ae00000, 0x000000074ae00000| Untracked 
|  61|0x000000074b000000, 0x000000074b000000, 0x000000074b200000|  0%| F|  |TAMS 0x000000074b000000, 0x000000074b000000| Untracked 
|  62|0x000000074b200000, 0x000000074b200000, 0x000000074b400000|  0%| F|  |TAMS 0x000000074b200000, 0x000000074b200000| Untracked 
|  63|0x000000074b400000, 0x000000074b400000, 0x000000074b600000|  0%| F|  |TAMS 0x000000074b400000, 0x000000074b400000| Untracked 
|  64|0x000000074b600000, 0x000000074b600000, 0x000000074b800000|  0%| F|  |TAMS 0x000000074b600000, 0x000000074b600000| Untracked 
|  65|0x000000074b800000, 0x000000074b800000, 0x000000074ba00000|  0%| F|  |TAMS 0x000000074b800000, 0x000000074b800000| Untracked 
|  66|0x000000074ba00000, 0x000000074ba00000, 0x000000074bc00000|  0%| F|  |TAMS 0x000000074ba00000, 0x000000074ba00000| Untracked 
|  67|0x000000074bc00000, 0x000000074bc00000, 0x000000074be00000|  0%| F|  |TAMS 0x000000074bc00000, 0x000000074bc00000| Untracked 
|  68|0x000000074be00000, 0x000000074be00000, 0x000000074c000000|  0%| F|  |TAMS 0x000000074be00000, 0x000000074be00000| Untracked 
|  69|0x000000074c000000, 0x000000074c000000, 0x000000074c200000|  0%| F|  |TAMS 0x000000074c000000, 0x000000074c000000| Untracked 
|  70|0x000000074c200000, 0x000000074c200000, 0x000000074c400000|  0%| F|  |TAMS 0x000000074c200000, 0x000000074c200000| Untracked 
|  71|0x000000074c400000, 0x000000074c400000, 0x000000074c600000|  0%| F|  |TAMS 0x000000074c400000, 0x000000074c400000| Untracked 
|  72|0x000000074c600000, 0x000000074c600000, 0x000000074c800000|  0%| F|  |TAMS 0x000000074c600000, 0x000000074c600000| Untracked 
|  73|0x000000074c800000, 0x000000074c8dcb98, 0x000000074ca00000| 43%| E|  |TAMS 0x000000074c800000, 0x000000074c800000| Complete 
|  74|0x000000074ca00000, 0x000000074cc00000, 0x000000074cc00000|100%| E|CS|TAMS 0x000000074ca00000, 0x000000074ca00000| Complete 
|  75|0x000000074cc00000, 0x000000074cce07a8, 0x000000074ce00000| 43%| S|CS|TAMS 0x000000074cc00000, 0x000000074cc00000| Complete 
|  76|0x000000074ce00000, 0x000000074d000000, 0x000000074d000000|100%| E|CS|TAMS 0x000000074ce00000, 0x000000074ce00000| Complete 
|  77|0x000000074d000000, 0x000000074d200000, 0x000000074d200000|100%| E|CS|TAMS 0x000000074d000000, 0x000000074d000000| Complete 
|  78|0x000000074d200000, 0x000000074d400000, 0x000000074d400000|100%| E|CS|TAMS 0x000000074d200000, 0x000000074d200000| Complete 
|  79|0x000000074d400000, 0x000000074d600000, 0x000000074d600000|100%| E|CS|TAMS 0x000000074d400000, 0x000000074d400000| Complete 
|  80|0x000000074d600000, 0x000000074d800000, 0x000000074d800000|100%| E|CS|TAMS 0x000000074d600000, 0x000000074d600000| Complete 
|  81|0x000000074d800000, 0x000000074da00000, 0x000000074da00000|100%| E|CS|TAMS 0x000000074d800000, 0x000000074d800000| Complete 
|  82|0x000000074da00000, 0x000000074dc00000, 0x000000074dc00000|100%| E|CS|TAMS 0x000000074da00000, 0x000000074da00000| Complete 
|  83|0x000000074dc00000, 0x000000074de00000, 0x000000074de00000|100%| E|CS|TAMS 0x000000074dc00000, 0x000000074dc00000| Complete 
|  84|0x000000074de00000, 0x000000074e000000, 0x000000074e000000|100%| E|CS|TAMS 0x000000074de00000, 0x000000074de00000| Complete 
|  85|0x000000074e000000, 0x000000074e200000, 0x000000074e200000|100%| E|CS|TAMS 0x000000074e000000, 0x000000074e000000| Complete 
|  86|0x000000074e200000, 0x000000074e400000, 0x000000074e400000|100%| E|CS|TAMS 0x000000074e200000, 0x000000074e200000| Complete 
|  87|0x000000074e400000, 0x000000074e600000, 0x000000074e600000|100%| E|CS|TAMS 0x000000074e400000, 0x000000074e400000| Complete 
|  88|0x000000074e600000, 0x000000074e800000, 0x000000074e800000|100%| E|CS|TAMS 0x000000074e600000, 0x000000074e600000| Complete 
|  89|0x000000074e800000, 0x000000074ea00000, 0x000000074ea00000|100%| E|CS|TAMS 0x000000074e800000, 0x000000074e800000| Complete 
|  90|0x000000074ea00000, 0x000000074ec00000, 0x000000074ec00000|100%| E|CS|TAMS 0x000000074ea00000, 0x000000074ea00000| Complete 
|  91|0x000000074ec00000, 0x000000074ee00000, 0x000000074ee00000|100%| E|CS|TAMS 0x000000074ec00000, 0x000000074ec00000| Complete 
|  92|0x000000074ee00000, 0x000000074f000000, 0x000000074f000000|100%| E|CS|TAMS 0x000000074ee00000, 0x000000074ee00000| Complete 
|  93|0x000000074f000000, 0x000000074f200000, 0x000000074f200000|100%| E|CS|TAMS 0x000000074f000000, 0x000000074f000000| Complete 
|  94|0x000000074f200000, 0x000000074f400000, 0x000000074f400000|100%| E|CS|TAMS 0x000000074f200000, 0x000000074f200000| Complete 
|  95|0x000000074f400000, 0x000000074f600000, 0x000000074f600000|100%| E|CS|TAMS 0x000000074f400000, 0x000000074f400000| Complete 
|  96|0x000000074f600000, 0x000000074f800000, 0x000000074f800000|100%| E|CS|TAMS 0x000000074f600000, 0x000000074f600000| Complete 
|  97|0x000000074f800000, 0x000000074fa00000, 0x000000074fa00000|100%| E|CS|TAMS 0x000000074f800000, 0x000000074f800000| Complete 
|  98|0x000000074fa00000, 0x000000074fc00000, 0x000000074fc00000|100%| E|CS|TAMS 0x000000074fa00000, 0x000000074fa00000| Complete 
|  99|0x000000074fc00000, 0x000000074fe00000, 0x000000074fe00000|100%| E|CS|TAMS 0x000000074fc00000, 0x000000074fc00000| Complete 
| 100|0x000000074fe00000, 0x0000000750000000, 0x0000000750000000|100%| E|CS|TAMS 0x000000074fe00000, 0x000000074fe00000| Complete 
| 101|0x0000000750000000, 0x0000000750200000, 0x0000000750200000|100%| E|CS|TAMS 0x0000000750000000, 0x0000000750000000| Complete 
| 102|0x0000000750200000, 0x0000000750400000, 0x0000000750400000|100%| E|CS|TAMS 0x0000000750200000, 0x0000000750200000| Complete 
| 103|0x0000000750400000, 0x0000000750600000, 0x0000000750600000|100%| E|CS|TAMS 0x0000000750400000, 0x0000000750400000| Complete 
| 104|0x0000000750600000, 0x0000000750800000, 0x0000000750800000|100%| E|CS|TAMS 0x0000000750600000, 0x0000000750600000| Complete 
| 105|0x0000000750800000, 0x0000000750a00000, 0x0000000750a00000|100%| E|CS|TAMS 0x0000000750800000, 0x0000000750800000| Complete 
| 106|0x0000000750a00000, 0x0000000750c00000, 0x0000000750c00000|100%| E|CS|TAMS 0x0000000750a00000, 0x0000000750a00000| Complete 
|1508|0x00000007ffe00000, 0x0000000800000000, 0x0000000800000000|100%| E|CS|TAMS 0x00000007ffe00000, 0x00000007ffe00000| Complete 

Card table byte_map: [0x0000025b4bf80000,0x0000025b4c570000] _byte_map_base: 0x0000025b48565000

Marking Bits (Prev, Next): (CMBitMap*) 0x0000025b32ca8690, (CMBitMap*) 0x0000025b32ca86d0
 Prev Bits: [0x0000025b4cb60000, 0x0000025b4fa88000)
 Next Bits: [0x0000025b4fa90000, 0x0000025b529b8000)

Polling page: 0x0000025b32cf0000

Metaspace:

Usage:
  Non-class:     28.88 MB used.
      Class:      3.74 MB used.
       Both:     32.62 MB used.

Virtual space:
  Non-class space:       64.00 MB reserved,      29.06 MB ( 45%) committed,  1 nodes.
      Class space:        1.00 GB reserved,       3.94 MB ( <1%) committed,  1 nodes.
             Both:        1.06 GB reserved,      33.00 MB (  3%) committed. 

Chunk freelists:
   Non-Class:  2.89 MB
       Class:  12.11 MB
        Both:  15.00 MB

MaxMetaspaceSize: unlimited
CompressedClassSpaceSize: 1.00 GB
Initial GC threshold: 21.00 MB
Current GC threshold: 48.12 MB
CDS: on
MetaspaceReclaimPolicy: balanced
 - commit_granule_bytes: 65536.
 - commit_granule_words: 8192.
 - virtual_space_node_default_size: 8388608.
 - enlarge_chunks_in_place: 1.
 - new_chunks_are_fully_committed: 0.
 - uncommit_free_chunks: 1.
 - use_allocation_guard: 0.
 - handle_deallocations: 1.


Internal statistics:

num_allocs_failed_limit: 3.
num_arena_births: 202.
num_arena_deaths: 0.
num_vsnodes_births: 2.
num_vsnodes_deaths: 0.
num_space_committed: 528.
num_space_uncommitted: 0.
num_chunks_returned_to_freelist: 3.
num_chunks_taken_from_freelist: 1410.
num_chunk_merges: 3.
num_chunk_splits: 985.
num_chunks_enlarged: 770.
num_inconsistent_stats: 0.

CodeHeap 'non-profiled nmethods': size=120000Kb used=3899Kb max_used=3899Kb free=116100Kb
 bounds [0x0000025b439f0000, 0x0000025b43dc0000, 0x0000025b4af20000]
CodeHeap 'profiled nmethods': size=120000Kb used=12193Kb max_used=12193Kb free=107806Kb
 bounds [0x0000025b3bf20000, 0x0000025b3cb10000, 0x0000025b43450000]
CodeHeap 'non-nmethods': size=5760Kb used=1258Kb max_used=1298Kb free=4502Kb
 bounds [0x0000025b43450000, 0x0000025b436c0000, 0x0000025b439f0000]
 total_blobs=6440 nmethods=5883 adapters=469
 compilation: enabled
              stopped_count=0, restarted_count=0
 full_count=0

Compilation events (20 events):
Event: 7.753 Thread 0x0000025b554a39d0 nmethod 6706 0x0000025b3cb05c90 code [0x0000025b3cb05e40, 0x0000025b3cb06108]
Event: 7.802 Thread 0x0000025b554a39d0 6711       3       java.util.AbstractList::listIterator (6 bytes)
Event: 7.802 Thread 0x0000025b554a39d0 nmethod 6711 0x0000025b3c9be910 code [0x0000025b3c9beac0, 0x0000025b3c9bec88]
Event: 7.803 Thread 0x0000025b5548f440 6712   !   4       java.lang.ClassLoader::loadClass (121 bytes)
Event: 7.809 Thread 0x0000025b9b6dd5c0 6713       4       java.lang.Throwable::<init> (39 bytes)
Event: 7.814 Thread 0x0000025b9b6dd5c0 nmethod 6713 0x0000025b43dbc490 code [0x0000025b43dbc640, 0x0000025b43dbce48]
Event: 7.865 Thread 0x0000025b554a39d0 6714       3       java.lang.invoke.LambdaForm$DMH/0x0000025b57214000::invokeStatic (31 bytes)
Event: 7.865 Thread 0x0000025b554a39d0 nmethod 6714 0x0000025b3cb06210 code [0x0000025b3cb063e0, 0x0000025b3cb06878]
Event: 8.138 Thread 0x0000025b554a39d0 6715       1       java.util.concurrent.atomic.AtomicInteger::get (5 bytes)
Event: 8.138 Thread 0x0000025b554a39d0 nmethod 6715 0x0000025b43dbcf90 code [0x0000025b43dbd120, 0x0000025b43dbd1f8]
Event: 8.165 Thread 0x0000025b554a39d0 6718       1       org.apache.maven.surefire.api.stream.AbstractStreamDecoder$Memento::access$000 (5 bytes)
Event: 8.165 Thread 0x0000025b554a39d0 nmethod 6718 0x0000025b43dbd590 code [0x0000025b43dbd720, 0x0000025b43dbd7d8]
Event: 8.165 Thread 0x0000025b554a39d0 6719       1       org.apache.maven.surefire.api.stream.AbstractStreamDecoder$Memento::getLine (5 bytes)
Event: 8.165 Thread 0x0000025b554a39d0 nmethod 6719 0x0000025b43dbd890 code [0x0000025b43dbda20, 0x0000025b43dbdaf8]
Event: 8.165 Thread 0x0000025b554a39d0 6720       1       org.apache.maven.surefire.api.stream.AbstractStreamDecoder$Memento::getByteBuffer (5 bytes)
Event: 8.165 Thread 0x0000025b554a39d0 nmethod 6720 0x0000025b43dbdb90 code [0x0000025b43dbdd20, 0x0000025b43dbddf8]
Event: 8.165 Thread 0x0000025b554a39d0 6721       1       org.apache.maven.surefire.api.stream.AbstractStreamDecoder$MalformedFrameException::readFrom (5 bytes)
Event: 8.165 Thread 0x0000025b554a39d0 nmethod 6721 0x0000025b43dbde90 code [0x0000025b43dbe020, 0x0000025b43dbe0f8]
Event: 8.166 Thread 0x0000025b554a39d0 6722  s    1       java.lang.StringBuffer::length (5 bytes)
Event: 8.166 Thread 0x0000025b554a39d0 nmethod 6722 0x0000025b43dbe190 code [0x0000025b43dbe320, 0x0000025b43dbe498]

GC Heap History (20 events):
Event: 1.162 GC heap before
{Heap before GC invocations=1 (full 0):
 garbage-first heap   total 194560K, used 34592K [0x0000000743600000, 0x0000000800000000)
  region size 2048K, 17 young (34816K), 2 survivors (4096K)
 Metaspace       used 9488K, committed 9664K, reserved 1114112K
  class space    used 1123K, committed 1216K, reserved 1048576K
}
Event: 1.167 GC heap after
{Heap after GC invocations=2 (full 0):
 garbage-first heap   total 194560K, used 5566K [0x0000000743600000, 0x0000000800000000)
  region size 2048K, 1 young (2048K), 1 survivors (2048K)
 Metaspace       used 9488K, committed 9664K, reserved 1114112K
  class space    used 1123K, committed 1216K, reserved 1048576K
}
Event: 3.032 GC heap before
{Heap before GC invocations=2 (full 0):
 garbage-first heap   total 194560K, used 120254K [0x0000000743600000, 0x0000000800000000)
  region size 2048K, 57 young (116736K), 1 survivors (2048K)
 Metaspace       used 17132K, committed 17408K, reserved 1114112K
  class space    used 1980K, committed 2112K, reserved 1048576K
}
Event: 3.044 GC heap after
{Heap after GC invocations=3 (full 0):
 garbage-first heap   total 194560K, used 15176K [0x0000000743600000, 0x0000000800000000)
  region size 2048K, 6 young (12288K), 6 survivors (12288K)
 Metaspace       used 17132K, committed 17408K, reserved 1114112K
  class space    used 1980K, committed 2112K, reserved 1048576K
}
Event: 3.653 GC heap before
{Heap before GC invocations=3 (full 0):
 garbage-first heap   total 194560K, used 56136K [0x0000000743600000, 0x0000000800000000)
  region size 2048K, 25 young (51200K), 6 survivors (12288K)
 Metaspace       used 21283K, committed 21504K, reserved 1114112K
  class space    used 2462K, committed 2560K, reserved 1048576K
}
Event: 3.666 GC heap after
{Heap after GC invocations=4 (full 0):
 garbage-first heap   total 194560K, used 24531K [0x0000000743600000, 0x0000000800000000)
  region size 2048K, 3 young (6144K), 3 survivors (6144K)
 Metaspace       used 21283K, committed 21504K, reserved 1114112K
  class space    used 2462K, committed 2560K, reserved 1048576K
}
Event: 4.795 GC heap before
{Heap before GC invocations=5 (full 0):
 garbage-first heap   total 96256K, used 75731K [0x0000000743600000, 0x0000000800000000)
  region size 2048K, 28 young (57344K), 3 survivors (6144K)
 Metaspace       used 27323K, committed 27712K, reserved 1114112K
  class space    used 3135K, committed 3328K, reserved 1048576K
}
Event: 4.815 GC heap after
{Heap after GC invocations=6 (full 0):
 garbage-first heap   total 98304K, used 37164K [0x0000000743600000, 0x0000000800000000)
  region size 2048K, 4 young (8192K), 4 survivors (8192K)
 Metaspace       used 27323K, committed 27712K, reserved 1114112K
  class space    used 3135K, committed 3328K, reserved 1048576K
}
Event: 4.842 GC heap before
{Heap before GC invocations=6 (full 0):
 garbage-first heap   total 98304K, used 37164K [0x0000000743600000, 0x0000000800000000)
  region size 2048K, 5 young (10240K), 4 survivors (8192K)
 Metaspace       used 27354K, committed 27712K, reserved 1114112K
  class space    used 3148K, committed 3328K, reserved 1048576K
}
Event: 4.852 GC heap after
{Heap after GC invocations=7 (full 0):
 garbage-first heap   total 98304K, used 39002K [0x0000000743600000, 0x0000000800000000)
  region size 2048K, 1 young (2048K), 1 survivors (2048K)
 Metaspace       used 27354K, committed 27712K, reserved 1114112K
  class space    used 3148K, committed 3328K, reserved 1048576K
}
Event: 5.596 GC heap before
{Heap before GC invocations=7 (full 0):
 garbage-first heap   total 98304K, used 67674K [0x0000000743600000, 0x0000000800000000)
  region size 2048K, 16 young (32768K), 1 survivors (2048K)
 Metaspace       used 28999K, committed 29312K, reserved 1114112K
  class space    used 3351K, committed 3520K, reserved 1048576K
}
Event: 5.602 GC heap after
{Heap after GC invocations=8 (full 0):
 garbage-first heap   total 98304K, used 39049K [0x0000000743600000, 0x0000000800000000)
  region size 2048K, 1 young (2048K), 1 survivors (2048K)
 Metaspace       used 28999K, committed 29312K, reserved 1114112K
  class space    used 3351K, committed 3520K, reserved 1048576K
}
Event: 5.916 GC heap before
{Heap before GC invocations=8 (full 0):
 garbage-first heap   total 98304K, used 71817K [0x0000000743600000, 0x0000000800000000)
  region size 2048K, 17 young (34816K), 1 survivors (2048K)
 Metaspace       used 29081K, committed 29440K, reserved 1114112K
  class space    used 3351K, committed 3520K, reserved 1048576K
}
Event: 5.926 GC heap after
{Heap after GC invocations=9 (full 0):
 garbage-first heap   total 98304K, used 55797K [0x0000000743600000, 0x0000000800000000)
  region size 2048K, 3 young (6144K), 3 survivors (6144K)
 Metaspace       used 29081K, committed 29440K, reserved 1114112K
  class space    used 3351K, committed 3520K, reserved 1048576K
}
Event: 6.086 GC heap before
{Heap before GC invocations=9 (full 0):
 garbage-first heap   total 98304K, used 72181K [0x0000000743600000, 0x0000000800000000)
  region size 2048K, 12 young (24576K), 3 survivors (6144K)
 Metaspace       used 29136K, committed 29504K, reserved 1114112K
  class space    used 3351K, committed 3520K, reserved 1048576K
}
Event: 6.095 GC heap after
{Heap after GC invocations=10 (full 0):
 garbage-first heap   total 98304K, used 61440K [0x0000000743600000, 0x0000000800000000)
  region size 2048K, 2 young (4096K), 2 survivors (4096K)
 Metaspace       used 29136K, committed 29504K, reserved 1114112K
  class space    used 3351K, committed 3520K, reserved 1048576K
}
Event: 6.332 GC heap before
{Heap before GC invocations=11 (full 0):
 garbage-first heap   total 110592K, used 73728K [0x0000000743600000, 0x0000000800000000)
  region size 2048K, 9 young (18432K), 2 survivors (4096K)
 Metaspace       used 29647K, committed 30016K, reserved 1114112K
  class space    used 3413K, committed 3584K, reserved 1048576K
}
Event: 6.338 GC heap after
{Heap after GC invocations=12 (full 0):
 garbage-first heap   total 110592K, used 62596K [0x0000000743600000, 0x0000000800000000)
  region size 2048K, 1 young (2048K), 1 survivors (2048K)
 Metaspace       used 29647K, committed 30016K, reserved 1114112K
  class space    used 3413K, committed 3584K, reserved 1048576K
}
Event: 6.358 GC heap before
{Heap before GC invocations=12 (full 0):
 garbage-first heap   total 110592K, used 62596K [0x0000000743600000, 0x0000000800000000)
  region size 2048K, 2 young (4096K), 1 survivors (2048K)
 Metaspace       used 29702K, committed 30016K, reserved 1114112K
  class space    used 3426K, committed 3584K, reserved 1048576K
}
Event: 6.364 GC heap after
{Heap after GC invocations=13 (full 0):
 garbage-first heap   total 221184K, used 54062K [0x0000000743600000, 0x0000000800000000)
  region size 2048K, 1 young (2048K), 1 survivors (2048K)
 Metaspace       used 29702K, committed 30016K, reserved 1114112K
  class space    used 3426K, committed 3584K, reserved 1048576K
}

Dll operation events (12 events):
Event: 0.011 Loaded shared library C:\Users\HALESH\.jdks\corretto-17.0.10\bin\java.dll
Event: 0.031 Loaded shared library C:\Users\HALESH\.jdks\corretto-17.0.10\bin\jsvml.dll
Event: 0.083 Loaded shared library C:\Users\HALESH\.jdks\corretto-17.0.10\bin\zip.dll
Event: 0.085 Loaded shared library C:\Users\HALESH\.jdks\corretto-17.0.10\bin\instrument.dll
Event: 0.090 Loaded shared library C:\Users\HALESH\.jdks\corretto-17.0.10\bin\net.dll
Event: 0.091 Loaded shared library C:\Users\HALESH\.jdks\corretto-17.0.10\bin\nio.dll
Event: 0.095 Loaded shared library C:\Users\HALESH\.jdks\corretto-17.0.10\bin\zip.dll
Event: 0.104 Loaded shared library C:\Program Files\JetBrains\IntelliJ IDEA Community Edition 2024.1.1\bin\breakgen64.dll
Event: 0.116 Loaded shared library C:\Users\HALESH\.jdks\corretto-17.0.10\bin\extnet.dll
Event: 0.189 Loaded shared library C:\Users\HALESH\.jdks\corretto-17.0.10\bin\jimage.dll
Event: 0.285 Loaded shared library C:\Users\HALESH\AppData\Local\Temp\jansi-2.4.0-c795af02e318df17-jansi.dll
Event: 0.297 Loaded shared library C:\Users\HALESH\.jdks\corretto-17.0.10\bin\verify.dll

Deoptimization events (20 events):
Event: 8.164 Thread 0x0000025b9b903c10 Uncommon trap: trap_request=0xffffffc6 fr.pc=0x0000025b43b487b8 relative=0x0000000000000118
Event: 8.164 Thread 0x0000025b9b903c10 Uncommon trap: reason=bimorphic_or_optimized_type_check action=maybe_recompile pc=0x0000025b43b487b8 method=java.lang.Character.codePointAt(Ljava/lang/CharSequence;I)I @ 2 c2
Event: 8.164 Thread 0x0000025b9b903c10 DEOPT PACKING pc=0x0000025b43b487b8 sp=0x000000d09e3fec70
Event: 8.164 Thread 0x0000025b9b903c10 DEOPT UNPACKING pc=0x0000025b434aa1a3 sp=0x000000d09e3fec08 mode 2
Event: 8.165 Thread 0x0000025b9b903c10 Uncommon trap: trap_request=0xffffff45 fr.pc=0x0000025b43b7e3f8 relative=0x0000000000000078
Event: 8.165 Thread 0x0000025b9b903c10 Uncommon trap: reason=unstable_if action=reinterpret pc=0x0000025b43b7e3f8 method=java.util.regex.Pattern.lambda$DOT$11(I)Z @ 3 c2
Event: 8.165 Thread 0x0000025b9b903c10 DEOPT PACKING pc=0x0000025b43b7e3f8 sp=0x000000d09e3fec80
Event: 8.165 Thread 0x0000025b9b903c10 DEOPT UNPACKING pc=0x0000025b434aa1a3 sp=0x000000d09e3febb8 mode 2
Event: 8.165 Thread 0x0000025b9b903c10 Uncommon trap: trap_request=0xffffffc6 fr.pc=0x0000025b43db8244 relative=0x0000000000000844
Event: 8.165 Thread 0x0000025b9b903c10 Uncommon trap: reason=bimorphic_or_optimized_type_check action=maybe_recompile pc=0x0000025b43db8244 method=java.util.regex.Pattern$Slice.match(Ljava/util/regex/Matcher;ILjava/lang/CharSequence;)Z @ 49 c2
Event: 8.165 Thread 0x0000025b9b903c10 DEOPT PACKING pc=0x0000025b43db8244 sp=0x000000d09e3febd0
Event: 8.165 Thread 0x0000025b9b903c10 DEOPT UNPACKING pc=0x0000025b434aa1a3 sp=0x000000d09e3feb08 mode 2
Event: 8.165 Thread 0x0000025b9b903c10 Uncommon trap: trap_request=0xffffffc6 fr.pc=0x0000025b43b76bdc relative=0x000000000000021c
Event: 8.165 Thread 0x0000025b9b903c10 Uncommon trap: reason=bimorphic_or_optimized_type_check action=maybe_recompile pc=0x0000025b43b76bdc method=java.util.regex.Pattern$BmpCharProperty.match(Ljava/util/regex/Matcher;ILjava/lang/CharSequence;)Z @ 14 c2
Event: 8.165 Thread 0x0000025b9b903c10 DEOPT PACKING pc=0x0000025b43b76bdc sp=0x000000d09e3feb50
Event: 8.165 Thread 0x0000025b9b903c10 DEOPT UNPACKING pc=0x0000025b434aa1a3 sp=0x000000d09e3feb10 mode 2
Event: 8.165 Thread 0x0000025b9b903c10 Uncommon trap: trap_request=0xffffffde fr.pc=0x0000025b43d41468 relative=0x00000000000000c8
Event: 8.165 Thread 0x0000025b9b903c10 Uncommon trap: reason=class_check action=maybe_recompile pc=0x0000025b43d41468 method=java.util.regex.Pattern.lambda$union$3(Ljava/util/regex/Pattern$CharPredicate;Ljava/util/regex/Pattern$CharPredicate;I)Z @ 12 c2
Event: 8.165 Thread 0x0000025b9b903c10 DEOPT PACKING pc=0x0000025b43d41468 sp=0x000000d09e3feae0
Event: 8.165 Thread 0x0000025b9b903c10 DEOPT UNPACKING pc=0x0000025b434aa1a3 sp=0x000000d09e3fe9f8 mode 2

Classes unloaded (0 events):
No events

Classes redefined (0 events):
No events

Internal exceptions (20 events):
Event: 6.667 Thread 0x0000025b32c4d700 Exception <a 'sun/nio/fs/WindowsException'{0x000000074ffec6d8}> (0x000000074ffec6d8) 
thrown [s\src\hotspot\share\prims\jni.cpp, line 516]
Event: 6.667 Thread 0x0000025b32c4d700 Exception <a 'sun/nio/fs/WindowsException'{0x000000074ffecaf0}> (0x000000074ffecaf0) 
thrown [s\src\hotspot\share\prims\jni.cpp, line 516]
Event: 6.667 Thread 0x0000025b32c4d700 Exception <a 'sun/nio/fs/WindowsException'{0x000000074ffedb60}> (0x000000074ffedb60) 
thrown [s\src\hotspot\share\prims\jni.cpp, line 516]
Event: 6.667 Thread 0x0000025b32c4d700 Exception <a 'sun/nio/fs/WindowsException'{0x000000074ffedee0}> (0x000000074ffedee0) 
thrown [s\src\hotspot\share\prims\jni.cpp, line 516]
Event: 6.673 Thread 0x0000025b32c4d700 Exception <a 'sun/nio/fs/WindowsException'{0x000000074fcd4518}> (0x000000074fcd4518) 
thrown [s\src\hotspot\share\prims\jni.cpp, line 516]
Event: 6.679 Thread 0x0000025b32c4d700 Exception <a 'sun/nio/fs/WindowsException'{0x000000074fceddf0}> (0x000000074fceddf0) 
thrown [s\src\hotspot\share\prims\jni.cpp, line 516]
Event: 6.683 Thread 0x0000025b32c4d700 Exception <a 'sun/nio/fs/WindowsException'{0x000000074fcf9ab0}> (0x000000074fcf9ab0) 
thrown [s\src\hotspot\share\prims\jni.cpp, line 516]
Event: 6.684 Thread 0x0000025b32c4d700 Exception <a 'sun/nio/fs/WindowsException'{0x000000074fcfa270}> (0x000000074fcfa270) 
thrown [s\src\hotspot\share\prims\jni.cpp, line 516]
Event: 6.684 Thread 0x0000025b32c4d700 Exception <a 'sun/nio/fs/WindowsException'{0x000000074fcfa830}> (0x000000074fcfa830) 
thrown [s\src\hotspot\share\prims\jni.cpp, line 516]
Event: 6.684 Thread 0x0000025b32c4d700 Exception <a 'sun/nio/fs/WindowsException'{0x000000074fcfafa8}> (0x000000074fcfafa8) 
thrown [s\src\hotspot\share\prims\jni.cpp, line 516]
Event: 6.684 Thread 0x0000025b32c4d700 Exception <a 'sun/nio/fs/WindowsException'{0x000000074fcfb338}> (0x000000074fcfb338) 
thrown [s\src\hotspot\share\prims\jni.cpp, line 516]
Event: 6.684 Thread 0x0000025b32c4d700 Exception <a 'sun/nio/fs/WindowsException'{0x000000074fcfbff8}> (0x000000074fcfbff8) 
thrown [s\src\hotspot\share\prims\jni.cpp, line 516]
Event: 6.684 Thread 0x0000025b32c4d700 Exception <a 'sun/nio/fs/WindowsException'{0x000000074fcfc320}> (0x000000074fcfc320) 
thrown [s\src\hotspot\share\prims\jni.cpp, line 516]
Event: 6.684 Thread 0x0000025b32c4d700 Exception <a 'sun/nio/fs/WindowsException'{0x000000074fcfcfd0}> (0x000000074fcfcfd0) 
thrown [s\src\hotspot\share\prims\jni.cpp, line 516]
Event: 7.287 Thread 0x0000025b9b9022c0 Exception <a 'java/lang/NoSuchMethodError'{0x000000074da14350}: 'java.lang.Object java.lang.invoke.DirectMethodHandle$Holder.invokeStaticInit(java.lang.Object, java.lang.Object, long, java.lang.Object)'> (0x000000074da14350) 
thrown [s\src\hotspot\share\interpreter\linkResolver.cpp, line 759]
Event: 7.288 Thread 0x0000025b9b9022c0 Exception <a 'java/lang/NoSuchMethodError'{0x000000074da1aa90}: 'java.lang.Object java.lang.invoke.DirectMethodHandle$Holder.newInvokeSpecial(java.lang.Object, java.lang.Object, long)'> (0x000000074da1aa90) 
thrown [s\src\hotspot\share\interpreter\linkResolver.cpp, line 759]
Event: 7.288 Thread 0x0000025b9b9022c0 Exception <a 'java/lang/NoSuchMethodError'{0x000000074da1e600}: 'java.lang.Object java.lang.invoke.Invokers$Holder.linkToTargetMethod(java.lang.Object, long, java.lang.Object)'> (0x000000074da1e600) 
thrown [s\src\hotspot\share\interpreter\linkResolver.cpp, line 759]
Event: 7.532 Thread 0x0000025b32c4d700 Exception <a 'java/lang/NoSuchMethodError'{0x000000074db9b140}: 'java.lang.Object java.lang.invoke.DirectMethodHandle$Holder.invokeStaticInit(java.lang.Object, java.lang.Object, int, int, int, int)'> (0x000000074db9b140) 
thrown [s\src\hotspot\share\interpreter\linkResolver.cpp, line 759]
Event: 7.791 Thread 0x0000025b32c4d700 Exception <a 'java/lang/NoSuchMethodError'{0x000000074ce72750}: 'void java.lang.invoke.DirectMethodHandle$Holder.invokeStatic(java.lang.Object, long)'> (0x000000074ce72750) 
thrown [s\src\hotspot\share\interpreter\linkResolver.cpp, line 759]
Event: 7.792 Thread 0x0000025b32c4d700 Exception <a 'java/lang/NoSuchMethodError'{0x000000074ce77da0}: 'java.lang.Object java.lang.invoke.DirectMethodHandle$Holder.newInvokeSpecial(java.lang.Object, long)'> (0x000000074ce77da0) 
thrown [s\src\hotspot\share\interpreter\linkResolver.cpp, line 759]

VM Operations (20 events):
Event: 7.239 Executing VM operation: HandshakeAllThreads
Event: 7.280 Executing VM operation: HandshakeAllThreads done
Event: 7.283 Executing VM operation: HandshakeAllThreads
Event: 7.283 Executing VM operation: HandshakeAllThreads done
Event: 7.320 Executing VM operation: ICBufferFull
Event: 7.320 Executing VM operation: ICBufferFull done
Event: 7.702 Executing VM operation: HandshakeAllThreads
Event: 7.702 Executing VM operation: HandshakeAllThreads done
Event: 7.713 Executing VM operation: HandshakeAllThreads
Event: 7.713 Executing VM operation: HandshakeAllThreads done
Event: 7.714 Executing VM operation: HandshakeAllThreads
Event: 7.714 Executing VM operation: HandshakeAllThreads done
Event: 7.745 Executing VM operation: HandshakeAllThreads
Event: 7.759 Executing VM operation: HandshakeAllThreads done
Event: 7.793 Executing VM operation: HandshakeAllThreads
Event: 7.793 Executing VM operation: HandshakeAllThreads done
Event: 7.796 Executing VM operation: HandshakeAllThreads
Event: 7.797 Executing VM operation: HandshakeAllThreads done
Event: 7.799 Executing VM operation: HandshakeAllThreads
Event: 7.799 Executing VM operation: HandshakeAllThreads done

Events (20 events):
Event: 7.794 loading class jdk/internal/event/ProcessStartEvent
Event: 7.794 loading class jdk/internal/event/ProcessStartEvent done
Event: 7.794 loading class java/nio/channels/ClosedChannelException
Event: 7.794 loading class java/nio/channels/ClosedChannelException done
Event: 7.797 loading class java/nio/channels/NonReadableChannelException
Event: 7.797 loading class java/nio/channels/NonReadableChannelException done
Event: 7.799 loading class java/nio/channels/NonWritableChannelException
Event: 7.799 loading class java/nio/channels/NonWritableChannelException done
Event: 7.811 Thread 0x0000025b9b903c10 Thread added: 0x0000025b9b903c10
Event: 7.811 Thread 0x0000025b9b904b40 Thread added: 0x0000025b9b904b40
Event: 7.818 Thread 0x0000025b9b901390 Thread added: 0x0000025b9b901390
Event: 7.862 loading class java/util/Scanner
Event: 7.863 loading class java/util/Scanner done
Event: 7.865 loading class java/util/Scanner$PatternLRUCache
Event: 7.866 loading class java/util/Scanner$PatternLRUCache done
Event: 8.138 Thread 0x0000025b9b6dd5c0 Thread exited: 0x0000025b9b6dd5c0
Event: 8.164 loading class java/util/concurrent/atomic/Striped64$1
Event: 8.165 loading class java/util/concurrent/atomic/Striped64$1 done
Event: 8.165 loading class java/util/regex/Matcher$ImmutableMatchResult
Event: 8.165 loading class java/util/regex/Matcher$ImmutableMatchResult done


Dynamic libraries:
0x00007ff618180000 - 0x00007ff61818e000 	C:\Users\HALESH\.jdks\corretto-17.0.10\bin\java.exe
0x00007ffa9acd0000 - 0x00007ffa9aee6000 	C:\WINDOWS\SYSTEM32\ntdll.dll
0x00007ffa99b90000 - 0x00007ffa99c54000 	C:\WINDOWS\System32\KERNEL32.DLL
0x00007ffa98110000 - 0x00007ffa984b7000 	C:\WINDOWS\System32\KERNELBASE.dll
0x00007ffa94db0000 - 0x00007ffa94e47000 	C:\WINDOWS\SYSTEM32\apphelp.dll
0x00007ffa97ff0000 - 0x00007ffa98101000 	C:\WINDOWS\System32\ucrtbase.dll
0x00007ffa83020000 - 0x00007ffa83037000 	C:\Users\HALESH\.jdks\corretto-17.0.10\bin\jli.dll
0x00007ffa7ea10000 - 0x00007ffa7ea2b000 	C:\Users\HALESH\.jdks\corretto-17.0.10\bin\VCRUNTIME140.dll
0x00007ffa9aae0000 - 0x00007ffa9ac8e000 	C:\WINDOWS\System32\USER32.dll
0x00007ffa98610000 - 0x00007ffa98636000 	C:\WINDOWS\System32\win32u.dll
0x00007ffa82d60000 - 0x00007ffa82ff3000 	C:\WINDOWS\WinSxS\amd64_microsoft.windows.common-controls_6595b64144ccf1df_6.0.22621.3235_none_270f74e173860f98\COMCTL32.dll
0x00007ffa994b0000 - 0x00007ffa994d9000 	C:\WINDOWS\System32\GDI32.dll
0x00007ffa9a760000 - 0x00007ffa9a807000 	C:\WINDOWS\System32\msvcrt.dll
0x00007ffa984c0000 - 0x00007ffa985d9000 	C:\WINDOWS\System32\gdi32full.dll
0x00007ffa987f0000 - 0x00007ffa9888a000 	C:\WINDOWS\System32\msvcp_win.dll
0x00007ffa98a00000 - 0x00007ffa98a31000 	C:\WINDOWS\System32\IMM32.DLL
0x00007ffa87190000 - 0x00007ffa8719c000 	C:\Users\HALESH\.jdks\corretto-17.0.10\bin\vcruntime140_1.dll
0x00007ffa574d0000 - 0x00007ffa5755d000 	C:\Users\HALESH\.jdks\corretto-17.0.10\bin\msvcp140.dll
0x00007ff9e1bb0000 - 0x00007ff9e2812000 	C:\Users\HALESH\.jdks\corretto-17.0.10\bin\server\jvm.dll
0x00007ffa994e0000 - 0x00007ffa99592000 	C:\WINDOWS\System32\ADVAPI32.dll
0x00007ffa9a810000 - 0x00007ffa9a8b8000 	C:\WINDOWS\System32\sechost.dll
0x00007ffa985e0000 - 0x00007ffa98608000 	C:\WINDOWS\System32\bcrypt.dll
0x00007ffa9a8c0000 - 0x00007ffa9a9d5000 	C:\WINDOWS\System32\RPCRT4.dll
0x00007ffa97070000 - 0x00007ffa970bd000 	C:\WINDOWS\SYSTEM32\POWRPROF.dll
0x00007ffa8a8e0000 - 0x00007ffa8a914000 	C:\WINDOWS\SYSTEM32\WINMM.dll
0x00007ffa88b20000 - 0x00007ffa88b29000 	C:\WINDOWS\SYSTEM32\WSOCK32.dll
0x00007ffa98a40000 - 0x00007ffa98ab1000 	C:\WINDOWS\System32\WS2_32.dll
0x00007ffa89750000 - 0x00007ffa8975a000 	C:\WINDOWS\SYSTEM32\VERSION.dll
0x00007ffa97010000 - 0x00007ffa97023000 	C:\WINDOWS\SYSTEM32\UMPDC.dll
0x00007ffa97120000 - 0x00007ffa97138000 	C:\WINDOWS\SYSTEM32\kernel.appcore.dll
0x00007ffa83490000 - 0x00007ffa8349a000 	C:\Users\HALESH\.jdks\corretto-17.0.10\bin\jimage.dll
0x00007ffa95920000 - 0x00007ffa95b53000 	C:\WINDOWS\SYSTEM32\DBGHELP.DLL
0x00007ffa997e0000 - 0x00007ffa99b68000 	C:\WINDOWS\System32\combase.dll
0x00007ffa9a680000 - 0x00007ffa9a757000 	C:\WINDOWS\System32\OLEAUT32.dll
0x00007ffa7acb0000 - 0x00007ffa7ace2000 	C:\WINDOWS\SYSTEM32\dbgcore.DLL
0x00007ffa98770000 - 0x00007ffa987e9000 	C:\WINDOWS\System32\bcryptPrimitives.dll
0x00007ffa89b00000 - 0x00007ffa89b0e000 	C:\Users\HALESH\.jdks\corretto-17.0.10\bin\instrument.dll
0x00007ffa6d3c0000 - 0x00007ffa6d3e5000 	C:\Users\HALESH\.jdks\corretto-17.0.10\bin\java.dll
0x00007ffa32d50000 - 0x00007ffa32e27000 	C:\Users\HALESH\.jdks\corretto-17.0.10\bin\jsvml.dll
0x00007ffa99e00000 - 0x00007ffa9a65c000 	C:\WINDOWS\System32\SHELL32.dll
0x00007ffa95f50000 - 0x00007ffa96849000 	C:\WINDOWS\SYSTEM32\windows.storage.dll
0x00007ffa95e10000 - 0x00007ffa95f4e000 	C:\WINDOWS\SYSTEM32\wintypes.dll
0x00007ffa9a9e0000 - 0x00007ffa9aad3000 	C:\WINDOWS\System32\SHCORE.dll
0x00007ffa995b0000 - 0x00007ffa9960e000 	C:\WINDOWS\System32\shlwapi.dll
0x00007ffa97f20000 - 0x00007ffa97f41000 	C:\WINDOWS\SYSTEM32\profapi.dll
0x00007ffa6d450000 - 0x00007ffa6d468000 	C:\Users\HALESH\.jdks\corretto-17.0.10\bin\zip.dll
0x00007ffa73750000 - 0x00007ffa73769000 	C:\Users\HALESH\.jdks\corretto-17.0.10\bin\net.dll
0x00007ffa8e2e0000 - 0x00007ffa8e416000 	C:\WINDOWS\SYSTEM32\WINHTTP.dll
0x00007ffa97590000 - 0x00007ffa975f9000 	C:\WINDOWS\system32\mswsock.dll
0x00007ffa6d760000 - 0x00007ffa6d776000 	C:\Users\HALESH\.jdks\corretto-17.0.10\bin\nio.dll
0x00007ffa802e0000 - 0x00007ffa802fa000 	C:\Program Files\JetBrains\IntelliJ IDEA Community Edition 2024.1.1\bin\breakgen64.dll
0x00007ffa76b50000 - 0x00007ffa76b59000 	C:\Users\HALESH\.jdks\corretto-17.0.10\bin\extnet.dll
0x0000000069ac0000 - 0x0000000069ae4000 	C:\Users\HALESH\AppData\Local\Temp\jansi-2.4.0-c795af02e318df17-jansi.dll
0x00007ffa70ad0000 - 0x00007ffa70ae0000 	C:\Users\HALESH\.jdks\corretto-17.0.10\bin\verify.dll
0x00007ffa97140000 - 0x00007ffa97174000 	C:\WINDOWS\SYSTEM32\ntmarta.dll
0x00007ffa977f0000 - 0x00007ffa9780b000 	C:\WINDOWS\SYSTEM32\CRYPTSP.dll
0x00007ffa97030000 - 0x00007ffa97065000 	C:\WINDOWS\system32\rsaenh.dll
0x00007ffa97690000 - 0x00007ffa976b8000 	C:\WINDOWS\SYSTEM32\USERENV.dll
0x00007ffa97810000 - 0x00007ffa9781c000 	C:\WINDOWS\SYSTEM32\CRYPTBASE.dll
0x00007ffa96ab0000 - 0x00007ffa96add000 	C:\WINDOWS\SYSTEM32\IPHLPAPI.DLL
0x00007ffa99610000 - 0x00007ffa99619000 	C:\WINDOWS\System32\NSI.dll
0x00007ffa8e560000 - 0x00007ffa8e579000 	C:\WINDOWS\SYSTEM32\dhcpcsvc6.DLL
0x00007ffa8e2c0000 - 0x00007ffa8e2df000 	C:\WINDOWS\SYSTEM32\dhcpcsvc.DLL
0x00007ffa96b20000 - 0x00007ffa96c19000 	C:\WINDOWS\SYSTEM32\DNSAPI.dll

dbghelp: loaded successfully - version: 4.0.5 - missing functions: none
symbol engine: initialized successfully - sym options: 0x614 - pdb path: .;C:\Users\HALESH\.jdks\corretto-17.0.10\bin;C:\WINDOWS\SYSTEM32;C:\WINDOWS\WinSxS\amd64_microsoft.windows.common-controls_6595b64144ccf1df_6.0.22621.3235_none_270f74e173860f98;C:\Users\HALESH\.jdks\corretto-17.0.10\bin\server;C:\Program Files\JetBrains\IntelliJ IDEA Community Edition 2024.1.1\bin;C:\Users\HALESH\AppData\Local\Temp

VM Arguments:
jvm_args: -Dmaven.multiModuleProjectDirectory=D:\SpringBootProjects\productInformation\productInformation -Djansi.passthrough=true -Dmaven.home=C:\Users\HALESH\.m2\wrapper\dists\apache-maven-3.9.6-bin\439sdfsg2nbdob9ciift5h5nse\apache-maven-3.9.6 -Dclassworlds.conf=C:\Users\HALESH\.m2\wrapper\dists\apache-maven-3.9.6-bin\439sdfsg2nbdob9ciift5h5nse\apache-maven-3.9.6\bin\m2.conf -Dmaven.ext.class.path=C:\Program Files\JetBrains\IntelliJ IDEA Community Edition 2024.1.1\plugins\maven\lib\maven-event-listener.jar -javaagent:C:\Program Files\JetBrains\IntelliJ IDEA Community Edition 2024.1.1\lib\idea_rt.jar=58086:C:\Program Files\JetBrains\IntelliJ IDEA Community Edition 2024.1.1\bin -Dfile.encoding=UTF-8 
java_command: org.codehaus.classworlds.Launcher -Didea.version=2024.1.1 clean install
java_class_path (initial): C:\Users\HALESH\.m2\wrapper\dists\apache-maven-3.9.6-bin\439sdfsg2nbdob9ciift5h5nse\apache-maven-3.9.6\boot\plexus-classworlds-2.7.0.jar;C:\Users\HALESH\.m2\wrapper\dists\apache-maven-3.9.6-bin\439sdfsg2nbdob9ciift5h5nse\apache-maven-3.9.6\boot\plexus-classworlds.license
Launcher Type: SUN_STANDARD

[Global flags]
     intx CICompilerCount                          = 4                                         {product} {ergonomic}
     uint ConcGCThreads                            = 2                                         {product} {ergonomic}
     uint G1ConcRefinementThreads                  = 8                                         {product} {ergonomic}
   size_t G1HeapRegionSize                         = 2097152                                   {product} {ergonomic}
    uintx GCDrainStackTargetSize                   = 64                                        {product} {ergonomic}
   size_t InitialHeapSize                          = 199229440                                 {product} {ergonomic}
   size_t MarkStackSize                            = 4194304                                   {product} {ergonomic}
   size_t MaxHeapSize                              = 3164602368                                {product} {ergonomic}
   size_t MaxNewSize                               = 1897922560                                {product} {ergonomic}
   size_t MinHeapDeltaBytes                        = 2097152                                   {product} {ergonomic}
   size_t MinHeapSize                              = 8388608                                   {product} {ergonomic}
    uintx NonNMethodCodeHeapSize                   = 5839372                                {pd product} {ergonomic}
    uintx NonProfiledCodeHeapSize                  = 122909434                              {pd product} {ergonomic}
    uintx ProfiledCodeHeapSize                     = 122909434                              {pd product} {ergonomic}
    uintx ReservedCodeCacheSize                    = 251658240                              {pd product} {ergonomic}
     bool SegmentedCodeCache                       = true                                      {product} {ergonomic}
   size_t SoftMaxHeapSize                          = 3164602368                             {manageable} {ergonomic}
     bool UseCompressedClassPointers               = true                           {product lp64_product} {ergonomic}
     bool UseCompressedOops                        = true                           {product lp64_product} {ergonomic}
     bool UseG1GC                                  = true                                      {product} {ergonomic}
     bool UseLargePagesIndividualAllocation        = false                                  {pd product} {ergonomic}

Logging:
Log output configuration:
 #0: stdout all=warning uptime,level,tags
 #1: stderr all=off uptime,level,tags

Environment Variables:
PATH=C:\Program Files\Google\Chrome\Application;C:\Program Files\Common Files\Oracle\Java\javapath;C:\MinGW\bin;C:\Program Files\nodejs\;D:\MAVEN\apache-maven-3.9.6-bin\apache-maven-3.9.6\bin;C:\Program Files\Git\cmd;C:\Program Files\MongoDB\Server\7.0\bin;C:\Program Files\MongoDB\mongosh-2.2.4-win32-x64\bin;C:\Users\HALESH\AppData\Local\Programs\Python\Python312\Scripts\;C:\Users\HALESH\AppData\Local\Programs\Python\Python312\;C:\Program Files\MySQL\MySQL Shell 8.0\bin\;C:\Users\HALESH\AppData\Local\Microsoft\WindowsApps;C:\Users\HALESH\Desktop\vs code programs\Microsoft VS Code\bin;;C:\Program Files\JetBrains\IntelliJ IDEA Educational Edition 2022.2.2\bin;;C:\Users\HALESH\.dotnet\tools;C:\Users\HALESH\AppData\Roaming\npm;C:\Program Files\JetBrains\IntelliJ IDEA 2023.3.6\bin;
USERNAME=HALESH
OS=Windows_NT
PROCESSOR_IDENTIFIER=Intel64 Family 6 Model 140 Stepping 1, GenuineIntel
TMP=C:\Users\HALESH\AppData\Local\Temp
TEMP=C:\Users\HALESH\AppData\Local\Temp



Periodic native trim disabled


---------------  S Y S T E M  ---------------

OS:
 Windows 11 , 64 bit Build 22621 (10.0.22621.3374)
OS uptime: 15 days 18:33 hours

CPU: total 8 (initial active 8) (4 cores per cpu, 2 threads per core) family 6 model 140 stepping 1 microcode 0x8a, cx8, cmov, fxsr, ht, mmx, 3dnowpref, sse, sse2, sse3, ssse3, sse4.1, sse4.2, popcnt, lzcnt, tsc, tscinvbit, avx, avx2, aes, erms, clmul, bmi1, bmi2, adx, avx512f, avx512dq, avx512cd, avx512bw, avx512vl, sha, fma, vzeroupper, avx512_vpopcntdq, avx512_vpclmulqdq, avx512_vaes, avx512_vnni, clflush, clflushopt, clwb, avx512_vbmi2, avx512_vbmi
Processor Information for processor 0
  Max Mhz: 2419, Current Mhz: 1209, Mhz Limit: 2419
Processor Information for processor 1
  Max Mhz: 2419, Current Mhz: 1209, Mhz Limit: 2419
Processor Information for processor 2
  Max Mhz: 2419, Current Mhz: 1209, Mhz Limit: 2419
Processor Information for processor 3
  Max Mhz: 2419, Current Mhz: 1209, Mhz Limit: 2419
Processor Information for processor 4
  Max Mhz: 2419, Current Mhz: 2419, Mhz Limit: 2419
Processor Information for processor 5
  Max Mhz: 2419, Current Mhz: 2419, Mhz Limit: 2419
Processor Information for processor 6
  Max Mhz: 2419, Current Mhz: 2419, Mhz Limit: 2419
Processor Information for processor 7
  Max Mhz: 2419, Current Mhz: 2419, Mhz Limit: 2419

Memory: 4k page, system-wide physical 12067M (1309M free)
TotalPageFile size 25919M (AvailPageFile size 3M)
current process WorkingSet (physical memory assigned to process): 333M, peak: 334M
current process commit charge ("private bytes"): 423M, peak: 426M

vm_info: OpenJDK 64-Bit Server VM (17.0.10+7-LTS) for windows-amd64 JRE (17.0.10+7-LTS), built on Jan 10 2024 22:11:07 by "Administrator" with MS VC++ 16.10 / 16.11 (VS2019)

END.
