#
# There is insufficient memory for the Java Runtime Environment to continue.
# Native memory allocation (malloc) failed to allocate 4882960 bytes for Chunk::new
# Possible reasons:
#   The system is out of physical RAM or swap space
#   The process is running with CompressedOops enabled, and the Java Heap may be blocking the growth of the native heap
# Possible solutions:
#   Reduce memory load on the system
#   Increase physical memory or swap space
#   Check if swap backing store is full
#   Decrease Java heap size (-Xmx/-Xms)
#   Decrease number of Java threads
#   Decrease Java thread stack sizes (-Xss)
#   Set larger code cache with -XX:ReservedCodeCacheSize=
#   JVM is running with Zero Based Compressed Oops mode in which the Java heap is
#     placed in the first 32GB address space. The Java Heap base address is the
#     maximum limit for the native heap growth. Please use -XX:HeapBaseMinAddress
#     to set the Java Heap base and to place the Java Heap above 32GB virtual address.
# This output file may be truncated or incomplete.
#
#  Out of Memory Error (arena.cpp:191), pid=27320, tid=25428
#
# JRE version: OpenJDK Runtime Environment Corretto-17.0.10.7.1 (17.0.10+7) (build 17.0.10+7-LTS)
# Java VM: OpenJDK 64-Bit Server VM Corretto-17.0.10.7.1 (17.0.10+7-LTS, mixed mode, sharing, tiered, compressed oops, compressed class ptrs, g1 gc, windows-amd64)
# No core dump will be written. Minidumps are not enabled by default on client versions of Windows
#

---------------  S U M M A R Y ------------

Command Line: -Dmaven.multiModuleProjectDirectory=D:\SpringBootProjects\productInformation\productInformation -Djansi.passthrough=true -Dmaven.home=C:\Users\HALESH\.m2\wrapper\dists\apache-maven-3.9.6-bin\439sdfsg2nbdob9ciift5h5nse\apache-maven-3.9.6 -Dclassworlds.conf=C:\Users\HALESH\.m2\wrapper\dists\apache-maven-3.9.6-bin\439sdfsg2nbdob9ciift5h5nse\apache-maven-3.9.6\bin\m2.conf -Dmaven.ext.class.path=C:\Program Files\JetBrains\IntelliJ IDEA Community Edition 2024.1.1\plugins\maven\lib\maven-event-listener.jar -javaagent:C:\Program Files\JetBrains\IntelliJ IDEA Community Edition 2024.1.1\lib\idea_rt.jar=58028:C:\Program Files\JetBrains\IntelliJ IDEA Community Edition 2024.1.1\bin -Dfile.encoding=UTF-8 org.codehaus.classworlds.Launcher -Didea.version=2024.1.1 clean install

Host: 11th Gen Intel(R) Core(TM) i5-1135G7 @ 2.40GHz, 8 cores, 11G,  Windows 11 , 64 bit Build 22621 (10.0.22621.3374)
Time: Fri May 24 12:45:21 2024 India Standard Time elapsed time: 7.963720 seconds (0d 0h 0m 7s)

---------------  T H R E A D  ---------------

Current thread (0x000001aace172df0):  JavaThread "C2 CompilerThread1" daemon [_thread_in_native, id=25428, stack(0x000000100d800000,0x000000100d900000)]


Current CompileTask:
C2:   7963 7034       4       org.codehaus.plexus.classworlds.realm.ClassRealm::loadClass (7 bytes)

Stack: [0x000000100d800000,0x000000100d900000]
Native frames: (J=compiled Java code, j=interpreted, Vv=VM code, C=native code)
V  [jvm.dll+0x67d2c9]
V  [jvm.dll+0x834b1a]
V  [jvm.dll+0x8365de]
V  [jvm.dll+0x836c43]
V  [jvm.dll+0x2477ff]
V  [jvm.dll+0xac514]
V  [jvm.dll+0xacb5c]
V  [jvm.dll+0x3667d7]
V  [jvm.dll+0x1bcd86]
V  [jvm.dll+0x21a049]
V  [jvm.dll+0x219311]
V  [jvm.dll+0x1a502d]
V  [jvm.dll+0x2290de]
V  [jvm.dll+0x2272ac]
V  [jvm.dll+0x7e9bd7]
V  [jvm.dll+0x7e3fda]
V  [jvm.dll+0x67c1b5]
C  [ucrtbase.dll+0x29333]
C  [KERNEL32.DLL+0x1257d]
C  [ntdll.dll+0x5aa48]


---------------  P R O C E S S  ---------------

Threads class SMR info:
_java_thread_list=0x000001aacedf4290, length=20, elements={
0x000001aae5d6e980, 0x000001aa88275e00, 0x000001aa882769c0, 0x000001aa886f40b0,
0x000001aa886f4980, 0x000001aa886fd770, 0x000001aa88704260, 0x000001aa8870cb70,
0x000001aa8870d230, 0x000001aa8871f860, 0x000001aa8880aed0, 0x000001aa88807720,
0x000001aa88809fa0, 0x000001aace172df0, 0x000001aa88809070, 0x000001aa88808650,
0x000001aa88809580, 0x000001aa88809a90, 0x000001aad1498d30, 0x000001aad149d920
}

Java Threads: ( => current thread )
  0x000001aae5d6e980 JavaThread "main" [_thread_in_native, id=23912, stack(0x000000100c400000,0x000000100c500000)]
  0x000001aa88275e00 JavaThread "Reference Handler" daemon [_thread_blocked, id=3828, stack(0x000000100cb00000,0x000000100cc00000)]
  0x000001aa882769c0 JavaThread "Finalizer" daemon [_thread_blocked, id=36976, stack(0x000000100cc00000,0x000000100cd00000)]
  0x000001aa886f40b0 JavaThread "Signal Dispatcher" daemon [_thread_blocked, id=32228, stack(0x000000100cd00000,0x000000100ce00000)]
  0x000001aa886f4980 JavaThread "Attach Listener" daemon [_thread_blocked, id=33476, stack(0x000000100ce00000,0x000000100cf00000)]
  0x000001aa886fd770 JavaThread "Service Thread" daemon [_thread_blocked, id=5188, stack(0x000000100cf00000,0x000000100d000000)]
  0x000001aa88704260 JavaThread "Monitor Deflation Thread" daemon [_thread_blocked, id=8548, stack(0x000000100d000000,0x000000100d100000)]
  0x000001aa8870cb70 JavaThread "C2 CompilerThread0" daemon [_thread_blocked, id=4620, stack(0x000000100d100000,0x000000100d200000)]
  0x000001aa8870d230 JavaThread "C1 CompilerThread0" daemon [_thread_blocked, id=18788, stack(0x000000100d200000,0x000000100d300000)]
  0x000001aa8871f860 JavaThread "Sweeper thread" daemon [_thread_blocked, id=28584, stack(0x000000100d300000,0x000000100d400000)]
  0x000001aa8880aed0 JavaThread "Common-Cleaner" daemon [_thread_blocked, id=28136, stack(0x000000100d400000,0x000000100d500000)]
  0x000001aa88807720 JavaThread "Monitor Ctrl-Break" daemon [_thread_in_native, id=10880, stack(0x000000100d500000,0x000000100d600000)]
  0x000001aa88809fa0 JavaThread "Notification Thread" daemon [_thread_blocked, id=34560, stack(0x000000100d600000,0x000000100d700000)]
=>0x000001aace172df0 JavaThread "C2 CompilerThread1" daemon [_thread_in_native, id=25428, stack(0x000000100d800000,0x000000100d900000)]
  0x000001aa88809070 JavaThread "timeout-check-timer" daemon [_thread_blocked, id=30236, stack(0x000000100d900000,0x000000100da00000)]
  0x000001aa88808650 JavaThread "ping-timer-10s" daemon [_thread_blocked, id=32496, stack(0x000000100e500000,0x000000100e600000)]
  0x000001aa88809580 JavaThread "ThreadedStreamConsumer" daemon [_thread_blocked, id=34248, stack(0x000000100e700000,0x000000100e800000)]
  0x000001aa88809a90 JavaThread "fork-1-err-thread" daemon [_thread_in_native, id=1772, stack(0x000000100e800000,0x000000100e900000)]
  0x000001aad1498d30 JavaThread "commands-fork-1" daemon [_thread_blocked, id=2484, stack(0x000000100e900000,0x000000100ea00000)]
  0x000001aad149d920 JavaThread "fork-1-event-thread" daemon [_thread_in_native, id=31400, stack(0x000000100ea00000,0x000000100eb00000)]

Other Threads:
  0x000001aa8826f330 VMThread "VM Thread" [stack: 0x000000100ca00000,0x000000100cb00000] [id=9116]
  0x000001aa88911970 WatcherThread [stack: 0x000000100d700000,0x000000100d800000] [id=33668]
  0x000001aae5dc5c20 GCTaskThread "GC Thread#0" [stack: 0x000000100c500000,0x000000100c600000] [id=37472]
  0x000001aace228b30 GCTaskThread "GC Thread#1" [stack: 0x000000100da00000,0x000000100db00000] [id=32408]
  0x000001aace88adc0 GCTaskThread "GC Thread#2" [stack: 0x000000100db00000,0x000000100dc00000] [id=26724]
  0x000001aace88b080 GCTaskThread "GC Thread#3" [stack: 0x000000100dc00000,0x000000100dd00000] [id=36116]
  0x000001aace1f3b50 GCTaskThread "GC Thread#4" [stack: 0x000000100dd00000,0x000000100de00000] [id=37716]
  0x000001aacea075b0 GCTaskThread "GC Thread#5" [stack: 0x000000100de00000,0x000000100df00000] [id=35436]
  0x000001aacea07870 GCTaskThread "GC Thread#6" [stack: 0x000000100df00000,0x000000100e000000] [id=26752]
  0x000001aace9efd90 GCTaskThread "GC Thread#7" [stack: 0x000000100e000000,0x000000100e100000] [id=33536]
  0x000001aae5dd2800 ConcurrentGCThread "G1 Main Marker" [stack: 0x000000100c600000,0x000000100c700000] [id=27404]
  0x000001aae5dd39d0 ConcurrentGCThread "G1 Conc#0" [stack: 0x000000100c700000,0x000000100c800000] [id=27272]
  0x000001aacf24e580 ConcurrentGCThread "G1 Conc#1" [stack: 0x000000100e100000,0x000000100e200000] [id=30208]
  0x000001aa8812bcf0 ConcurrentGCThread "G1 Refine#0" [stack: 0x000000100c800000,0x000000100c900000] [id=26868]
  0x000001aace0debe0 ConcurrentGCThread "G1 Refine#1" [stack: 0x000000100e200000,0x000000100e300000] [id=11036]
  0x000001aa88ad5ed0 ConcurrentGCThread "G1 Refine#2" [stack: 0x000000100e300000,0x000000100e400000] [id=34128]
  0x000001aad0d87370 ConcurrentGCThread "G1 Refine#3" [stack: 0x000000100e400000,0x000000100e500000] [id=33300]
  0x000001aa8812c720 ConcurrentGCThread "G1 Service" [stack: 0x000000100c900000,0x000000100ca00000] [id=32048]

Threads with active compile tasks:
C2 CompilerThread1     7980 7034       4       org.codehaus.plexus.classworlds.realm.ClassRealm::loadClass (7 bytes)

VM state: not at safepoint (normal execution)

VM Mutex/Monitor currently owned by a thread: None

Heap address: 0x0000000743600000, size: 3018 MB, Compressed Oops mode: Zero based, Oop shift amount: 3

CDS archive(s) mapped at: [0x000001aa89000000-0x000001aa89bb0000-0x000001aa89bb0000), size 12255232, SharedBaseAddress: 0x000001aa89000000, ArchiveRelocationMode: 1.
Compressed class space mapped at: 0x000001aa8a000000-0x000001aaca000000, reserved size: 1073741824
Narrow klass base: 0x000001aa89000000, Narrow klass shift: 0, Narrow klass range: 0x100000000

GC Precious Log:
 CPUs: 8 total, 8 available
 Memory: 12067M
 Large Page Support: Disabled
 NUMA Support: Disabled
 Compressed Oops: Enabled (Zero based)
 Heap Region Size: 2M
 Heap Min Capacity: 8M
 Heap Initial Capacity: 190M
 Heap Max Capacity: 3018M
 Pre-touch: Disabled
 Parallel Workers: 8
 Concurrent Workers: 2
 Concurrent Refinement Workers: 8
 Periodic GC: Disabled

Heap:
 garbage-first heap   total 192512K, used 92894K [0x0000000743600000, 0x0000000800000000)
  region size 2048K, 20 young (40960K), 1 survivors (2048K)
 Metaspace       used 34076K, committed 34496K, reserved 1114112K
  class space    used 3912K, committed 4096K, reserved 1048576K

Heap Regions: E=young(eden), S=young(survivor), O=old, HS=humongous(starts), HC=humongous(continues), CS=collection set, F=free, OA=open archive, CA=closed archive, TAMS=top-at-mark-start (previous, next)
|   0|0x0000000743600000, 0x0000000743800000, 0x0000000743800000|100%| O|  |TAMS 0x0000000743800000, 0x0000000743600000| Untracked 
|   1|0x0000000743800000, 0x0000000743a00000, 0x0000000743a00000|100%| O|  |TAMS 0x0000000743a00000, 0x0000000743800000| Untracked 
|   2|0x0000000743a00000, 0x0000000743c00000, 0x0000000743c00000|100%| O|  |TAMS 0x0000000743c00000, 0x0000000743a00000| Untracked 
|   3|0x0000000743c00000, 0x0000000743e00000, 0x0000000743e00000|100%|HS|  |TAMS 0x0000000743e00000, 0x0000000743c00000| Complete 
|   4|0x0000000743e00000, 0x0000000744000000, 0x0000000744000000|100%| O|  |TAMS 0x0000000744000000, 0x0000000743e00000| Untracked 
|   5|0x0000000744000000, 0x0000000744200000, 0x0000000744200000|100%| O|  |TAMS 0x0000000744200000, 0x0000000744000000| Untracked 
|   6|0x0000000744200000, 0x0000000744400000, 0x0000000744400000|100%| O|  |TAMS 0x0000000744400000, 0x0000000744200000| Untracked 
|   7|0x0000000744400000, 0x0000000744600000, 0x0000000744600000|100%| O|  |TAMS 0x0000000744600000, 0x0000000744400000| Untracked 
|   8|0x0000000744600000, 0x0000000744800000, 0x0000000744800000|100%| O|  |TAMS 0x0000000744800000, 0x0000000744600000| Untracked 
|   9|0x0000000744800000, 0x0000000744a00000, 0x0000000744a00000|100%|HS|  |TAMS 0x0000000744a00000, 0x0000000744800000| Complete 
|  10|0x0000000744a00000, 0x0000000744c00000, 0x0000000744c00000|100%| O|  |TAMS 0x0000000744c00000, 0x0000000744a00000| Untracked 
|  11|0x0000000744c00000, 0x0000000744c00000, 0x0000000744e00000|  0%| F|  |TAMS 0x0000000744c00000, 0x0000000744c00000| Untracked 
|  12|0x0000000744e00000, 0x0000000744e00000, 0x0000000745000000|  0%| F|  |TAMS 0x0000000744e00000, 0x0000000744e00000| Untracked 
|  13|0x0000000745000000, 0x0000000745200000, 0x0000000745200000|100%| O|  |TAMS 0x0000000745200000, 0x0000000745000000| Untracked 
|  14|0x0000000745200000, 0x0000000745400000, 0x0000000745400000|100%| O|  |TAMS 0x0000000745400000, 0x0000000745200000| Untracked 
|  15|0x0000000745400000, 0x0000000745600000, 0x0000000745600000|100%| O|  |TAMS 0x0000000745600000, 0x0000000745400000| Untracked 
|  16|0x0000000745600000, 0x0000000745800000, 0x0000000745800000|100%| O|  |TAMS 0x0000000745736400, 0x0000000745600000| Untracked 
|  17|0x0000000745800000, 0x0000000745a00000, 0x0000000745a00000|100%| O|  |TAMS 0x0000000745800000, 0x0000000745800000| Untracked 
|  18|0x0000000745a00000, 0x0000000745c00000, 0x0000000745c00000|100%| O|  |TAMS 0x0000000745a00000, 0x0000000745a00000| Untracked 
|  19|0x0000000745c00000, 0x0000000745c00000, 0x0000000745e00000|  0%| F|  |TAMS 0x0000000745c00000, 0x0000000745c00000| Untracked 
|  20|0x0000000745e00000, 0x0000000746000000, 0x0000000746000000|100%| O|  |TAMS 0x0000000746000000, 0x0000000745e00000| Untracked 
|  21|0x0000000746000000, 0x0000000746200000, 0x0000000746200000|100%| O|  |TAMS 0x0000000746200000, 0x0000000746000000| Untracked 
|  22|0x0000000746200000, 0x0000000746400000, 0x0000000746400000|100%| O|  |TAMS 0x0000000746400000, 0x0000000746200000| Untracked 
|  23|0x0000000746400000, 0x0000000746600000, 0x0000000746600000|100%| O|  |TAMS 0x0000000746600000, 0x0000000746400000| Untracked 
|  24|0x0000000746600000, 0x0000000746800000, 0x0000000746800000|100%| O|  |TAMS 0x0000000746600000, 0x0000000746600000| Untracked 
|  25|0x0000000746800000, 0x0000000746a00000, 0x0000000746a00000|100%| O|  |TAMS 0x0000000746800000, 0x0000000746800000| Untracked 
|  26|0x0000000746a00000, 0x0000000746c00000, 0x0000000746c00000|100%| O|  |TAMS 0x0000000746a00000, 0x0000000746a00000| Untracked 
|  27|0x0000000746c00000, 0x0000000746e00000, 0x0000000746e00000|100%| O|  |TAMS 0x0000000746c00000, 0x0000000746c00000| Untracked 
|  28|0x0000000746e00000, 0x0000000747000000, 0x0000000747000000|100%| O|  |TAMS 0x0000000746e00000, 0x0000000746e00000| Untracked 
|  29|0x0000000747000000, 0x0000000747010200, 0x0000000747200000|  3%| O|  |TAMS 0x0000000747000000, 0x0000000747000000| Untracked 
|  30|0x0000000747200000, 0x0000000747200000, 0x0000000747400000|  0%| F|  |TAMS 0x0000000747200000, 0x0000000747200000| Untracked 
|  31|0x0000000747400000, 0x0000000747400000, 0x0000000747600000|  0%| F|  |TAMS 0x0000000747400000, 0x0000000747400000| Untracked 
|  32|0x0000000747600000, 0x0000000747600000, 0x0000000747800000|  0%| F|  |TAMS 0x0000000747600000, 0x0000000747600000| Untracked 
|  33|0x0000000747800000, 0x0000000747800000, 0x0000000747a00000|  0%| F|  |TAMS 0x0000000747800000, 0x0000000747800000| Untracked 
|  34|0x0000000747a00000, 0x0000000747a00000, 0x0000000747c00000|  0%| F|  |TAMS 0x0000000747a00000, 0x0000000747a00000| Untracked 
|  35|0x0000000747c00000, 0x0000000747c00000, 0x0000000747e00000|  0%| F|  |TAMS 0x0000000747c00000, 0x0000000747c00000| Untracked 
|  36|0x0000000747e00000, 0x0000000747e00000, 0x0000000748000000|  0%| F|  |TAMS 0x0000000747e00000, 0x0000000747e00000| Untracked 
|  37|0x0000000748000000, 0x0000000748000000, 0x0000000748200000|  0%| F|  |TAMS 0x0000000748000000, 0x0000000748000000| Untracked 
|  38|0x0000000748200000, 0x0000000748200000, 0x0000000748400000|  0%| F|  |TAMS 0x0000000748200000, 0x0000000748200000| Untracked 
|  39|0x0000000748400000, 0x0000000748400000, 0x0000000748600000|  0%| F|  |TAMS 0x0000000748400000, 0x0000000748400000| Untracked 
|  40|0x0000000748600000, 0x0000000748600000, 0x0000000748800000|  0%| F|  |TAMS 0x0000000748600000, 0x0000000748600000| Untracked 
|  41|0x0000000748800000, 0x0000000748800000, 0x0000000748a00000|  0%| F|  |TAMS 0x0000000748800000, 0x0000000748800000| Untracked 
|  42|0x0000000748a00000, 0x0000000748a00000, 0x0000000748c00000|  0%| F|  |TAMS 0x0000000748a00000, 0x0000000748a00000| Untracked 
|  43|0x0000000748c00000, 0x0000000748c00000, 0x0000000748e00000|  0%| F|  |TAMS 0x0000000748c00000, 0x0000000748c00000| Untracked 
|  44|0x0000000748e00000, 0x0000000748e00000, 0x0000000749000000|  0%| F|  |TAMS 0x0000000748e00000, 0x0000000748e00000| Untracked 
|  45|0x0000000749000000, 0x0000000749000000, 0x0000000749200000|  0%| F|  |TAMS 0x0000000749000000, 0x0000000749000000| Untracked 
|  46|0x0000000749200000, 0x0000000749200000, 0x0000000749400000|  0%| F|  |TAMS 0x0000000749200000, 0x0000000749200000| Untracked 
|  47|0x0000000749400000, 0x0000000749400000, 0x0000000749600000|  0%| F|  |TAMS 0x0000000749400000, 0x0000000749400000| Untracked 
|  48|0x0000000749600000, 0x0000000749600000, 0x0000000749800000|  0%| F|  |TAMS 0x0000000749600000, 0x0000000749600000| Untracked 
|  49|0x0000000749800000, 0x0000000749800000, 0x0000000749a00000|  0%| F|  |TAMS 0x0000000749800000, 0x0000000749800000| Untracked 
|  50|0x0000000749a00000, 0x0000000749a00000, 0x0000000749c00000|  0%| F|  |TAMS 0x0000000749a00000, 0x0000000749a00000| Untracked 
|  51|0x0000000749c00000, 0x0000000749c00000, 0x0000000749e00000|  0%| F|  |TAMS 0x0000000749c00000, 0x0000000749c00000| Untracked 
|  52|0x0000000749e00000, 0x0000000749e00000, 0x000000074a000000|  0%| F|  |TAMS 0x0000000749e00000, 0x0000000749e00000| Untracked 
|  53|0x000000074a000000, 0x000000074a000000, 0x000000074a200000|  0%| F|  |TAMS 0x000000074a000000, 0x000000074a000000| Untracked 
|  54|0x000000074a200000, 0x000000074a200000, 0x000000074a400000|  0%| F|  |TAMS 0x000000074a200000, 0x000000074a200000| Untracked 
|  55|0x000000074a400000, 0x000000074a400000, 0x000000074a600000|  0%| F|  |TAMS 0x000000074a400000, 0x000000074a400000| Untracked 
|  56|0x000000074a600000, 0x000000074a600000, 0x000000074a800000|  0%| F|  |TAMS 0x000000074a600000, 0x000000074a600000| Untracked 
|  57|0x000000074a800000, 0x000000074a800000, 0x000000074aa00000|  0%| F|  |TAMS 0x000000074a800000, 0x000000074a800000| Untracked 
|  58|0x000000074aa00000, 0x000000074aa00000, 0x000000074ac00000|  0%| F|  |TAMS 0x000000074aa00000, 0x000000074aa00000| Untracked 
|  59|0x000000074ac00000, 0x000000074ac00000, 0x000000074ae00000|  0%| F|  |TAMS 0x000000074ac00000, 0x000000074ac00000| Untracked 
|  60|0x000000074ae00000, 0x000000074ae00000, 0x000000074b000000|  0%| F|  |TAMS 0x000000074ae00000, 0x000000074ae00000| Untracked 
|  61|0x000000074b000000, 0x000000074b000000, 0x000000074b200000|  0%| F|  |TAMS 0x000000074b000000, 0x000000074b000000| Untracked 
|  62|0x000000074b200000, 0x000000074b200000, 0x000000074b400000|  0%| F|  |TAMS 0x000000074b200000, 0x000000074b200000| Untracked 
|  63|0x000000074b400000, 0x000000074b400000, 0x000000074b600000|  0%| F|  |TAMS 0x000000074b400000, 0x000000074b400000| Untracked 
|  64|0x000000074b600000, 0x000000074b600000, 0x000000074b800000|  0%| F|  |TAMS 0x000000074b600000, 0x000000074b600000| Untracked 
|  65|0x000000074b800000, 0x000000074b800000, 0x000000074ba00000|  0%| F|  |TAMS 0x000000074b800000, 0x000000074b800000| Untracked 
|  66|0x000000074ba00000, 0x000000074ba00000, 0x000000074bc00000|  0%| F|  |TAMS 0x000000074ba00000, 0x000000074ba00000| Untracked 
|  67|0x000000074bc00000, 0x000000074bc00000, 0x000000074be00000|  0%| F|  |TAMS 0x000000074bc00000, 0x000000074bc00000| Untracked 
|  68|0x000000074be00000, 0x000000074be00000, 0x000000074c000000|  0%| F|  |TAMS 0x000000074be00000, 0x000000074be00000| Untracked 
|  69|0x000000074c000000, 0x000000074c000000, 0x000000074c200000|  0%| F|  |TAMS 0x000000074c000000, 0x000000074c000000| Untracked 
|  70|0x000000074c200000, 0x000000074c200000, 0x000000074c400000|  0%| F|  |TAMS 0x000000074c200000, 0x000000074c200000| Untracked 
|  71|0x000000074c400000, 0x000000074c400000, 0x000000074c600000|  0%| F|  |TAMS 0x000000074c400000, 0x000000074c400000| Untracked 
|  72|0x000000074c600000, 0x000000074c600000, 0x000000074c800000|  0%| F|  |TAMS 0x000000074c600000, 0x000000074c600000| Untracked 
|  73|0x000000074c800000, 0x000000074c8ae9d0, 0x000000074ca00000| 34%| E|  |TAMS 0x000000074c800000, 0x000000074c800000| Complete 
|  74|0x000000074ca00000, 0x000000074cc00000, 0x000000074cc00000|100%| E|CS|TAMS 0x000000074ca00000, 0x000000074ca00000| Complete 
|  75|0x000000074cc00000, 0x000000074ce00000, 0x000000074ce00000|100%| E|CS|TAMS 0x000000074cc00000, 0x000000074cc00000| Complete 
|  76|0x000000074ce00000, 0x000000074d000000, 0x000000074d000000|100%| E|CS|TAMS 0x000000074ce00000, 0x000000074ce00000| Complete 
|  77|0x000000074d000000, 0x000000074d200000, 0x000000074d200000|100%| E|CS|TAMS 0x000000074d000000, 0x000000074d000000| Complete 
|  78|0x000000074d200000, 0x000000074d400000, 0x000000074d400000|100%| E|CS|TAMS 0x000000074d200000, 0x000000074d200000| Complete 
|  79|0x000000074d400000, 0x000000074d600000, 0x000000074d600000|100%| E|CS|TAMS 0x000000074d400000, 0x000000074d400000| Complete 
|  80|0x000000074d600000, 0x000000074d800000, 0x000000074d800000|100%| E|CS|TAMS 0x000000074d600000, 0x000000074d600000| Complete 
|  81|0x000000074d800000, 0x000000074da00000, 0x000000074da00000|100%| E|CS|TAMS 0x000000074d800000, 0x000000074d800000| Complete 
|  82|0x000000074da00000, 0x000000074dc00000, 0x000000074dc00000|100%| E|CS|TAMS 0x000000074da00000, 0x000000074da00000| Complete 
|  83|0x000000074dc00000, 0x000000074de00000, 0x000000074de00000|100%| E|CS|TAMS 0x000000074dc00000, 0x000000074dc00000| Complete 
|  84|0x000000074de00000, 0x000000074e000000, 0x000000074e000000|100%| E|CS|TAMS 0x000000074de00000, 0x000000074de00000| Complete 
|  85|0x000000074e000000, 0x000000074e200000, 0x000000074e200000|100%| E|CS|TAMS 0x000000074e000000, 0x000000074e000000| Complete 
|  86|0x000000074e200000, 0x000000074e400000, 0x000000074e400000|100%| E|CS|TAMS 0x000000074e200000, 0x000000074e200000| Complete 
|  87|0x000000074e400000, 0x000000074e600000, 0x000000074e600000|100%| E|CS|TAMS 0x000000074e400000, 0x000000074e400000| Complete 
|  88|0x000000074e600000, 0x000000074e800000, 0x000000074e800000|100%| E|CS|TAMS 0x000000074e600000, 0x000000074e600000| Complete 
|  89|0x000000074e800000, 0x000000074ea00000, 0x000000074ea00000|100%| E|CS|TAMS 0x000000074e800000, 0x000000074e800000| Complete 
|  90|0x000000074ea00000, 0x000000074ec00000, 0x000000074ec00000|100%| E|CS|TAMS 0x000000074ea00000, 0x000000074ea00000| Complete 
|  91|0x000000074ec00000, 0x000000074eca77d8, 0x000000074ee00000| 32%| S|CS|TAMS 0x000000074ec00000, 0x000000074ec00000| Complete 
|  94|0x000000074f200000, 0x000000074f400000, 0x000000074f400000|100%| E|CS|TAMS 0x000000074f200000, 0x000000074f200000| Complete 
|1508|0x00000007ffe00000, 0x0000000800000000, 0x0000000800000000|100%| O|  |TAMS 0x0000000800000000, 0x00000007ffe00000| Untracked 

Card table byte_map: [0x000001aaff070000,0x000001aaff660000] _byte_map_base: 0x000001aafb655000

Marking Bits (Prev, Next): (CMBitMap*) 0x000001aae5dc6240, (CMBitMap*) 0x000001aae5dc6280
 Prev Bits: [0x000001aa80000000, 0x000001aa82f28000)
 Next Bits: [0x000001aa82f30000, 0x000001aa85e58000)

Polling page: 0x000001aae5be0000

Metaspace:

Usage:
  Non-class:     29.46 MB used.
      Class:      3.82 MB used.
       Both:     33.28 MB used.

Virtual space:
  Non-class space:       64.00 MB reserved,      29.69 MB ( 46%) committed,  1 nodes.
      Class space:        1.00 GB reserved,       4.00 MB ( <1%) committed,  1 nodes.
             Both:        1.06 GB reserved,      33.69 MB (  3%) committed. 

Chunk freelists:
   Non-Class:  1.84 MB
       Class:  12.05 MB
        Both:  13.89 MB

MaxMetaspaceSize: unlimited
CompressedClassSpaceSize: 1.00 GB
Initial GC threshold: 21.00 MB
Current GC threshold: 49.06 MB
CDS: on
MetaspaceReclaimPolicy: balanced
 - commit_granule_bytes: 65536.
 - commit_granule_words: 8192.
 - virtual_space_node_default_size: 8388608.
 - enlarge_chunks_in_place: 1.
 - new_chunks_are_fully_committed: 0.
 - uncommit_free_chunks: 1.
 - use_allocation_guard: 0.
 - handle_deallocations: 1.


Internal statistics:

num_allocs_failed_limit: 3.
num_arena_births: 222.
num_arena_deaths: 0.
num_vsnodes_births: 2.
num_vsnodes_deaths: 0.
num_space_committed: 539.
num_space_uncommitted: 0.
num_chunks_returned_to_freelist: 3.
num_chunks_taken_from_freelist: 1469.
num_chunk_merges: 3.
num_chunk_splits: 1019.
num_chunks_enlarged: 789.
num_inconsistent_stats: 0.

CodeHeap 'non-profiled nmethods': size=120000Kb used=3957Kb max_used=3957Kb free=116042Kb
 bounds [0x000001aaf6af0000, 0x000001aaf6ed0000, 0x000001aafe020000]
CodeHeap 'profiled nmethods': size=120000Kb used=13104Kb max_used=13104Kb free=106895Kb
 bounds [0x000001aaef020000, 0x000001aaefcf0000, 0x000001aaf6550000]
CodeHeap 'non-nmethods': size=5760Kb used=1256Kb max_used=1336Kb free=4503Kb
 bounds [0x000001aaf6550000, 0x000001aaf67c0000, 0x000001aaf6af0000]
 total_blobs=6753 nmethods=6198 adapters=467
 compilation: enabled
              stopped_count=0, restarted_count=0
 full_count=0

Compilation events (20 events):
Event: 7.075 Thread 0x000001aa8870d230 nmethod 7038 0x000001aaefcea510 code [0x000001aaefcea6a0, 0x000001aaefcea858]
Event: 7.077 Thread 0x000001aa8870d230 7039       3       java.lang.ProcessEnvironment$CheckedEntry::getKey (5 bytes)
Event: 7.077 Thread 0x000001aa8870d230 nmethod 7039 0x000001aaefcea910 code [0x000001aaefceaac0, 0x000001aaefceade8]
Event: 7.077 Thread 0x000001aa8870d230 7041       3       java.lang.ProcessEnvironment$NameComparator::compare (90 bytes)
Event: 7.078 Thread 0x000001aa8870d230 nmethod 7041 0x000001aaefceaf10 code [0x000001aaefceb220, 0x000001aaefcec518]
Event: 7.078 Thread 0x000001aa8870d230 7040       3       java.lang.ProcessEnvironment$CheckedEntry::getKey (13 bytes)
Event: 7.078 Thread 0x000001aa8870d230 nmethod 7040 0x000001aaefcece10 code [0x000001aaefcecfc0, 0x000001aaefced288]
Event: 7.078 Thread 0x000001aa8870d230 7042       3       java.lang.ProcessEnvironment$CheckedEntry::getValue (5 bytes)
Event: 7.079 Thread 0x000001aa8870d230 nmethod 7042 0x000001aaefced390 code [0x000001aaefced540, 0x000001aaefced888]
Event: 7.112 Thread 0x000001aa8870d230 7046       3       java.util.AbstractList::listIterator (6 bytes)
Event: 7.112 Thread 0x000001aa8870d230 nmethod 7046 0x000001aaefced990 code [0x000001aaefcedb40, 0x000001aaefcedd08]
Event: 7.118 Thread 0x000001aace9397f0 7047       4       java.lang.Throwable::<init> (39 bytes)
Event: 7.125 Thread 0x000001aace9397f0 nmethod 7047 0x000001aaf6eac210 code [0x000001aaf6eac3c0, 0x000001aaf6eacbc8]
Event: 7.126 Thread 0x000001aa8870d230 7048       3       java.lang.StringBuilder::append (8 bytes)
Event: 7.126 Thread 0x000001aa8870d230 nmethod 7048 0x000001aaefcedd90 code [0x000001aaefcedf20, 0x000001aaefcee068]
Event: 7.127 Thread 0x000001aa8870d230 7049       3       java.lang.AbstractStringBuilder::append (45 bytes)
Event: 7.128 Thread 0x000001aa8870d230 nmethod 7049 0x000001aaefcee110 code [0x000001aaefcee2e0, 0x000001aaefcee628]
Event: 7.312 Thread 0x000001aa8870d230 7050       1       java.util.concurrent.atomic.AtomicInteger::get (5 bytes)
Event: 7.312 Thread 0x000001aa8870d230 nmethod 7050 0x000001aaf6eacd10 code [0x000001aaf6eacea0, 0x000001aaf6eacf78]
Event: 7.694 Thread 0x000001aa8870cb70 nmethod 6869 0x000001aaf6ead010 code [0x000001aaf6eadb60, 0x000001aaf6ec0168]

GC Heap History (20 events):
Event: 1.275 GC heap before
{Heap before GC invocations=1 (full 0):
 garbage-first heap   total 194560K, used 34689K [0x0000000743600000, 0x0000000800000000)
  region size 2048K, 17 young (34816K), 2 survivors (4096K)
 Metaspace       used 9589K, committed 9792K, reserved 1114112K
  class space    used 1139K, committed 1216K, reserved 1048576K
}
Event: 1.284 GC heap after
{Heap after GC invocations=2 (full 0):
 garbage-first heap   total 194560K, used 5751K [0x0000000743600000, 0x0000000800000000)
  region size 2048K, 1 young (2048K), 1 survivors (2048K)
 Metaspace       used 9589K, committed 9792K, reserved 1114112K
  class space    used 1139K, committed 1216K, reserved 1048576K
}
Event: 3.292 GC heap before
{Heap before GC invocations=2 (full 0):
 garbage-first heap   total 194560K, used 120439K [0x0000000743600000, 0x0000000800000000)
  region size 2048K, 57 young (116736K), 1 survivors (2048K)
 Metaspace       used 17161K, committed 17408K, reserved 1114112K
  class space    used 1985K, committed 2112K, reserved 1048576K
}
Event: 3.306 GC heap after
{Heap after GC invocations=3 (full 0):
 garbage-first heap   total 194560K, used 15592K [0x0000000743600000, 0x0000000800000000)
  region size 2048K, 6 young (12288K), 6 survivors (12288K)
 Metaspace       used 17161K, committed 17408K, reserved 1114112K
  class space    used 1985K, committed 2112K, reserved 1048576K
}
Event: 3.878 GC heap before
{Heap before GC invocations=3 (full 0):
 garbage-first heap   total 194560K, used 56552K [0x0000000743600000, 0x0000000800000000)
  region size 2048K, 25 young (51200K), 6 survivors (12288K)
 Metaspace       used 21274K, committed 21504K, reserved 1114112K
  class space    used 2471K, committed 2560K, reserved 1048576K
}
Event: 3.891 GC heap after
{Heap after GC invocations=4 (full 0):
 garbage-first heap   total 194560K, used 24645K [0x0000000743600000, 0x0000000800000000)
  region size 2048K, 3 young (6144K), 3 survivors (6144K)
 Metaspace       used 21274K, committed 21504K, reserved 1114112K
  class space    used 2471K, committed 2560K, reserved 1048576K
}
Event: 4.707 GC heap before
{Heap before GC invocations=5 (full 0):
 garbage-first heap   total 96256K, used 75845K [0x0000000743600000, 0x0000000800000000)
  region size 2048K, 28 young (57344K), 3 survivors (6144K)
 Metaspace       used 27288K, committed 27648K, reserved 1114112K
  class space    used 3130K, committed 3328K, reserved 1048576K
}
Event: 4.722 GC heap after
{Heap after GC invocations=6 (full 0):
 garbage-first heap   total 98304K, used 37597K [0x0000000743600000, 0x0000000800000000)
  region size 2048K, 4 young (8192K), 4 survivors (8192K)
 Metaspace       used 27288K, committed 27648K, reserved 1114112K
  class space    used 3130K, committed 3328K, reserved 1048576K
}
Event: 4.739 GC heap before
{Heap before GC invocations=6 (full 0):
 garbage-first heap   total 98304K, used 37597K [0x0000000743600000, 0x0000000800000000)
  region size 2048K, 5 young (10240K), 4 survivors (8192K)
 Metaspace       used 27317K, committed 27648K, reserved 1114112K
  class space    used 3143K, committed 3328K, reserved 1048576K
}
Event: 4.746 GC heap after
{Heap after GC invocations=7 (full 0):
 garbage-first heap   total 98304K, used 41013K [0x0000000743600000, 0x0000000800000000)
  region size 2048K, 1 young (2048K), 1 survivors (2048K)
 Metaspace       used 27317K, committed 27648K, reserved 1114112K
  class space    used 3143K, committed 3328K, reserved 1048576K
}
Event: 5.209 GC heap before
{Heap before GC invocations=7 (full 0):
 garbage-first heap   total 98304K, used 67637K [0x0000000743600000, 0x0000000800000000)
  region size 2048K, 15 young (30720K), 1 survivors (2048K)
 Metaspace       used 28829K, committed 29120K, reserved 1114112K
  class space    used 3323K, committed 3456K, reserved 1048576K
}
Event: 5.213 GC heap after
{Heap after GC invocations=8 (full 0):
 garbage-first heap   total 98304K, used 40607K [0x0000000743600000, 0x0000000800000000)
  region size 2048K, 1 young (2048K), 1 survivors (2048K)
 Metaspace       used 28829K, committed 29120K, reserved 1114112K
  class space    used 3323K, committed 3456K, reserved 1048576K
}
Event: 5.606 GC heap before
{Heap before GC invocations=8 (full 0):
 garbage-first heap   total 98304K, used 73375K [0x0000000743600000, 0x0000000800000000)
  region size 2048K, 17 young (34816K), 1 survivors (2048K)
 Metaspace       used 29746K, committed 30016K, reserved 1114112K
  class space    used 3431K, committed 3584K, reserved 1048576K
}
Event: 5.617 GC heap after
{Heap after GC invocations=9 (full 0):
 garbage-first heap   total 98304K, used 52441K [0x0000000743600000, 0x0000000800000000)
  region size 2048K, 3 young (6144K), 3 survivors (6144K)
 Metaspace       used 29746K, committed 30016K, reserved 1114112K
  class space    used 3431K, committed 3584K, reserved 1048576K
}
Event: 5.776 GC heap before
{Heap before GC invocations=9 (full 0):
 garbage-first heap   total 98304K, used 70873K [0x0000000743600000, 0x0000000800000000)
  region size 2048K, 13 young (26624K), 3 survivors (6144K)
 Metaspace       used 29796K, committed 30144K, reserved 1114112K
  class space    used 3432K, committed 3584K, reserved 1048576K
}
Event: 5.784 GC heap after
{Heap after GC invocations=10 (full 0):
 garbage-first heap   total 192512K, used 59747K [0x0000000743600000, 0x0000000800000000)
  region size 2048K, 2 young (4096K), 2 survivors (4096K)
 Metaspace       used 29796K, committed 30144K, reserved 1114112K
  class space    used 3432K, committed 3584K, reserved 1048576K
}
Event: 6.606 GC heap before
{Heap before GC invocations=11 (full 0):
 garbage-first heap   total 192512K, used 121187K [0x0000000743600000, 0x0000000800000000)
  region size 2048K, 32 young (65536K), 2 survivors (4096K)
 Metaspace       used 31261K, committed 31616K, reserved 1114112K
  class space    used 3601K, committed 3776K, reserved 1048576K
}
Event: 6.611 GC heap after
{Heap after GC invocations=12 (full 0):
 garbage-first heap   total 192512K, used 62396K [0x0000000743600000, 0x0000000800000000)
  region size 2048K, 4 young (8192K), 4 survivors (8192K)
 Metaspace       used 31261K, committed 31616K, reserved 1114112K
  class space    used 3601K, committed 3776K, reserved 1048576K
}
Event: 6.625 GC heap before
{Heap before GC invocations=12 (full 0):
 garbage-first heap   total 192512K, used 62396K [0x0000000743600000, 0x0000000800000000)
  region size 2048K, 5 young (10240K), 4 survivors (8192K)
 Metaspace       used 31274K, committed 31616K, reserved 1114112K
  class space    used 3602K, committed 3776K, reserved 1048576K
}
Event: 6.629 GC heap after
{Heap after GC invocations=13 (full 0):
 garbage-first heap   total 192512K, used 56030K [0x0000000743600000, 0x0000000800000000)
  region size 2048K, 1 young (2048K), 1 survivors (2048K)
 Metaspace       used 31274K, committed 31616K, reserved 1114112K
  class space    used 3602K, committed 3776K, reserved 1048576K
}

Dll operation events (12 events):
Event: 0.010 Loaded shared library C:\Users\HALESH\.jdks\corretto-17.0.10\bin\java.dll
Event: 0.050 Loaded shared library C:\Users\HALESH\.jdks\corretto-17.0.10\bin\jsvml.dll
Event: 0.111 Loaded shared library C:\Users\HALESH\.jdks\corretto-17.0.10\bin\zip.dll
Event: 0.114 Loaded shared library C:\Users\HALESH\.jdks\corretto-17.0.10\bin\instrument.dll
Event: 0.120 Loaded shared library C:\Users\HALESH\.jdks\corretto-17.0.10\bin\net.dll
Event: 0.122 Loaded shared library C:\Users\HALESH\.jdks\corretto-17.0.10\bin\nio.dll
Event: 0.125 Loaded shared library C:\Users\HALESH\.jdks\corretto-17.0.10\bin\zip.dll
Event: 0.134 Loaded shared library C:\Program Files\JetBrains\IntelliJ IDEA Community Edition 2024.1.1\bin\breakgen64.dll
Event: 0.143 Loaded shared library C:\Users\HALESH\.jdks\corretto-17.0.10\bin\extnet.dll
Event: 0.236 Loaded shared library C:\Users\HALESH\.jdks\corretto-17.0.10\bin\jimage.dll
Event: 0.340 Loaded shared library C:\Users\HALESH\AppData\Local\Temp\jansi-2.4.0-d3eb1187a8675115-jansi.dll
Event: 0.351 Loaded shared library C:\Users\HALESH\.jdks\corretto-17.0.10\bin\verify.dll

Deoptimization events (20 events):
Event: 7.125 Thread 0x000001aa88809a90 Uncommon trap: trap_request=0xffffff45 fr.pc=0x000001aaf6c2c138 relative=0x0000000000000578
Event: 7.125 Thread 0x000001aa88809a90 Uncommon trap: reason=unstable_if action=reinterpret pc=0x000001aaf6c2c138 method=java.lang.AbstractStringBuilder.putStringAt(ILjava/lang/String;II)V @ 8 c2
Event: 7.125 Thread 0x000001aa88809a90 DEOPT PACKING pc=0x000001aaf6c2c138 sp=0x000000100e8ff400
Event: 7.125 Thread 0x000001aa88809a90 DEOPT UNPACKING pc=0x000001aaf65aa1a3 sp=0x000000100e8ff288 mode 2
Event: 7.126 Thread 0x000001aa88809a90 Uncommon trap: trap_request=0xffffff45 fr.pc=0x000001aaf6c2b4a4 relative=0x0000000000000564
Event: 7.126 Thread 0x000001aa88809a90 Uncommon trap: reason=unstable_if action=reinterpret pc=0x000001aaf6c2b4a4 method=java.lang.AbstractStringBuilder.putStringAt(ILjava/lang/String;II)V @ 8 c2
Event: 7.126 Thread 0x000001aa88809a90 DEOPT PACKING pc=0x000001aaf6c2b4a4 sp=0x000000100e8ff390
Event: 7.126 Thread 0x000001aa88809a90 DEOPT UNPACKING pc=0x000001aaf65aa1a3 sp=0x000000100e8ff280 mode 2
Event: 7.126 Thread 0x000001aa88809a90 Uncommon trap: trap_request=0xffffff45 fr.pc=0x000001aaf6b9e7c4 relative=0x0000000000000424
Event: 7.126 Thread 0x000001aa88809a90 Uncommon trap: reason=unstable_if action=reinterpret pc=0x000001aaf6b9e7c4 method=java.lang.StringBuilder.toString()Ljava/lang/String; @ 4 c2
Event: 7.126 Thread 0x000001aa88809a90 DEOPT PACKING pc=0x000001aaf6b9e7c4 sp=0x000000100e8ff410
Event: 7.126 Thread 0x000001aa88809a90 DEOPT UNPACKING pc=0x000001aaf65aa1a3 sp=0x000000100e8ff3f0 mode 2
Event: 7.126 Thread 0x000001aa88809a90 Uncommon trap: trap_request=0xffffff76 fr.pc=0x000001aaf6c3215c relative=0x0000000000001e7c
Event: 7.126 Thread 0x000001aa88809a90 Uncommon trap: reason=predicate action=maybe_recompile pc=0x000001aaf6c3215c method=java.util.regex.Pattern.compile()V @ 78 c2
Event: 7.126 Thread 0x000001aa88809a90 DEOPT PACKING pc=0x000001aaf6c3215c sp=0x000000100e8ff400
Event: 7.126 Thread 0x000001aa88809a90 DEOPT UNPACKING pc=0x000001aaf65aa1a3 sp=0x000000100e8ff3e0 mode 2
Event: 7.126 Thread 0x000001aa88809a90 Uncommon trap: trap_request=0xffffff45 fr.pc=0x000001aaf6cbb284 relative=0x0000000000000084
Event: 7.126 Thread 0x000001aa88809a90 Uncommon trap: reason=unstable_if action=reinterpret pc=0x000001aaf6cbb284 method=java.lang.String.codePointAt(I)I @ 4 c2
Event: 7.126 Thread 0x000001aa88809a90 DEOPT PACKING pc=0x000001aaf6cbb284 sp=0x000000100e8ff3c0
Event: 7.126 Thread 0x000001aa88809a90 DEOPT UNPACKING pc=0x000001aaf65aa1a3 sp=0x000000100e8ff368 mode 2

Classes unloaded (0 events):
No events

Classes redefined (0 events):
No events

Internal exceptions (20 events):
Event: 6.448 Thread 0x000001aae5d6e980 Exception <a 'sun/nio/fs/WindowsException'{0x000000074bec6fe0}> (0x000000074bec6fe0) 
thrown [s\src\hotspot\share\prims\jni.cpp, line 516]
Event: 6.448 Thread 0x000001aae5d6e980 Exception <a 'sun/nio/fs/WindowsException'{0x000000074bec73f8}> (0x000000074bec73f8) 
thrown [s\src\hotspot\share\prims\jni.cpp, line 516]
Event: 6.449 Thread 0x000001aae5d6e980 Exception <a 'sun/nio/fs/WindowsException'{0x000000074bec8468}> (0x000000074bec8468) 
thrown [s\src\hotspot\share\prims\jni.cpp, line 516]
Event: 6.449 Thread 0x000001aae5d6e980 Exception <a 'sun/nio/fs/WindowsException'{0x000000074bec87e8}> (0x000000074bec87e8) 
thrown [s\src\hotspot\share\prims\jni.cpp, line 516]
Event: 6.453 Thread 0x000001aae5d6e980 Exception <a 'sun/nio/fs/WindowsException'{0x000000074bfa99c8}> (0x000000074bfa99c8) 
thrown [s\src\hotspot\share\prims\jni.cpp, line 516]
Event: 6.455 Thread 0x000001aae5d6e980 Exception <a 'sun/nio/fs/WindowsException'{0x000000074bfc32a0}> (0x000000074bfc32a0) 
thrown [s\src\hotspot\share\prims\jni.cpp, line 516]
Event: 6.458 Thread 0x000001aae5d6e980 Exception <a 'sun/nio/fs/WindowsException'{0x000000074bfdef70}> (0x000000074bfdef70) 
thrown [s\src\hotspot\share\prims\jni.cpp, line 516]
Event: 6.458 Thread 0x000001aae5d6e980 Exception <a 'sun/nio/fs/WindowsException'{0x000000074bfdf730}> (0x000000074bfdf730) 
thrown [s\src\hotspot\share\prims\jni.cpp, line 516]
Event: 6.458 Thread 0x000001aae5d6e980 Exception <a 'sun/nio/fs/WindowsException'{0x000000074bfdfcf0}> (0x000000074bfdfcf0) 
thrown [s\src\hotspot\share\prims\jni.cpp, line 516]
Event: 6.458 Thread 0x000001aae5d6e980 Exception <a 'sun/nio/fs/WindowsException'{0x000000074bfe0468}> (0x000000074bfe0468) 
thrown [s\src\hotspot\share\prims\jni.cpp, line 516]
Event: 6.458 Thread 0x000001aae5d6e980 Exception <a 'sun/nio/fs/WindowsException'{0x000000074bfe07f8}> (0x000000074bfe07f8) 
thrown [s\src\hotspot\share\prims\jni.cpp, line 516]
Event: 6.458 Thread 0x000001aae5d6e980 Exception <a 'sun/nio/fs/WindowsException'{0x000000074bfe14b8}> (0x000000074bfe14b8) 
thrown [s\src\hotspot\share\prims\jni.cpp, line 516]
Event: 6.458 Thread 0x000001aae5d6e980 Exception <a 'sun/nio/fs/WindowsException'{0x000000074bfe17e0}> (0x000000074bfe17e0) 
thrown [s\src\hotspot\share\prims\jni.cpp, line 516]
Event: 6.458 Thread 0x000001aae5d6e980 Exception <a 'sun/nio/fs/WindowsException'{0x000000074bfe2490}> (0x000000074bfe2490) 
thrown [s\src\hotspot\share\prims\jni.cpp, line 516]
Event: 6.825 Thread 0x000001aa88808650 Exception <a 'java/lang/NoSuchMethodError'{0x000000074da3a598}: 'java.lang.Object java.lang.invoke.DirectMethodHandle$Holder.invokeStaticInit(java.lang.Object, java.lang.Object, long, java.lang.Object)'> (0x000000074da3a598) 
thrown [s\src\hotspot\share\interpreter\linkResolver.cpp, line 759]
Event: 6.826 Thread 0x000001aa88808650 Exception <a 'java/lang/NoSuchMethodError'{0x000000074da40cd8}: 'java.lang.Object java.lang.invoke.DirectMethodHandle$Holder.newInvokeSpecial(java.lang.Object, java.lang.Object, long)'> (0x000000074da40cd8) 
thrown [s\src\hotspot\share\interpreter\linkResolver.cpp, line 759]
Event: 6.826 Thread 0x000001aa88808650 Exception <a 'java/lang/NoSuchMethodError'{0x000000074da44848}: 'java.lang.Object java.lang.invoke.Invokers$Holder.linkToTargetMethod(java.lang.Object, long, java.lang.Object)'> (0x000000074da44848) 
thrown [s\src\hotspot\share\interpreter\linkResolver.cpp, line 759]
Event: 6.906 Thread 0x000001aae5d6e980 Exception <a 'java/lang/NoSuchMethodError'{0x000000074d64a888}: 'java.lang.Object java.lang.invoke.DirectMethodHandle$Holder.invokeStaticInit(java.lang.Object, java.lang.Object, int, int, int, int)'> (0x000000074d64a888) 
thrown [s\src\hotspot\share\interpreter\linkResolver.cpp, line 759]
Event: 7.103 Thread 0x000001aae5d6e980 Exception <a 'java/lang/NoSuchMethodError'{0x000000074ccd19b8}: 'void java.lang.invoke.DirectMethodHandle$Holder.invokeStatic(java.lang.Object, long)'> (0x000000074ccd19b8) 
thrown [s\src\hotspot\share\interpreter\linkResolver.cpp, line 759]
Event: 7.104 Thread 0x000001aae5d6e980 Exception <a 'java/lang/NoSuchMethodError'{0x000000074ccd7008}: 'java.lang.Object java.lang.invoke.DirectMethodHandle$Holder.newInvokeSpecial(java.lang.Object, long)'> (0x000000074ccd7008) 
thrown [s\src\hotspot\share\interpreter\linkResolver.cpp, line 759]

VM Operations (20 events):
Event: 6.814 Executing VM operation: HandshakeAllThreads
Event: 6.814 Executing VM operation: HandshakeAllThreads done
Event: 6.818 Executing VM operation: HandshakeAllThreads
Event: 6.818 Executing VM operation: HandshakeAllThreads done
Event: 6.831 Executing VM operation: HandshakeAllThreads
Event: 6.831 Executing VM operation: HandshakeAllThreads done
Event: 7.036 Executing VM operation: HandshakeAllThreads
Event: 7.036 Executing VM operation: HandshakeAllThreads done
Event: 7.044 Executing VM operation: HandshakeAllThreads
Event: 7.044 Executing VM operation: HandshakeAllThreads done
Event: 7.044 Executing VM operation: HandshakeAllThreads
Event: 7.044 Executing VM operation: HandshakeAllThreads done
Event: 7.044 Executing VM operation: HandshakeAllThreads
Event: 7.044 Executing VM operation: HandshakeAllThreads done
Event: 7.105 Executing VM operation: HandshakeAllThreads
Event: 7.105 Executing VM operation: HandshakeAllThreads done
Event: 7.107 Executing VM operation: HandshakeAllThreads
Event: 7.107 Executing VM operation: HandshakeAllThreads done
Event: 7.109 Executing VM operation: HandshakeAllThreads
Event: 7.109 Executing VM operation: HandshakeAllThreads done

Events (20 events):
Event: 7.104 loading class java/lang/ProcessImpl$2
Event: 7.104 loading class java/lang/ProcessImpl$2 done
Event: 7.104 loading class java/lang/Process$PipeInputStream
Event: 7.104 loading class java/lang/Process$PipeInputStream done
Event: 7.105 loading class jdk/internal/event/ProcessStartEvent
Event: 7.105 loading class jdk/internal/event/ProcessStartEvent done
Event: 7.105 loading class java/nio/channels/ClosedChannelException
Event: 7.105 loading class java/nio/channels/ClosedChannelException done
Event: 7.107 loading class java/nio/channels/NonReadableChannelException
Event: 7.107 loading class java/nio/channels/NonReadableChannelException done
Event: 7.109 loading class java/nio/channels/NonWritableChannelException
Event: 7.109 loading class java/nio/channels/NonWritableChannelException done
Event: 7.121 Thread 0x000001aa88809a90 Thread added: 0x000001aa88809a90
Event: 7.121 Thread 0x000001aad1498d30 Thread added: 0x000001aad1498d30
Event: 7.123 loading class java/util/Scanner
Event: 7.124 loading class java/util/Scanner done
Event: 7.125 loading class java/util/Scanner$PatternLRUCache
Event: 7.125 loading class java/util/Scanner$PatternLRUCache done
Event: 7.131 Thread 0x000001aad149d920 Thread added: 0x000001aad149d920
Event: 7.312 Thread 0x000001aace9397f0 Thread exited: 0x000001aace9397f0


Dynamic libraries:
0x00007ff618180000 - 0x00007ff61818e000 	C:\Users\HALESH\.jdks\corretto-17.0.10\bin\java.exe
0x00007ffa9acd0000 - 0x00007ffa9aee6000 	C:\WINDOWS\SYSTEM32\ntdll.dll
0x00007ffa99b90000 - 0x00007ffa99c54000 	C:\WINDOWS\System32\KERNEL32.DLL
0x00007ffa98110000 - 0x00007ffa984b7000 	C:\WINDOWS\System32\KERNELBASE.dll
0x00007ffa94db0000 - 0x00007ffa94e47000 	C:\WINDOWS\SYSTEM32\apphelp.dll
0x00007ffa97ff0000 - 0x00007ffa98101000 	C:\WINDOWS\System32\ucrtbase.dll
0x00007ffa7ea10000 - 0x00007ffa7ea2b000 	C:\Users\HALESH\.jdks\corretto-17.0.10\bin\VCRUNTIME140.dll
0x00007ffa83020000 - 0x00007ffa83037000 	C:\Users\HALESH\.jdks\corretto-17.0.10\bin\jli.dll
0x00007ffa9aae0000 - 0x00007ffa9ac8e000 	C:\WINDOWS\System32\USER32.dll
0x00007ffa98610000 - 0x00007ffa98636000 	C:\WINDOWS\System32\win32u.dll
0x00007ffa994b0000 - 0x00007ffa994d9000 	C:\WINDOWS\System32\GDI32.dll
0x00007ffa984c0000 - 0x00007ffa985d9000 	C:\WINDOWS\System32\gdi32full.dll
0x00007ffa82d60000 - 0x00007ffa82ff3000 	C:\WINDOWS\WinSxS\amd64_microsoft.windows.common-controls_6595b64144ccf1df_6.0.22621.3235_none_270f74e173860f98\COMCTL32.dll
0x00007ffa987f0000 - 0x00007ffa9888a000 	C:\WINDOWS\System32\msvcp_win.dll
0x00007ffa9a760000 - 0x00007ffa9a807000 	C:\WINDOWS\System32\msvcrt.dll
0x00007ffa98a00000 - 0x00007ffa98a31000 	C:\WINDOWS\System32\IMM32.DLL
0x00007ffa87190000 - 0x00007ffa8719c000 	C:\Users\HALESH\.jdks\corretto-17.0.10\bin\vcruntime140_1.dll
0x00007ffa574d0000 - 0x00007ffa5755d000 	C:\Users\HALESH\.jdks\corretto-17.0.10\bin\msvcp140.dll
0x00007ff9e1bb0000 - 0x00007ff9e2812000 	C:\Users\HALESH\.jdks\corretto-17.0.10\bin\server\jvm.dll
0x00007ffa994e0000 - 0x00007ffa99592000 	C:\WINDOWS\System32\ADVAPI32.dll
0x00007ffa9a810000 - 0x00007ffa9a8b8000 	C:\WINDOWS\System32\sechost.dll
0x00007ffa985e0000 - 0x00007ffa98608000 	C:\WINDOWS\System32\bcrypt.dll
0x00007ffa9a8c0000 - 0x00007ffa9a9d5000 	C:\WINDOWS\System32\RPCRT4.dll
0x00007ffa8a8e0000 - 0x00007ffa8a914000 	C:\WINDOWS\SYSTEM32\WINMM.dll
0x00007ffa97070000 - 0x00007ffa970bd000 	C:\WINDOWS\SYSTEM32\POWRPROF.dll
0x00007ffa89750000 - 0x00007ffa8975a000 	C:\WINDOWS\SYSTEM32\VERSION.dll
0x00007ffa88b20000 - 0x00007ffa88b29000 	C:\WINDOWS\SYSTEM32\WSOCK32.dll
0x00007ffa98a40000 - 0x00007ffa98ab1000 	C:\WINDOWS\System32\WS2_32.dll
0x00007ffa97010000 - 0x00007ffa97023000 	C:\WINDOWS\SYSTEM32\UMPDC.dll
0x00007ffa97120000 - 0x00007ffa97138000 	C:\WINDOWS\SYSTEM32\kernel.appcore.dll
0x00007ffa83490000 - 0x00007ffa8349a000 	C:\Users\HALESH\.jdks\corretto-17.0.10\bin\jimage.dll
0x00007ffa95920000 - 0x00007ffa95b53000 	C:\WINDOWS\SYSTEM32\DBGHELP.DLL
0x00007ffa997e0000 - 0x00007ffa99b68000 	C:\WINDOWS\System32\combase.dll
0x00007ffa9a680000 - 0x00007ffa9a757000 	C:\WINDOWS\System32\OLEAUT32.dll
0x00007ffa7acb0000 - 0x00007ffa7ace2000 	C:\WINDOWS\SYSTEM32\dbgcore.DLL
0x00007ffa98770000 - 0x00007ffa987e9000 	C:\WINDOWS\System32\bcryptPrimitives.dll
0x00007ffa89b00000 - 0x00007ffa89b0e000 	C:\Users\HALESH\.jdks\corretto-17.0.10\bin\instrument.dll
0x00007ffa6d3c0000 - 0x00007ffa6d3e5000 	C:\Users\HALESH\.jdks\corretto-17.0.10\bin\java.dll
0x00007ffa32d50000 - 0x00007ffa32e27000 	C:\Users\HALESH\.jdks\corretto-17.0.10\bin\jsvml.dll
0x00007ffa99e00000 - 0x00007ffa9a65c000 	C:\WINDOWS\System32\SHELL32.dll
0x00007ffa95f50000 - 0x00007ffa96849000 	C:\WINDOWS\SYSTEM32\windows.storage.dll
0x00007ffa95e10000 - 0x00007ffa95f4e000 	C:\WINDOWS\SYSTEM32\wintypes.dll
0x00007ffa9a9e0000 - 0x00007ffa9aad3000 	C:\WINDOWS\System32\SHCORE.dll
0x00007ffa995b0000 - 0x00007ffa9960e000 	C:\WINDOWS\System32\shlwapi.dll
0x00007ffa97f20000 - 0x00007ffa97f41000 	C:\WINDOWS\SYSTEM32\profapi.dll
0x00007ffa6d450000 - 0x00007ffa6d468000 	C:\Users\HALESH\.jdks\corretto-17.0.10\bin\zip.dll
0x00007ffa73750000 - 0x00007ffa73769000 	C:\Users\HALESH\.jdks\corretto-17.0.10\bin\net.dll
0x00007ffa8e2e0000 - 0x00007ffa8e416000 	C:\WINDOWS\SYSTEM32\WINHTTP.dll
0x00007ffa97590000 - 0x00007ffa975f9000 	C:\WINDOWS\system32\mswsock.dll
0x00007ffa6d760000 - 0x00007ffa6d776000 	C:\Users\HALESH\.jdks\corretto-17.0.10\bin\nio.dll
0x00007ffa802e0000 - 0x00007ffa802fa000 	C:\Program Files\JetBrains\IntelliJ IDEA Community Edition 2024.1.1\bin\breakgen64.dll
0x00007ffa76b50000 - 0x00007ffa76b59000 	C:\Users\HALESH\.jdks\corretto-17.0.10\bin\extnet.dll
0x0000000069ac0000 - 0x0000000069ae4000 	C:\Users\HALESH\AppData\Local\Temp\jansi-2.4.0-d3eb1187a8675115-jansi.dll
0x00007ffa70ad0000 - 0x00007ffa70ae0000 	C:\Users\HALESH\.jdks\corretto-17.0.10\bin\verify.dll
0x00007ffa97140000 - 0x00007ffa97174000 	C:\WINDOWS\SYSTEM32\ntmarta.dll
0x00007ffa977f0000 - 0x00007ffa9780b000 	C:\WINDOWS\SYSTEM32\CRYPTSP.dll
0x00007ffa97030000 - 0x00007ffa97065000 	C:\WINDOWS\system32\rsaenh.dll
0x00007ffa97690000 - 0x00007ffa976b8000 	C:\WINDOWS\SYSTEM32\USERENV.dll
0x00007ffa97810000 - 0x00007ffa9781c000 	C:\WINDOWS\SYSTEM32\CRYPTBASE.dll
0x00007ffa96ab0000 - 0x00007ffa96add000 	C:\WINDOWS\SYSTEM32\IPHLPAPI.DLL
0x00007ffa99610000 - 0x00007ffa99619000 	C:\WINDOWS\System32\NSI.dll
0x00007ffa8e560000 - 0x00007ffa8e579000 	C:\WINDOWS\SYSTEM32\dhcpcsvc6.DLL
0x00007ffa8e2c0000 - 0x00007ffa8e2df000 	C:\WINDOWS\SYSTEM32\dhcpcsvc.DLL
0x00007ffa96b20000 - 0x00007ffa96c19000 	C:\WINDOWS\SYSTEM32\DNSAPI.dll

dbghelp: loaded successfully - version: 4.0.5 - missing functions: none
symbol engine: initialized successfully - sym options: 0x614 - pdb path: .;C:\Users\HALESH\.jdks\corretto-17.0.10\bin;C:\WINDOWS\SYSTEM32;C:\WINDOWS\WinSxS\amd64_microsoft.windows.common-controls_6595b64144ccf1df_6.0.22621.3235_none_270f74e173860f98;C:\Users\HALESH\.jdks\corretto-17.0.10\bin\server;C:\Program Files\JetBrains\IntelliJ IDEA Community Edition 2024.1.1\bin;C:\Users\HALESH\AppData\Local\Temp

VM Arguments:
jvm_args: -Dmaven.multiModuleProjectDirectory=D:\SpringBootProjects\productInformation\productInformation -Djansi.passthrough=true -Dmaven.home=C:\Users\HALESH\.m2\wrapper\dists\apache-maven-3.9.6-bin\439sdfsg2nbdob9ciift5h5nse\apache-maven-3.9.6 -Dclassworlds.conf=C:\Users\HALESH\.m2\wrapper\dists\apache-maven-3.9.6-bin\439sdfsg2nbdob9ciift5h5nse\apache-maven-3.9.6\bin\m2.conf -Dmaven.ext.class.path=C:\Program Files\JetBrains\IntelliJ IDEA Community Edition 2024.1.1\plugins\maven\lib\maven-event-listener.jar -javaagent:C:\Program Files\JetBrains\IntelliJ IDEA Community Edition 2024.1.1\lib\idea_rt.jar=58028:C:\Program Files\JetBrains\IntelliJ IDEA Community Edition 2024.1.1\bin -Dfile.encoding=UTF-8 
java_command: org.codehaus.classworlds.Launcher -Didea.version=2024.1.1 clean install
java_class_path (initial): C:\Users\HALESH\.m2\wrapper\dists\apache-maven-3.9.6-bin\439sdfsg2nbdob9ciift5h5nse\apache-maven-3.9.6\boot\plexus-classworlds-2.7.0.jar;C:\Users\HALESH\.m2\wrapper\dists\apache-maven-3.9.6-bin\439sdfsg2nbdob9ciift5h5nse\apache-maven-3.9.6\boot\plexus-classworlds.license
Launcher Type: SUN_STANDARD

[Global flags]
     intx CICompilerCount                          = 4                                         {product} {ergonomic}
     uint ConcGCThreads                            = 2                                         {product} {ergonomic}
     uint G1ConcRefinementThreads                  = 8                                         {product} {ergonomic}
   size_t G1HeapRegionSize                         = 2097152                                   {product} {ergonomic}
    uintx GCDrainStackTargetSize                   = 64                                        {product} {ergonomic}
   size_t InitialHeapSize                          = 199229440                                 {product} {ergonomic}
   size_t MarkStackSize                            = 4194304                                   {product} {ergonomic}
   size_t MaxHeapSize                              = 3164602368                                {product} {ergonomic}
   size_t MaxNewSize                               = 1897922560                                {product} {ergonomic}
   size_t MinHeapDeltaBytes                        = 2097152                                   {product} {ergonomic}
   size_t MinHeapSize                              = 8388608                                   {product} {ergonomic}
    uintx NonNMethodCodeHeapSize                   = 5839372                                {pd product} {ergonomic}
    uintx NonProfiledCodeHeapSize                  = 122909434                              {pd product} {ergonomic}
    uintx ProfiledCodeHeapSize                     = 122909434                              {pd product} {ergonomic}
    uintx ReservedCodeCacheSize                    = 251658240                              {pd product} {ergonomic}
     bool SegmentedCodeCache                       = true                                      {product} {ergonomic}
   size_t SoftMaxHeapSize                          = 3164602368                             {manageable} {ergonomic}
     bool UseCompressedClassPointers               = true                           {product lp64_product} {ergonomic}
     bool UseCompressedOops                        = true                           {product lp64_product} {ergonomic}
     bool UseG1GC                                  = true                                      {product} {ergonomic}
     bool UseLargePagesIndividualAllocation        = false                                  {pd product} {ergonomic}

Logging:
Log output configuration:
 #0: stdout all=warning uptime,level,tags
 #1: stderr all=off uptime,level,tags

Environment Variables:
PATH=C:\Program Files\Google\Chrome\Application;C:\Program Files\Common Files\Oracle\Java\javapath;C:\MinGW\bin;C:\Program Files\nodejs\;D:\MAVEN\apache-maven-3.9.6-bin\apache-maven-3.9.6\bin;C:\Program Files\Git\cmd;C:\Program Files\MongoDB\Server\7.0\bin;C:\Program Files\MongoDB\mongosh-2.2.4-win32-x64\bin;C:\Users\HALESH\AppData\Local\Programs\Python\Python312\Scripts\;C:\Users\HALESH\AppData\Local\Programs\Python\Python312\;C:\Program Files\MySQL\MySQL Shell 8.0\bin\;C:\Users\HALESH\AppData\Local\Microsoft\WindowsApps;C:\Users\HALESH\Desktop\vs code programs\Microsoft VS Code\bin;;C:\Program Files\JetBrains\IntelliJ IDEA Educational Edition 2022.2.2\bin;;C:\Users\HALESH\.dotnet\tools;C:\Users\HALESH\AppData\Roaming\npm;C:\Program Files\JetBrains\IntelliJ IDEA 2023.3.6\bin;
USERNAME=HALESH
OS=Windows_NT
PROCESSOR_IDENTIFIER=Intel64 Family 6 Model 140 Stepping 1, GenuineIntel
TMP=C:\Users\HALESH\AppData\Local\Temp
TEMP=C:\Users\HALESH\AppData\Local\Temp



Periodic native trim disabled


---------------  S Y S T E M  ---------------

OS:
 Windows 11 , 64 bit Build 22621 (10.0.22621.3374)
OS uptime: 15 days 18:29 hours

CPU: total 8 (initial active 8) (4 cores per cpu, 2 threads per core) family 6 model 140 stepping 1 microcode 0x8a, cx8, cmov, fxsr, ht, mmx, 3dnowpref, sse, sse2, sse3, ssse3, sse4.1, sse4.2, popcnt, lzcnt, tsc, tscinvbit, avx, avx2, aes, erms, clmul, bmi1, bmi2, adx, avx512f, avx512dq, avx512cd, avx512bw, avx512vl, sha, fma, vzeroupper, avx512_vpopcntdq, avx512_vpclmulqdq, avx512_vaes, avx512_vnni, clflush, clflushopt, clwb, avx512_vbmi2, avx512_vbmi
Processor Information for processor 0
  Max Mhz: 2419, Current Mhz: 2419, Mhz Limit: 2419
Processor Information for processor 1
  Max Mhz: 2419, Current Mhz: 2419, Mhz Limit: 2419
Processor Information for processor 2
  Max Mhz: 2419, Current Mhz: 1209, Mhz Limit: 2419
Processor Information for processor 3
  Max Mhz: 2419, Current Mhz: 1209, Mhz Limit: 2419
Processor Information for processor 4
  Max Mhz: 2419, Current Mhz: 2419, Mhz Limit: 2419
Processor Information for processor 5
  Max Mhz: 2419, Current Mhz: 2419, Mhz Limit: 2419
Processor Information for processor 6
  Max Mhz: 2419, Current Mhz: 2419, Mhz Limit: 2419
Processor Information for processor 7
  Max Mhz: 2419, Current Mhz: 2419, Mhz Limit: 2419

Memory: 4k page, system-wide physical 12067M (1406M free)
TotalPageFile size 25919M (AvailPageFile size 7M)
current process WorkingSet (physical memory assigned to process): 362M, peak: 375M
current process commit charge ("private bytes"): 436M, peak: 446M

vm_info: OpenJDK 64-Bit Server VM (17.0.10+7-LTS) for windows-amd64 JRE (17.0.10+7-LTS), built on Jan 10 2024 22:11:07 by "Administrator" with MS VC++ 16.10 / 16.11 (VS2019)

END.
